#
# There is insufficient memory for the Java Runtime Environment to continue.
# Native memory allocation (malloc) failed to allocate 1055536 bytes for Chunk::new
# Possible reasons:
#   The system is out of physical RAM or swap space
#   In 32 bit mode, the process size limit was hit
# Possible solutions:
#   Reduce memory load on the system
#   Increase physical memory or swap space
#   Check if swap backing store is full
#   Use 64 bit Java on a 64 bit OS
#   Decrease Java heap size (-Xmx/-Xms)
#   Decrease number of Java threads
#   Decrease Java thread stack sizes (-Xss)
#   Set larger code cache with -XX:ReservedCodeCacheSize=
# This output file may be truncated or incomplete.
#
#  Out of Memory Error (allocation.cpp:390), pid=29936, tid=0x000000000000cd94
#
# JRE version: Java(TM) SE Runtime Environment (8.0_191-b12) (build 1.8.0_191-b12)
# Java VM: Java HotSpot(TM) 64-Bit Server VM (25.191-b12 mixed mode windows-amd64 compressed oops)
# Failed to write core dump. Minidumps are not enabled by default on client versions of Windows
#

---------------  T H R E A D  ---------------

Current thread (0x0000000019eae800):  JavaThread "C2 CompilerThread1" daemon [_thread_in_native, id=52628, stack(0x000000001a880000,0x000000001a980000)]

Stack: [0x000000001a880000,0x000000001a980000]
[error occurred during error reporting (printing stack bounds), id 0xc0000005]

Native frames: (J=compiled Java code, j=interpreted, Vv=VM code, C=native code)


Current CompileTask:
C2:  44701 5502   !   4       java.net.URL::<init> (543 bytes)


---------------  P R O C E S S  ---------------

Java Threads: ( => current thread )
  0x000000001b5a7000 JavaThread "Prism Font Disposer" daemon [_thread_blocked, id=55744, stack(0x00000000257b0000,0x00000000258b0000)]
  0x000000001b0ae000 JavaThread "Thread-3" daemon [_thread_in_native, id=5588, stack(0x0000000022780000,0x0000000022880000)]
  0x000000001b09b000 JavaThread "JavaFX-Launcher" [_thread_blocked, id=12252, stack(0x0000000022880000,0x0000000022980000)]
  0x000000001b01d000 JavaThread "JavaFX Application Thread" [_thread_in_Java, id=47060, stack(0x000000001beb0000,0x000000001bfb0000)]
  0x000000001b006000 JavaThread "Thread-1" daemon [_thread_blocked, id=51156, stack(0x000000001bdb0000,0x000000001beb0000)]
  0x000000001b002800 JavaThread "QuantumRenderer-0" daemon [_thread_blocked, id=53488, stack(0x000000001b800000,0x000000001b900000)]
  0x0000000019f3b800 JavaThread "Service Thread" daemon [_thread_blocked, id=47356, stack(0x000000001ab80000,0x000000001ac80000)]
  0x0000000019ece000 JavaThread "C1 CompilerThread3" daemon [_thread_blocked, id=49776, stack(0x000000001aa80000,0x000000001ab80000)]
  0x0000000019eb2800 JavaThread "C2 CompilerThread2" daemon [_thread_in_native, id=51596, stack(0x000000001a980000,0x000000001aa80000)]
=>0x0000000019eae800 JavaThread "C2 CompilerThread1" daemon [_thread_in_native, id=52628, stack(0x000000001a880000,0x000000001a980000)]
  0x0000000019ea3000 JavaThread "C2 CompilerThread0" daemon [_thread_in_native, id=54204, stack(0x000000001a780000,0x000000001a880000)]
  0x0000000019ea2000 JavaThread "Attach Listener" daemon [_thread_blocked, id=37240, stack(0x000000001a680000,0x000000001a780000)]
  0x0000000019ea1800 JavaThread "Signal Dispatcher" daemon [_thread_blocked, id=32948, stack(0x000000001a580000,0x000000001a680000)]
  0x0000000019e91000 JavaThread "Finalizer" daemon [_thread_blocked, id=27552, stack(0x000000001a370000,0x000000001a470000)]
  0x0000000019e90800 JavaThread "Reference Handler" daemon [_thread_blocked, id=53264, stack(0x000000001a270000,0x000000001a370000)]
  0x0000000002e8e800 JavaThread "main" [_thread_blocked, id=48832, stack(0x0000000002f00000,0x0000000003000000)]

Other Threads:
  0x00000000180a8000 VMThread [stack: 0x0000000019d70000,0x0000000019e70000] [id=45932]
  0x0000000019f4e000 WatcherThread [stack: 0x000000001ac80000,0x000000001ad80000] [id=42836]

VM state:not at safepoint (normal execution)

VM Mutex/Monitor currently owned by a thread: None

Heap:
 PSYoungGen      total 86528K, used 42192K [0x00000000d5f00000, 0x00000000dbb00000, 0x0000000100000000)
  eden space 81408K, 51% used [0x00000000d5f00000,0x00000000d88340b8,0x00000000dae80000)
  from space 5120K, 0% used [0x00000000db600000,0x00000000db600000,0x00000000dbb00000)
  to   space 5120K, 0% used [0x00000000db100000,0x00000000db100000,0x00000000db600000)
 ParOldGen       total 172544K, used 50471K [0x0000000081c00000, 0x000000008c480000, 0x00000000d5f00000)
  object space 172544K, 29% used [0x0000000081c00000,0x0000000084d49ca8,0x000000008c480000)
 Metaspace       used 28730K, capacity 30190K, committed 30208K, reserved 1075200K
  class space    used 3780K, capacity 4082K, committed 4096K, reserved 1048576K

Card table byte_map: [0x00000000124c0000,0x00000000128c0000] byte_map_base: 0x00000000120b2000

Marking Bits: (ParMarkBitMap*) 0x00000000654a3e30
 Begin Bits: [0x0000000013370000, 0x0000000015300000)
 End Bits:   [0x0000000015300000, 0x0000000017290000)

Polling page: 0x0000000002e70000

CodeCache: size=245760Kb used=16761Kb max_used=17095Kb free=228998Kb
 bounds [0x0000000003100000, 0x00000000041f0000, 0x0000000012100000]
 total_blobs=5695 nmethods=4906 adapters=700
 compilation: enabled

Compilation events (10 events):
Event: 44.650 Thread 0x0000000019ece000 5521       3       com.sun.javafx.scene.EventHandlerProperties$EventHandlerProperty::invalidated (22 bytes)
Event: 44.651 Thread 0x0000000019ece000 nmethod 5521 0x0000000003938190 code [0x0000000003938320, 0x0000000003938878]
Event: 44.651 Thread 0x0000000019ece000 5522       3       java.util.HashMap::putMapEntries (154 bytes)
Event: 44.652 Thread 0x0000000019ece000 nmethod 5522 0x00000000037ed790 code [0x00000000037eda00, 0x00000000037ee768]
Event: 44.652 Thread 0x0000000019ece000 5523       3       java.util.regex.Pattern::group0 (994 bytes)
Event: 44.658 Thread 0x0000000019ece000 nmethod 5523 0x000000000392be50 code [0x000000000392c600, 0x0000000003931128]
Event: 44.658 Thread 0x0000000019ece000 5524   !   3       sun.net.www.protocol.jar.Handler::parseAbsoluteSpec (93 bytes)
Event: 44.659 Thread 0x0000000019ece000 nmethod 5524 0x00000000037a76d0 code [0x00000000037a7980, 0x00000000037a8ab8]
Event: 44.659 Thread 0x0000000019ece000 5525       3       java.util.Vector::<init> (7 bytes)
Event: 44.659 Thread 0x0000000019ece000 nmethod 5525 0x00000000034c9690 code [0x00000000034c9800, 0x00000000034c9988]

GC Heap History (10 events):
Event: 2.243 GC heap before
{Heap before GC invocations=2 (full 0):
 PSYoungGen      total 38400K, used 23098K [0x00000000d5f00000, 0x00000000daa00000, 0x0000000100000000)
  eden space 33280K, 54% used [0x00000000d5f00000,0x00000000d7094078,0x00000000d7f80000)
  from space 5120K, 99% used [0x00000000d7f80000,0x00000000d847ab40,0x00000000d8480000)
  to   space 5120K, 0% used [0x00000000da500000,0x00000000da500000,0x00000000daa00000)
 ParOldGen       total 87552K, used 1849K [0x0000000081c00000, 0x0000000087180000, 0x00000000d5f00000)
  object space 87552K, 2% used [0x0000000081c00000,0x0000000081dce7d8,0x0000000087180000)
 Metaspace       used 20663K, capacity 21256K, committed 21296K, reserved 1067008K
  class space    used 2731K, capacity 2935K, committed 2944K, reserved 1048576K
Event: 2.251 GC heap after
Heap after GC invocations=2 (full 0):
 PSYoungGen      total 71680K, used 5099K [0x00000000d5f00000, 0x00000000daa00000, 0x0000000100000000)
  eden space 66560K, 0% used [0x00000000d5f00000,0x00000000d5f00000,0x00000000da000000)
  from space 5120K, 99% used [0x00000000da500000,0x00000000da9faed8,0x00000000daa00000)
  to   space 5120K, 0% used [0x00000000da000000,0x00000000da000000,0x00000000da500000)
 ParOldGen       total 87552K, used 6216K [0x0000000081c00000, 0x0000000087180000, 0x00000000d5f00000)
  object space 87552K, 7% used [0x0000000081c00000,0x0000000082212168,0x0000000087180000)
 Metaspace       used 20663K, capacity 21256K, committed 21296K, reserved 1067008K
  class space    used 2731K, capacity 2935K, committed 2944K, reserved 1048576K
}
Event: 2.251 GC heap before
{Heap before GC invocations=3 (full 1):
 PSYoungGen      total 71680K, used 5099K [0x00000000d5f00000, 0x00000000daa00000, 0x0000000100000000)
  eden space 66560K, 0% used [0x00000000d5f00000,0x00000000d5f00000,0x00000000da000000)
  from space 5120K, 99% used [0x00000000da500000,0x00000000da9faed8,0x00000000daa00000)
  to   space 5120K, 0% used [0x00000000da000000,0x00000000da000000,0x00000000da500000)
 ParOldGen       total 87552K, used 6216K [0x0000000081c00000, 0x0000000087180000, 0x00000000d5f00000)
  object space 87552K, 7% used [0x0000000081c00000,0x0000000082212168,0x0000000087180000)
 Metaspace       used 20663K, capacity 21256K, committed 21296K, reserved 1067008K
  class space    used 2731K, capacity 2935K, committed 2944K, reserved 1048576K
Event: 2.298 GC heap after
Heap after GC invocations=3 (full 1):
 PSYoungGen      total 71680K, used 0K [0x00000000d5f00000, 0x00000000daa00000, 0x0000000100000000)
  eden space 66560K, 0% used [0x00000000d5f00000,0x00000000d5f00000,0x00000000da000000)
  from space 5120K, 0% used [0x00000000da500000,0x00000000da500000,0x00000000daa00000)
  to   space 5120K, 0% used [0x00000000da000000,0x00000000da000000,0x00000000da500000)
 ParOldGen       total 70144K, used 9434K [0x0000000081c00000, 0x0000000086080000, 0x00000000d5f00000)
  object space 70144K, 13% used [0x0000000081c00000,0x0000000082536bb8,0x0000000086080000)
 Metaspace       used 20663K, capacity 21256K, committed 21296K, reserved 1067008K
  class space    used 2731K, capacity 2935K, committed 2944K, reserved 1048576K
}
Event: 33.354 GC heap before
{Heap before GC invocations=4 (full 1):
 PSYoungGen      total 71680K, used 66527K [0x00000000d5f00000, 0x00000000daa00000, 0x0000000100000000)
  eden space 66560K, 99% used [0x00000000d5f00000,0x00000000d9ff7f48,0x00000000da000000)
  from space 5120K, 0% used [0x00000000da500000,0x00000000da500000,0x00000000daa00000)
  to   space 5120K, 0% used [0x00000000da000000,0x00000000da000000,0x00000000da500000)
 ParOldGen       total 70144K, used 9434K [0x0000000081c00000, 0x0000000086080000, 0x00000000d5f00000)
  object space 70144K, 13% used [0x0000000081c00000,0x0000000082536bb8,0x0000000086080000)
 Metaspace       used 26834K, capacity 28198K, committed 28544K, reserved 1073152K
  class space    used 3575K, capacity 3854K, committed 3968K, reserved 1048576K
Event: 33.365 GC heap after
Heap after GC invocations=4 (full 1):
 PSYoungGen      total 71680K, used 5107K [0x00000000d5f00000, 0x00000000dbb00000, 0x0000000100000000)
  eden space 66560K, 0% used [0x00000000d5f00000,0x00000000d5f00000,0x00000000da000000)
  from space 5120K, 99% used [0x00000000da000000,0x00000000da4fcc28,0x00000000da500000)
  to   space 5120K, 0% used [0x00000000db600000,0x00000000db600000,0x00000000dbb00000)
 ParOldGen       total 70144K, used 17219K [0x0000000081c00000, 0x0000000086080000, 0x00000000d5f00000)
  object space 70144K, 24% used [0x0000000081c00000,0x0000000082cd0ef8,0x0000000086080000)
 Metaspace       used 26834K, capacity 28198K, committed 28544K, reserved 1073152K
  class space    used 3575K, capacity 3854K, committed 3968K, reserved 1048576K
}
Event: 44.186 GC heap before
{Heap before GC invocations=5 (full 1):
 PSYoungGen      total 71680K, used 71667K [0x00000000d5f00000, 0x00000000dbb00000, 0x0000000100000000)
  eden space 66560K, 100% used [0x00000000d5f00000,0x00000000da000000,0x00000000da000000)
  from space 5120K, 99% used [0x00000000da000000,0x00000000da4fcc28,0x00000000da500000)
  to   space 5120K, 0% used [0x00000000db600000,0x00000000db600000,0x00000000dbb00000)
 ParOldGen       total 70144K, used 17219K [0x0000000081c00000, 0x0000000086080000, 0x00000000d5f00000)
  object space 70144K, 24% used [0x0000000081c00000,0x0000000082cd0ef8,0x0000000086080000)
 Metaspace       used 28701K, capacity 30184K, committed 30208K, reserved 1075200K
  class space    used 3779K, capacity 4081K, committed 4096K, reserved 1048576K
Event: 44.202 GC heap after
Heap after GC invocations=5 (full 1):
 PSYoungGen      total 86528K, used 5114K [0x00000000d5f00000, 0x00000000dbb00000, 0x0000000100000000)
  eden space 81408K, 0% used [0x00000000d5f00000,0x00000000d5f00000,0x00000000dae80000)
  from space 5120K, 99% used [0x00000000db600000,0x00000000dbafe840,0x00000000dbb00000)
  to   space 5120K, 0% used [0x00000000db100000,0x00000000db100000,0x00000000db600000)
 ParOldGen       total 70144K, used 47535K [0x0000000081c00000, 0x0000000086080000, 0x00000000d5f00000)
  object space 70144K, 67% used [0x0000000081c00000,0x0000000084a6be08,0x0000000086080000)
 Metaspace       used 28701K, capacity 30184K, committed 30208K, reserved 1075200K
  class space    used 3779K, capacity 4081K, committed 4096K, reserved 1048576K
}
Event: 44.202 GC heap before
{Heap before GC invocations=6 (full 2):
 PSYoungGen      total 86528K, used 5114K [0x00000000d5f00000, 0x00000000dbb00000, 0x0000000100000000)
  eden space 81408K, 0% used [0x00000000d5f00000,0x00000000d5f00000,0x00000000dae80000)
  from space 5120K, 99% used [0x00000000db600000,0x00000000dbafe840,0x00000000dbb00000)
  to   space 5120K, 0% used [0x00000000db100000,0x00000000db100000,0x00000000db600000)
 ParOldGen       total 70144K, used 47535K [0x0000000081c00000, 0x0000000086080000, 0x00000000d5f00000)
  object space 70144K, 67% used [0x0000000081c00000,0x0000000084a6be08,0x0000000086080000)
 Metaspace       used 28701K, capacity 30184K, committed 30208K, reserved 1075200K
  class space    used 3779K, capacity 4081K, committed 4096K, reserved 1048576K
Event: 44.362 GC heap after
Heap after GC invocations=6 (full 2):
 PSYoungGen      total 86528K, used 0K [0x00000000d5f00000, 0x00000000dbb00000, 0x0000000100000000)
  eden space 81408K, 0% used [0x00000000d5f00000,0x00000000d5f00000,0x00000000dae80000)
  from space 5120K, 0% used [0x00000000db600000,0x00000000db600000,0x00000000dbb00000)
  to   space 5120K, 0% used [0x00000000db100000,0x00000000db100000,0x00000000db600000)
 ParOldGen       total 172544K, used 50471K [0x0000000081c00000, 0x000000008c480000, 0x00000000d5f00000)
  object space 172544K, 29% used [0x0000000081c00000,0x0000000084d49ca8,0x000000008c480000)
 Metaspace       used 28701K, capacity 30184K, committed 30208K, reserved 1075200K
  class space    used 3779K, capacity 4081K, committed 4096K, reserved 1048576K
}

Deoptimization events (10 events):
Event: 41.866 Thread 0x000000001b01d000 Uncommon trap: reason=unstable_if action=reinterpret pc=0x00000000036b0100 method=javafx.scene.CssStyleHelper.resetToInitialValues(Ljavafx/css/Styleable;)V @ 123
Event: 43.451 Thread 0x000000001b002800 Uncommon trap: reason=unstable_if action=reinterpret pc=0x0000000004167314 method=com.sun.scenario.effect.impl.ImagePool.checkOut(Lcom/sun/scenario/effect/impl/Renderer;II)Lcom/sun/scenario/effect/impl/PoolFilterable; @ 201
Event: 43.750 Thread 0x000000001b01d000 Uncommon trap: reason=speculate_class_check action=maybe_recompile pc=0x000000000414a7b0 method=java.util.HashMap.removeNode(ILjava/lang/Object;Ljava/lang/Object;ZZ)Ljava/util/HashMap$Node; @ 283
Event: 43.750 Thread 0x000000001b01d000 Uncommon trap: reason=speculate_class_check action=maybe_recompile pc=0x000000000414a7b0 method=java.util.HashMap.removeNode(ILjava/lang/Object;Ljava/lang/Object;ZZ)Ljava/util/HashMap$Node; @ 283
Event: 43.754 Thread 0x000000001b01d000 Uncommon trap: reason=unstable_if action=reinterpret pc=0x000000000373e394 method=java.io.ByteArrayInputStream.read()I @ 8
Event: 43.754 Thread 0x000000001b01d000 Uncommon trap: reason=class_check action=maybe_recompile pc=0x000000000378c4b0 method=java.io.FilterInputStream.read()I @ 4
Event: 43.754 Thread 0x000000001b01d000 Uncommon trap: reason=class_check action=maybe_recompile pc=0x000000000378c4b0 method=java.io.FilterInputStream.read()I @ 4
Event: 43.754 Thread 0x000000001b01d000 Uncommon trap: reason=class_check action=maybe_recompile pc=0x000000000378c4b0 method=java.io.FilterInputStream.read()I @ 4
Event: 43.754 Thread 0x000000001b01d000 Uncommon trap: reason=class_check action=maybe_recompile pc=0x000000000378c4b0 method=java.io.FilterInputStream.read()I @ 4
Event: 43.799 Thread 0x000000001b01d000 Uncommon trap: reason=class_check action=maybe_recompile pc=0x0000000003fec18c method=java.util.HashMap.removeNode(ILjava/lang/Object;Ljava/lang/Object;ZZ)Ljava/util/HashMap$Node; @ 283

Classes redefined (0 events):
No events

Internal exceptions (10 events):
Event: 1.746 Thread 0x000000001b01d000 Exception <a 'java/io/FileNotFoundException'> (0x00000000d64b8d58) thrown at [C:\re\workspace\8-2-build-windows-amd64-cygwin\jdk8u191\11896\hotspot\src\share\vm\prims\jni.cpp, line 709]
Event: 2.104 Thread 0x000000001b01d000 Implicit null exception at 0x0000000003477db5 to 0x0000000003477fc5
Event: 2.104 Thread 0x000000001b01d000 Implicit null exception at 0x0000000003465058 to 0x00000000034650e6
Event: 2.110 Thread 0x000000001b01d000 Implicit null exception at 0x000000000343e3ef to 0x000000000343e459
Event: 2.816 Thread 0x000000001b01d000 Implicit null exception at 0x000000000369bbb1 to 0x000000000369c0d9
Event: 2.864 Thread 0x000000001b01d000 Implicit null exception at 0x00000000037f1acd to 0x00000000037f207d
Event: 14.475 Thread 0x000000001b01d000 Implicit null exception at 0x0000000003b80a68 to 0x0000000003b812f5
Event: 33.380 Thread 0x000000001b002800 Implicit null exception at 0x000000000403c02c to 0x000000000403c0a1
Event: 39.956 Thread 0x000000001b002800 Implicit null exception at 0x000000000414cf08 to 0x0000000004151dad
Event: 43.664 Thread 0x000000001b01d000 Exception <a 'sun/nio/fs/WindowsException'> (0x00000000d6c6e838) thrown at [C:\re\workspace\8-2-build-windows-amd64-cygwin\jdk8u191\11896\hotspot\src\share\vm\prims\jni.cpp, line 709]

Events (10 events):
Event: 44.394 Thread 0x0000000019eae800 flushing nmethod 0x0000000003d90050
Event: 44.394 Thread 0x0000000019eae800 flushing nmethod 0x0000000003d98b10
Event: 44.397 Thread 0x0000000019ece000 flushing nmethod 0x0000000003e651d0
Event: 44.397 Thread 0x0000000019ece000 flushing nmethod 0x0000000003e75f50
Event: 44.397 Thread 0x0000000019ece000 flushing nmethod 0x0000000003ea39d0
Event: 44.397 Thread 0x0000000019ece000 flushing nmethod 0x0000000003ed9ad0
Event: 44.454 Thread 0x000000001b01d000 DEOPT PACKING pc=0x00000000035454dc sp=0x000000001bfaae40
Event: 44.454 Thread 0x000000001b01d000 DEOPT UNPACKING pc=0x0000000003147890 sp=0x000000001bfaacb8 mode 0
Event: 44.548 Thread 0x000000001b01d000 DEOPT PACKING pc=0x000000000360d162 sp=0x000000001bfac300
Event: 44.548 Thread 0x000000001b01d000 DEOPT UNPACKING pc=0x0000000003147890 sp=0x000000001bfac180 mode 0


Dynamic libraries:
0x00007ff780d60000 - 0x00007ff780d97000 	C:\Program Files\Java\jdk1.8.0_191\jre\bin\java.exe
0x00007ffab41e0000 - 0x00007ffab43d0000 	C:\WINDOWS\SYSTEM32\ntdll.dll
0x00007ffab4010000 - 0x00007ffab40c2000 	C:\WINDOWS\System32\KERNEL32.DLL
0x00007ffab19f0000 - 0x00007ffab1c95000 	C:\WINDOWS\System32\KERNELBASE.dll
0x00007ffab3f60000 - 0x00007ffab4003000 	C:\WINDOWS\System32\ADVAPI32.dll
0x00007ffab3b10000 - 0x00007ffab3bae000 	C:\WINDOWS\System32\msvcrt.dll
0x00007ffab3930000 - 0x00007ffab39c7000 	C:\WINDOWS\System32\sechost.dll
0x00007ffab35e0000 - 0x00007ffab3700000 	C:\WINDOWS\System32\RPCRT4.dll
0x00007ffab3440000 - 0x00007ffab35d4000 	C:\WINDOWS\System32\USER32.dll
0x00007ffab1ed0000 - 0x00007ffab1ef1000 	C:\WINDOWS\System32\win32u.dll
0x00007ffab23d0000 - 0x00007ffab23f6000 	C:\WINDOWS\System32\GDI32.dll
0x00007ffab20f0000 - 0x00007ffab2286000 	C:\WINDOWS\System32\gdi32full.dll
0x00007ffab1f00000 - 0x00007ffab1f9e000 	C:\WINDOWS\System32\msvcp_win.dll
0x00007ffab1ff0000 - 0x00007ffab20ea000 	C:\WINDOWS\System32\ucrtbase.dll
0x00007ffaa7120000 - 0x00007ffaa73a4000 	C:\WINDOWS\WinSxS\amd64_microsoft.windows.common-controls_6595b64144ccf1df_6.0.18362.1139_none_9e7bf2d3e4605ac6\COMCTL32.dll
0x00007ffab2880000 - 0x00007ffab2bb5000 	C:\WINDOWS\System32\combase.dll
0x00007ffab1170000 - 0x00007ffab11f0000 	C:\WINDOWS\System32\bcryptPrimitives.dll
0x00007ffab3410000 - 0x00007ffab343e000 	C:\WINDOWS\System32\IMM32.DLL
0x0000000064ba0000 - 0x0000000064c72000 	C:\Program Files\Java\jdk1.8.0_191\jre\bin\msvcr100.dll
0x0000000064c80000 - 0x0000000065524000 	C:\Program Files\Java\jdk1.8.0_191\jre\bin\server\jvm.dll
0x00007ffab3f50000 - 0x00007ffab3f58000 	C:\WINDOWS\System32\PSAPI.DLL
0x00007ffaa8930000 - 0x00007ffaa893a000 	C:\WINDOWS\SYSTEM32\VERSION.dll
0x00007ffaa6580000 - 0x00007ffaa65a4000 	C:\WINDOWS\SYSTEM32\WINMM.dll
0x00007ffaa5020000 - 0x00007ffaa5029000 	C:\WINDOWS\SYSTEM32\WSOCK32.dll
0x00007ffab3ee0000 - 0x00007ffab3f4f000 	C:\WINDOWS\System32\WS2_32.dll
0x00007ffaa6550000 - 0x00007ffaa657d000 	C:\WINDOWS\SYSTEM32\winmmbase.dll
0x00007ffab1fa0000 - 0x00007ffab1fea000 	C:\WINDOWS\System32\cfgmgr32.dll
0x0000000067600000 - 0x000000006760f000 	C:\Program Files\Java\jdk1.8.0_191\jre\bin\verify.dll
0x0000000064b30000 - 0x0000000064b59000 	C:\Program Files\Java\jdk1.8.0_191\jre\bin\java.dll
0x00000000659a0000 - 0x00000000659b6000 	C:\Program Files\Java\jdk1.8.0_191\jre\bin\zip.dll
0x00007ffab2bc0000 - 0x00007ffab32a7000 	C:\WINDOWS\System32\SHELL32.dll
0x00007ffab3880000 - 0x00007ffab3929000 	C:\WINDOWS\System32\shcore.dll
0x00007ffab1270000 - 0x00007ffab19f0000 	C:\WINDOWS\System32\windows.storage.dll
0x00007ffab1120000 - 0x00007ffab1143000 	C:\WINDOWS\System32\profapi.dll
0x00007ffab10b0000 - 0x00007ffab10fa000 	C:\WINDOWS\System32\powrprof.dll
0x00007ffab10a0000 - 0x00007ffab10b0000 	C:\WINDOWS\System32\UMPDC.dll
0x00007ffab39d0000 - 0x00007ffab3a22000 	C:\WINDOWS\System32\shlwapi.dll
0x00007ffab1150000 - 0x00007ffab1161000 	C:\WINDOWS\System32\kernel.appcore.dll
0x00007ffab11f0000 - 0x00007ffab1207000 	C:\WINDOWS\System32\cryptsp.dll
0x000000001ad80000 - 0x000000001ad83000 	C:\Program Files\Java\jdk1.8.0_191\jre\bin\api-ms-win-core-console-l1-1-0.dll
0x000000001ad90000 - 0x000000001ad93000 	C:\Program Files\Java\jdk1.8.0_191\jre\bin\api-ms-win-core-datetime-l1-1-0.dll
0x000000001ada0000 - 0x000000001ada3000 	C:\Program Files\Java\jdk1.8.0_191\jre\bin\api-ms-win-core-debug-l1-1-0.dll
0x000000001adb0000 - 0x000000001adb3000 	C:\Program Files\Java\jdk1.8.0_191\jre\bin\api-ms-win-core-errorhandling-l1-1-0.dll
0x000000001adc0000 - 0x000000001adc4000 	C:\Program Files\Java\jdk1.8.0_191\jre\bin\api-ms-win-core-file-l1-1-0.dll
0x000000001add0000 - 0x000000001add3000 	C:\Program Files\Java\jdk1.8.0_191\jre\bin\api-ms-win-core-file-l1-2-0.dll
0x000000001ade0000 - 0x000000001ade3000 	C:\Program Files\Java\jdk1.8.0_191\jre\bin\api-ms-win-core-file-l2-1-0.dll
0x000000001adf0000 - 0x000000001adf3000 	C:\Program Files\Java\jdk1.8.0_191\jre\bin\api-ms-win-core-handle-l1-1-0.dll
0x000000001ae00000 - 0x000000001ae03000 	C:\Program Files\Java\jdk1.8.0_191\jre\bin\api-ms-win-core-heap-l1-1-0.dll
0x000000001ae10000 - 0x000000001ae13000 	C:\Program Files\Java\jdk1.8.0_191\jre\bin\api-ms-win-core-interlocked-l1-1-0.dll
0x000000001ae20000 - 0x000000001ae23000 	C:\Program Files\Java\jdk1.8.0_191\jre\bin\api-ms-win-core-libraryloader-l1-1-0.dll
0x000000001ae30000 - 0x000000001ae33000 	C:\Program Files\Java\jdk1.8.0_191\jre\bin\api-ms-win-core-localization-l1-2-0.dll
0x000000001ae40000 - 0x000000001ae43000 	C:\Program Files\Java\jdk1.8.0_191\jre\bin\api-ms-win-core-memory-l1-1-0.dll
0x000000001ae50000 - 0x000000001ae53000 	C:\Program Files\Java\jdk1.8.0_191\jre\bin\api-ms-win-core-namedpipe-l1-1-0.dll
0x000000001ae60000 - 0x000000001ae63000 	C:\Program Files\Java\jdk1.8.0_191\jre\bin\api-ms-win-core-processenvironment-l1-1-0.dll
0x000000001ae70000 - 0x000000001ae73000 	C:\Program Files\Java\jdk1.8.0_191\jre\bin\api-ms-win-core-processthreads-l1-1-0.dll
0x000000001ae80000 - 0x000000001ae83000 	C:\Program Files\Java\jdk1.8.0_191\jre\bin\api-ms-win-core-processthreads-l1-1-1.dll
0x000000001ae90000 - 0x000000001ae93000 	C:\Program Files\Java\jdk1.8.0_191\jre\bin\api-ms-win-core-profile-l1-1-0.dll
0x000000001aea0000 - 0x000000001aea3000 	C:\Program Files\Java\jdk1.8.0_191\jre\bin\api-ms-win-core-rtlsupport-l1-1-0.dll
0x000000001aeb0000 - 0x000000001aeb3000 	C:\Program Files\Java\jdk1.8.0_191\jre\bin\api-ms-win-core-string-l1-1-0.dll
0x000000001aec0000 - 0x000000001aec3000 	C:\Program Files\Java\jdk1.8.0_191\jre\bin\api-ms-win-core-synch-l1-1-0.dll
0x000000001aed0000 - 0x000000001aed3000 	C:\Program Files\Java\jdk1.8.0_191\jre\bin\api-ms-win-core-synch-l1-2-0.dll
0x000000001aee0000 - 0x000000001aee3000 	C:\Program Files\Java\jdk1.8.0_191\jre\bin\api-ms-win-core-sysinfo-l1-1-0.dll
0x000000001aef0000 - 0x000000001aef3000 	C:\Program Files\Java\jdk1.8.0_191\jre\bin\api-ms-win-core-timezone-l1-1-0.dll
0x000000001af00000 - 0x000000001af03000 	C:\Program Files\Java\jdk1.8.0_191\jre\bin\api-ms-win-core-util-l1-1-0.dll
0x000000001af10000 - 0x000000001af13000 	C:\Program Files\Java\jdk1.8.0_191\jre\bin\api-ms-win-crt-conio-l1-1-0.dll
0x000000001af20000 - 0x000000001af24000 	C:\Program Files\Java\jdk1.8.0_191\jre\bin\api-ms-win-crt-convert-l1-1-0.dll
0x000000001af30000 - 0x000000001af33000 	C:\Program Files\Java\jdk1.8.0_191\jre\bin\api-ms-win-crt-environment-l1-1-0.dll
0x000000001af40000 - 0x000000001af43000 	C:\Program Files\Java\jdk1.8.0_191\jre\bin\api-ms-win-crt-filesystem-l1-1-0.dll
0x000000001af50000 - 0x000000001af53000 	C:\Program Files\Java\jdk1.8.0_191\jre\bin\api-ms-win-crt-heap-l1-1-0.dll
0x000000001af60000 - 0x000000001af63000 	C:\Program Files\Java\jdk1.8.0_191\jre\bin\api-ms-win-crt-locale-l1-1-0.dll
0x000000001af70000 - 0x000000001af75000 	C:\Program Files\Java\jdk1.8.0_191\jre\bin\api-ms-win-crt-math-l1-1-0.dll
0x000000001af80000 - 0x000000001af85000 	C:\Program Files\Java\jdk1.8.0_191\jre\bin\api-ms-win-crt-multibyte-l1-1-0.dll
0x000000001af90000 - 0x000000001afa0000 	C:\Program Files\Java\jdk1.8.0_191\jre\bin\api-ms-win-crt-private-l1-1-0.dll
0x000000001afa0000 - 0x000000001afa3000 	C:\Program Files\Java\jdk1.8.0_191\jre\bin\api-ms-win-crt-process-l1-1-0.dll
0x000000001afb0000 - 0x000000001afb4000 	C:\Program Files\Java\jdk1.8.0_191\jre\bin\api-ms-win-crt-runtime-l1-1-0.dll
0x000000001afc0000 - 0x000000001afc4000 	C:\Program Files\Java\jdk1.8.0_191\jre\bin\api-ms-win-crt-stdio-l1-1-0.dll
0x000000001afd0000 - 0x000000001afd4000 	C:\Program Files\Java\jdk1.8.0_191\jre\bin\api-ms-win-crt-string-l1-1-0.dll
0x000000001afe0000 - 0x000000001afe3000 	C:\Program Files\Java\jdk1.8.0_191\jre\bin\api-ms-win-crt-time-l1-1-0.dll
0x000000001aff0000 - 0x000000001aff3000 	C:\Program Files\Java\jdk1.8.0_191\jre\bin\api-ms-win-crt-utility-l1-1-0.dll
0x00007ffa84730000 - 0x00007ffa84826000 	C:\Program Files\Java\jdk1.8.0_191\jre\bin\ucrtbase.dll
0x00007ffaa6e80000 - 0x00007ffaa6e96000 	C:\Program Files\Java\jdk1.8.0_191\jre\bin\vcruntime140.dll
0x00007ffa85300000 - 0x00007ffa8539c000 	C:\Program Files\Java\jdk1.8.0_191\jre\bin\msvcp140.dll
0x00007ffa9ce00000 - 0x00007ffa9ce51000 	C:\Program Files\Java\jdk1.8.0_191\jre\bin\concrt140.dll
0x00000000638b0000 - 0x00000000638d3000 	C:\Program Files\Java\jdk1.8.0_191\jre\bin\prism_d3d.dll
0x00007ffaa7e80000 - 0x00007ffaa8047000 	C:\WINDOWS\system32\d3d9.dll
0x00007ffaaf550000 - 0x00007ffaaf57d000 	C:\WINDOWS\SYSTEM32\dwmapi.dll
0x00007ffaafcf0000 - 0x00007ffaafd10000 	C:\WINDOWS\SYSTEM32\dxcore.dll
0x00007ffaaf040000 - 0x00007ffaaf0d9000 	C:\WINDOWS\system32\uxtheme.dll
0x00007ffa7d1d0000 - 0x00007ffa7d362000 	C:\WINDOWS\System32\DriverStore\FileRepository\igdlh64.inf_amd64_9f310939ec1eebf9\igdumdim64.dll
0x00007ffa97250000 - 0x00007ffa973a3000 	C:\WINDOWS\System32\DriverStore\FileRepository\igdlh64.inf_amd64_9f310939ec1eebf9\igdgmm64.dll
0x0000000063860000 - 0x00000000638a9000 	C:\Program Files\Java\jdk1.8.0_191\jre\bin\glass.dll
0x00007ffab3700000 - 0x00007ffab37d0000 	C:\WINDOWS\System32\COMDLG32.dll
0x00007ffab32b0000 - 0x00007ffab3407000 	C:\WINDOWS\System32\ole32.dll
0x00007ffab40d0000 - 0x00007ffab4195000 	C:\WINDOWS\System32\OLEAUT32.dll
0x00007ffab2290000 - 0x00007ffab23c5000 	C:\WINDOWS\System32\MSCTF.dll
0x00007ffa64220000 - 0x00007ffa67e37000 	C:\WINDOWS\System32\DriverStore\FileRepository\igdlh64.inf_amd64_9f310939ec1eebf9\igd9dxva64.dll
0x00007ffa94270000 - 0x00007ffa94292000 	C:\WINDOWS\System32\DriverStore\FileRepository\igdlh64.inf_amd64_9f310939ec1eebf9\igdinfo64.dll
0x00007ffa94d10000 - 0x00007ffa9708f000 	C:\WINDOWS\System32\DriverStore\FileRepository\igdlh64.inf_amd64_9f310939ec1eebf9\igc64.dll
0x00000000660d0000 - 0x00000000660dd000 	C:\Program Files\Java\jdk1.8.0_191\jre\bin\management.dll
0x0000000064b10000 - 0x0000000064b2a000 	C:\Program Files\Java\jdk1.8.0_191\jre\bin\net.dll
0x00007ffab08f0000 - 0x00007ffab0957000 	C:\WINDOWS\system32\mswsock.dll
0x0000000064af0000 - 0x0000000064b01000 	C:\Program Files\Java\jdk1.8.0_191\jre\bin\nio.dll
0x00007ffab0640000 - 0x00007ffab070b000 	C:\WINDOWS\SYSTEM32\DNSAPI.dll
0x00007ffab37d0000 - 0x00007ffab37d8000 	C:\WINDOWS\System32\NSI.dll
0x00007ffab0600000 - 0x00007ffab063a000 	C:\WINDOWS\SYSTEM32\IPHLPAPI.DLL
0x00007ffaa6380000 - 0x00007ffaa638a000 	C:\Windows\System32\rasadhlp.dll
0x00007ffaa9f10000 - 0x00007ffaa9f87000 	C:\WINDOWS\System32\fwpuclnt.dll
0x00007ffab1ea0000 - 0x00007ffab1ec6000 	C:\WINDOWS\System32\bcrypt.dll
0x00007ffaa1440000 - 0x00007ffaa1456000 	C:\WINDOWS\system32\napinsp.dll
0x00007ffaa1420000 - 0x00007ffaa143a000 	C:\WINDOWS\system32\pnrpnsp.dll
0x00007ffaa1410000 - 0x00007ffaa141e000 	C:\WINDOWS\System32\winrnr.dll
0x00007ffaaa640000 - 0x00007ffaaa65c000 	C:\WINDOWS\system32\NLAapi.dll
0x00007ffaa13c0000 - 0x00007ffaa13d5000 	C:\WINDOWS\system32\wshbth.dll
0x00007ffab0460000 - 0x00007ffab0493000 	C:\WINDOWS\system32\rsaenh.dll
0x00007ffab0fc0000 - 0x00007ffab0fe5000 	C:\WINDOWS\SYSTEM32\USERENV.dll
0x00007ffab0ac0000 - 0x00007ffab0acc000 	C:\WINDOWS\SYSTEM32\CRYPTBASE.dll
0x00007ffaaa0c0000 - 0x00007ffaaa0d6000 	C:\WINDOWS\SYSTEM32\dhcpcsvc6.DLL
0x00007ffaaa430000 - 0x00007ffaaa44c000 	C:\WINDOWS\SYSTEM32\dhcpcsvc.DLL
0x0000000063840000 - 0x0000000063854000 	C:\Program Files\Java\jdk1.8.0_191\jre\bin\javafx_font.dll
0x00007ffa99710000 - 0x00007ffa99a0e000 	C:\WINDOWS\SYSTEM32\dwrite.dll
0x0000000063810000 - 0x0000000063833000 	C:\Program Files\Java\jdk1.8.0_191\jre\bin\javafx_iio.dll
0x00007ffab3dd0000 - 0x00007ffab3e72000 	C:\WINDOWS\System32\clbcatq.dll
0x00007ffa9a6c0000 - 0x00007ffa9a86f000 	C:\WINDOWS\SYSTEM32\WindowsCodecs.dll
0x00007ffa98ac0000 - 0x00007ffa98afa000 	C:\WINDOWS\system32\dataexchange.dll
0x00007ffaae930000 - 0x00007ffaaeb0d000 	C:\WINDOWS\system32\dcomp.dll
0x00007ffaadf00000 - 0x00007ffaae15b000 	C:\WINDOWS\system32\d3d11.dll
0x00007ffaafd80000 - 0x00007ffaafe6b000 	C:\WINDOWS\system32\dxgi.dll
0x00007ffaaf0e0000 - 0x00007ffaaf342000 	C:\WINDOWS\system32\twinapi.appcore.dll

VM Arguments:
jvm_args: -Dfile.encoding=UTF-8 
java_command: F:\BUET\2-2\CSE 216 (Database Sessional)\Project\OnlineCourse\dist\run1889590422\Online Course.jar
java_class_path (initial): F:\BUET\2-2\CSE 216 (Database Sessional)\Project\OnlineCourse\dist\run1889590422\Online Course.jar
Launcher Type: SUN_STANDARD

Environment Variables:
PATH=C:\OracleDatabase\product\11.2.0\dbhome_1\bin;C:\Python38;C:\Python38\Scripts;C:\Python27\;C:\Python27\Scripts;C:\Program Files (x86)\Common Files\Oracle\Java\javapath;C:\Program Files (x86)\Common Files\ArcSoft\Bin;C:\Program Files (x86)\Intel\iCLS Client\;C:\Program Files\Intel\iCLS Client\;C:\Windows\system32;C:\Windows;C:\Windows\System32\Wbem;C:\Windows\System32\WindowsPowerShell\v1.0\;C:\Windows\System32\OpenSSH\;C:\Program Files (x86)\Intel\Intel(R) Management Engine Components\DAL;C:\Program Files\Intel\Intel(R) Management Engine Components\DAL;C:\Program Files (x86)\Intel\Intel(R) Management Engine Components\IPT;C:\Program Files\Intel\Intel(R) Management Engine Components\IPT;C:\Program Files (x86)\NVIDIA Corporation\PhysX\Common;C:\Program Files\Intel\WiFi\bin\;C:\Program Files (x86)\Print Conductor;C:\PHP7;C:\WINDOWS\system32;C:\WINDOWS;C:\WINDOWS\System32\Wbem;C:\WINDOWS\System32\WindowsPowerShell\v1.0\;C:\WINDOWS\System32\OpenSSH\;C:\cygwin64;C:\MinGW\bin;C:\ProgramData\chocolatey\bin;C:\ProgramData\ComposerSetup\bin;C:\composer;F:\BUET\2-2\CSE 216 (Database Sessional)\Project\Jar file;C:\Program Files\Git\cmd;C:\Python38\Scripts\;C:\Python38\;C:\Users\ASUS\Anaconda3;C:\Users\ASUS\Anaconda3\Library\mingw-w64\bin;C:\Users\ASUS\Anaconda3\Library\usr\bin;C:\Users\ASUS\Anaconda3\Library\bin;C:\Users\ASUS\Anaconda3\Scripts;C:\Users\ASUS\AppData\Local\Microsoft\WindowsApps;C:\Program Files (x86)\Print Conductor;C:\Users\ASUS\AppData\Roaming\Composer\vendor\bin;;C:\Users\ASUS\AppData\Local\Programs\Microsoft VS Code\bin;C:\Users\ASUS\AppData\Local\Programs\Microsoft VS Code Insiders\bin
USERNAME=ASUS
OS=Windows_NT
PROCESSOR_IDENTIFIER=Intel64 Family 6 Model 142 Stepping 10, GenuineIntel



---------------  S Y S T E M  ---------------

OS: Windows 10.0 , 64 bit Build 18362 (10.0.18362.1110)

CPU:total 8 (initial active 8) (4 cores per cpu, 2 threads per core) family 6 model 142 stepping 10, cmov, cx8, fxsr, mmx, sse, sse2, sse3, ssse3, sse4.1, sse4.2, popcnt, avx, avx2, aes, clmul, erms, 3dnowpref, lzcnt, ht, tsc, tscinvbit, bmi1, bmi2, adx

Memory: 4k page, physical 8272440k(682212k free), swap 33438264k(5208k free)

vm_info: Java HotSpot(TM) 64-Bit Server VM (25.191-b12) for windows-amd64 JRE (1.8.0_191-b12), built on Oct  6 2018 09:29:03 by "java_re" with MS VC++ 10.0 (VS2010)

time: Sat Oct 31 11:34:00 2020
elapsed time: 44 seconds (0d 0h 0m 44s)

