#
# There is insufficient memory for the Java Runtime Environment to continue.
# Native memory allocation (malloc) failed to allocate 803168 bytes for Chunk::new
# Possible reasons:
#   The system is out of physical RAM or swap space
#   In 32 bit mode, the process size limit was hit
# Possible solutions:
#   Reduce memory load on the system
#   Increase physical memory or swap space
#   Check if swap backing store is full
#   Use 64 bit Java on a 64 bit OS
#   Decrease Java heap size (-Xmx/-Xms)
#   Decrease number of Java threads
#   Decrease Java thread stack sizes (-Xss)
#   Set larger code cache with -XX:ReservedCodeCacheSize=
# This output file may be truncated or incomplete.
#
#  Out of Memory Error (allocation.cpp:390), pid=34060, tid=0x000000000000db50
#
# JRE version: Java(TM) SE Runtime Environment (8.0_191-b12) (build 1.8.0_191-b12)
# Java VM: Java HotSpot(TM) 64-Bit Server VM (25.191-b12 mixed mode windows-amd64 compressed oops)
# Failed to write core dump. Minidumps are not enabled by default on client versions of Windows
#

---------------  T H R E A D  ---------------

Current thread (0x0000000019916800):  JavaThread "C2 CompilerThread0" daemon [_thread_in_native, id=56144, stack(0x000000001a1e0000,0x000000001a2e0000)]

Stack: [0x000000001a1e0000,0x000000001a2e0000]
[error occurred during error reporting (printing stack bounds), id 0xc0000005]

Native frames: (J=compiled Java code, j=interpreted, Vv=VM code, C=native code)


Current CompileTask:
C2:  14107 4110   !   4       javafx.scene.CssStyleHelper::transitionToState (1075 bytes)


---------------  P R O C E S S  ---------------

Java Threads: ( => current thread )
  0x000000001af24800 JavaThread "Prism Font Disposer" daemon [_thread_blocked, id=56200, stack(0x0000000024240000,0x0000000024340000)]
  0x000000001a90e000 JavaThread "Thread-3" daemon [_thread_in_native, id=19616, stack(0x0000000022230000,0x0000000022330000)]
  0x000000001a913800 JavaThread "JavaFX-Launcher" [_thread_blocked, id=51956, stack(0x0000000022330000,0x0000000022430000)]
  0x000000001a87a800 JavaThread "JavaFX Application Thread" [_thread_in_Java, id=55720, stack(0x000000001b990000,0x000000001ba90000)]
  0x000000001a86d800 JavaThread "Thread-1" daemon [_thread_blocked, id=36756, stack(0x000000001b890000,0x000000001b990000)]
  0x000000001a854000 JavaThread "QuantumRenderer-0" daemon [_thread_blocked, id=43632, stack(0x000000001b250000,0x000000001b350000)]
  0x00000000199a7800 JavaThread "Service Thread" daemon [_thread_blocked, id=55064, stack(0x000000001a5e0000,0x000000001a6e0000)]
  0x000000001993c800 JavaThread "C1 CompilerThread3" daemon [_thread_in_vm, id=53848, stack(0x000000001a4e0000,0x000000001a5e0000)]
  0x0000000019920800 JavaThread "C2 CompilerThread2" daemon [_thread_in_native, id=54220, stack(0x000000001a3e0000,0x000000001a4e0000)]
  0x000000001991c800 JavaThread "C2 CompilerThread1" daemon [_thread_in_native, id=14260, stack(0x000000001a2e0000,0x000000001a3e0000)]
=>0x0000000019916800 JavaThread "C2 CompilerThread0" daemon [_thread_in_native, id=56144, stack(0x000000001a1e0000,0x000000001a2e0000)]
  0x0000000019914800 JavaThread "Attach Listener" daemon [_thread_blocked, id=45120, stack(0x000000001a0e0000,0x000000001a1e0000)]
  0x0000000017b0e800 JavaThread "Signal Dispatcher" daemon [_thread_blocked, id=51064, stack(0x0000000019fe0000,0x000000001a0e0000)]
  0x0000000019901800 JavaThread "Finalizer" daemon [_thread_blocked, id=37672, stack(0x0000000019de0000,0x0000000019ee0000)]
  0x0000000019900800 JavaThread "Reference Handler" daemon [_thread_blocked, id=46292, stack(0x0000000019ce0000,0x0000000019de0000)]
  0x0000000002a82800 JavaThread "main" [_thread_blocked, id=47628, stack(0x0000000002980000,0x0000000002a80000)]

Other Threads:
  0x0000000017af8000 VMThread [stack: 0x00000000197e0000,0x00000000198e0000] [id=37396]
  0x00000000199c0800 WatcherThread [stack: 0x000000001a6e0000,0x000000001a7e0000] [id=49256]

VM state:not at safepoint (normal execution)

VM Mutex/Monitor currently owned by a thread: None

Heap:
 PSYoungGen      total 94208K, used 68833K [0x00000000d5f00000, 0x00000000e0600000, 0x0000000100000000)
  eden space 62976K, 71% used [0x00000000d5f00000,0x00000000d8acc6e8,0x00000000d9c80000)
  from space 31232K, 76% used [0x00000000d9c80000,0x00000000db3ec010,0x00000000dbb00000)
  to   space 33280K, 0% used [0x00000000de580000,0x00000000de580000,0x00000000e0600000)
 ParOldGen       total 159744K, used 54035K [0x0000000081c00000, 0x000000008b800000, 0x00000000d5f00000)
  object space 159744K, 33% used [0x0000000081c00000,0x00000000850c4d08,0x000000008b800000)
 Metaspace       used 26380K, capacity 27494K, committed 27648K, reserved 1073152K
  class space    used 3486K, capacity 3738K, committed 3840K, reserved 1048576K

Card table byte_map: [0x0000000011f40000,0x0000000012340000] byte_map_base: 0x0000000011b32000

Marking Bits: (ParMarkBitMap*) 0x0000000065603e30
 Begin Bits: [0x0000000012df0000, 0x0000000014d80000)
 End Bits:   [0x0000000014d80000, 0x0000000016d10000)

Polling page: 0x00000000007e0000

CodeCache: size=245760Kb used=14462Kb max_used=14474Kb free=231297Kb
 bounds [0x0000000002b80000, 0x00000000039b0000, 0x0000000011b80000]
 total_blobs=5064 nmethods=4312 adapters=663
 compilation: enabled

Compilation events (10 events):
Event: 14.100 Thread 0x000000001993c800 nmethod 4333 0x000000000399d6d0 code [0x000000000399d880, 0x000000000399dfc8]
Event: 14.100 Thread 0x000000001993c800 4329       3       javafx.scene.layout.VBox::computeContentHeight (39 bytes)
Event: 14.101 Thread 0x000000001993c800 nmethod 4329 0x000000000399e210 code [0x000000000399e400, 0x000000000399ee68]
Event: 14.101 Thread 0x000000001993c800 4341       3       javafx.scene.layout.VBox::getSpacing (19 bytes)
Event: 14.102 Thread 0x000000001993c800 nmethod 4341 0x000000000399f3d0 code [0x000000000399f540, 0x000000000399f908]
Event: 14.102 Thread 0x000000001993c800 4361       3       javafx.scene.text.Text::setWrappingWidth (9 bytes)
Event: 14.102 Thread 0x000000001993c800 nmethod 4361 0x000000000399fa50 code [0x000000000399fc00, 0x00000000039a0268]
Event: 14.102 Thread 0x000000001993c800 4362       3       javafx.scene.text.Text::wrappingWidthProperty (24 bytes)
Event: 14.103 Thread 0x000000001993c800 nmethod 4362 0x00000000039a0650 code [0x00000000039a07e0, 0x00000000039a0cb0]
Event: 14.103 Thread 0x000000001993c800 4364       3       javafx.scene.layout.Region::getMaxAreaHeight (394 bytes)

GC Heap History (10 events):
Event: 12.409 GC heap before
{Heap before GC invocations=5 (full 1):
 PSYoungGen      total 38400K, used 37490K [0x00000000d5f00000, 0x00000000d9100000, 0x0000000100000000)
  eden space 33280K, 97% used [0x00000000d5f00000,0x00000000d7ea4050,0x00000000d7f80000)
  from space 5120K, 99% used [0x00000000d7f80000,0x00000000d84787b8,0x00000000d8480000)
  to   space 5120K, 0% used [0x00000000d8c00000,0x00000000d8c00000,0x00000000d9100000)
 ParOldGen       total 67584K, used 13551K [0x0000000081c00000, 0x0000000085e00000, 0x00000000d5f00000)
  object space 67584K, 20% used [0x0000000081c00000,0x000000008293bfa8,0x0000000085e00000)
 Metaspace       used 25769K, capacity 26904K, committed 27136K, reserved 1073152K
  class space    used 3474K, capacity 3737K, committed 3840K, reserved 1048576K
Event: 12.418 GC heap after
Heap after GC invocations=5 (full 1):
 PSYoungGen      total 46080K, used 5089K [0x00000000d5f00000, 0x00000000d9700000, 0x0000000100000000)
  eden space 40960K, 0% used [0x00000000d5f00000,0x00000000d5f00000,0x00000000d8700000)
  from space 5120K, 99% used [0x00000000d8c00000,0x00000000d90f84b8,0x00000000d9100000)
  to   space 5120K, 0% used [0x00000000d8700000,0x00000000d8700000,0x00000000d8c00000)
 ParOldGen       total 67584K, used 31432K [0x0000000081c00000, 0x0000000085e00000, 0x00000000d5f00000)
  object space 67584K, 46% used [0x0000000081c00000,0x0000000083ab20a0,0x0000000085e00000)
 Metaspace       used 25769K, capacity 26904K, committed 27136K, reserved 1073152K
  class space    used 3474K, capacity 3737K, committed 3840K, reserved 1048576K
}
Event: 12.770 GC heap before
{Heap before GC invocations=6 (full 1):
 PSYoungGen      total 46080K, used 46049K [0x00000000d5f00000, 0x00000000d9700000, 0x0000000100000000)
  eden space 40960K, 100% used [0x00000000d5f00000,0x00000000d8700000,0x00000000d8700000)
  from space 5120K, 99% used [0x00000000d8c00000,0x00000000d90f84b8,0x00000000d9100000)
  to   space 5120K, 0% used [0x00000000d8700000,0x00000000d8700000,0x00000000d8c00000)
 ParOldGen       total 67584K, used 31432K [0x0000000081c00000, 0x0000000085e00000, 0x00000000d5f00000)
  object space 67584K, 46% used [0x0000000081c00000,0x0000000083ab20a0,0x0000000085e00000)
 Metaspace       used 25861K, capacity 26974K, committed 27136K, reserved 1073152K
  class space    used 3475K, capacity 3738K, committed 3840K, reserved 1048576K
Event: 12.785 GC heap after
Heap after GC invocations=6 (full 1):
 PSYoungGen      total 46080K, used 5089K [0x00000000d5f00000, 0x00000000dd900000, 0x0000000100000000)
  eden space 40960K, 0% used [0x00000000d5f00000,0x00000000d5f00000,0x00000000d8700000)
  from space 5120K, 99% used [0x00000000d8700000,0x00000000d8bf84a8,0x00000000d8c00000)
  to   space 30720K, 0% used [0x00000000dbb00000,0x00000000dbb00000,0x00000000dd900000)
 ParOldGen       total 67584K, used 53200K [0x0000000081c00000, 0x0000000085e00000, 0x00000000d5f00000)
  object space 67584K, 78% used [0x0000000081c00000,0x0000000084ff4160,0x0000000085e00000)
 Metaspace       used 25861K, capacity 26974K, committed 27136K, reserved 1073152K
  class space    used 3475K, capacity 3738K, committed 3840K, reserved 1048576K
}
Event: 12.785 GC heap before
{Heap before GC invocations=7 (full 2):
 PSYoungGen      total 46080K, used 5089K [0x00000000d5f00000, 0x00000000dd900000, 0x0000000100000000)
  eden space 40960K, 0% used [0x00000000d5f00000,0x00000000d5f00000,0x00000000d8700000)
  from space 5120K, 99% used [0x00000000d8700000,0x00000000d8bf84a8,0x00000000d8c00000)
  to   space 30720K, 0% used [0x00000000dbb00000,0x00000000dbb00000,0x00000000dd900000)
 ParOldGen       total 67584K, used 53200K [0x0000000081c00000, 0x0000000085e00000, 0x00000000d5f00000)
  object space 67584K, 78% used [0x0000000081c00000,0x0000000084ff4160,0x0000000085e00000)
 Metaspace       used 25861K, capacity 26974K, committed 27136K, reserved 1073152K
  class space    used 3475K, capacity 3738K, committed 3840K, reserved 1048576K
Event: 12.880 GC heap after
Heap after GC invocations=7 (full 2):
 PSYoungGen      total 46080K, used 0K [0x00000000d5f00000, 0x00000000dd900000, 0x0000000100000000)
  eden space 40960K, 0% used [0x00000000d5f00000,0x00000000d5f00000,0x00000000d8700000)
  from space 5120K, 0% used [0x00000000d8700000,0x00000000d8700000,0x00000000d8c00000)
  to   space 30720K, 0% used [0x00000000dbb00000,0x00000000dbb00000,0x00000000dd900000)
 ParOldGen       total 159744K, used 54019K [0x0000000081c00000, 0x000000008b800000, 0x00000000d5f00000)
  object space 159744K, 33% used [0x0000000081c00000,0x00000000850c0d08,0x000000008b800000)
 Metaspace       used 25861K, capacity 26974K, committed 27136K, reserved 1073152K
  class space    used 3475K, capacity 3738K, committed 3840K, reserved 1048576K
}
Event: 13.263 GC heap before
{Heap before GC invocations=8 (full 2):
 PSYoungGen      total 46080K, used 40960K [0x00000000d5f00000, 0x00000000dd900000, 0x0000000100000000)
  eden space 40960K, 100% used [0x00000000d5f00000,0x00000000d8700000,0x00000000d8700000)
  from space 5120K, 0% used [0x00000000d8700000,0x00000000d8700000,0x00000000d8c00000)
  to   space 30720K, 0% used [0x00000000dbb00000,0x00000000dbb00000,0x00000000dd900000)
 ParOldGen       total 159744K, used 54019K [0x0000000081c00000, 0x000000008b800000, 0x00000000d5f00000)
  object space 159744K, 33% used [0x0000000081c00000,0x00000000850c0d08,0x000000008b800000)
 Metaspace       used 25974K, capacity 27102K, committed 27392K, reserved 1073152K
  class space    used 3475K, capacity 3738K, committed 3840K, reserved 1048576K
Event: 13.275 GC heap after
Heap after GC invocations=8 (full 2):
 PSYoungGen      total 93696K, used 20305K [0x00000000d5f00000, 0x00000000ddd00000, 0x0000000100000000)
  eden space 62976K, 0% used [0x00000000d5f00000,0x00000000d5f00000,0x00000000d9c80000)
  from space 30720K, 66% used [0x00000000dbb00000,0x00000000dced4540,0x00000000dd900000)
  to   space 31232K, 0% used [0x00000000d9c80000,0x00000000d9c80000,0x00000000dbb00000)
 ParOldGen       total 159744K, used 54027K [0x0000000081c00000, 0x000000008b800000, 0x00000000d5f00000)
  object space 159744K, 33% used [0x0000000081c00000,0x00000000850c2d08,0x000000008b800000)
 Metaspace       used 25974K, capacity 27102K, committed 27392K, reserved 1073152K
  class space    used 3475K, capacity 3738K, committed 3840K, reserved 1048576K
}
Event: 13.738 GC heap before
{Heap before GC invocations=9 (full 2):
 PSYoungGen      total 93696K, used 83281K [0x00000000d5f00000, 0x00000000ddd00000, 0x0000000100000000)
  eden space 62976K, 100% used [0x00000000d5f00000,0x00000000d9c80000,0x00000000d9c80000)
  from space 30720K, 66% used [0x00000000dbb00000,0x00000000dced4540,0x00000000dd900000)
  to   space 31232K, 0% used [0x00000000d9c80000,0x00000000d9c80000,0x00000000dbb00000)
 ParOldGen       total 159744K, used 54027K [0x0000000081c00000, 0x000000008b800000, 0x00000000d5f00000)
  object space 159744K, 33% used [0x0000000081c00000,0x00000000850c2d08,0x000000008b800000)
 Metaspace       used 26170K, capacity 27294K, committed 27648K, reserved 1073152K
  class space    used 3483K, capacity 3738K, committed 3840K, reserved 1048576K
Event: 13.754 GC heap after
Heap after GC invocations=9 (full 2):
 PSYoungGen      total 94208K, used 23984K [0x00000000d5f00000, 0x00000000e0600000, 0x0000000100000000)
  eden space 62976K, 0% used [0x00000000d5f00000,0x00000000d5f00000,0x00000000d9c80000)
  from space 31232K, 76% used [0x00000000d9c80000,0x00000000db3ec010,0x00000000dbb00000)
  to   space 33280K, 0% used [0x00000000de580000,0x00000000de580000,0x00000000e0600000)
 ParOldGen       total 159744K, used 54035K [0x0000000081c00000, 0x000000008b800000, 0x00000000d5f00000)
  object space 159744K, 33% used [0x0000000081c00000,0x00000000850c4d08,0x000000008b800000)
 Metaspace       used 26170K, capacity 27294K, committed 27648K, reserved 1073152K
  class space    used 3483K, capacity 3738K, committed 3840K, reserved 1048576K
}

Deoptimization events (10 events):
Event: 12.311 Thread 0x000000001a87a800 Uncommon trap: reason=unstable_if action=reinterpret pc=0x00000000035d324c method=javafx.scene.Parent.setChildDirty(Ljavafx/scene/Node;Z)V @ 22
Event: 13.189 Thread 0x000000001a87a800 Uncommon trap: reason=unstable_if action=reinterpret pc=0x0000000003040e50 method=com.sun.javafx.css.parser.CSSLexer.lambda$new$233(I)Z @ 3
Event: 13.191 Thread 0x000000001a87a800 Uncommon trap: reason=unstable_if action=reinterpret pc=0x00000000030a8e9c method=com.sun.javafx.css.SimpleSelector.applies(Ljavafx/css/Styleable;)Z @ 62
Event: 13.195 Thread 0x000000001a87a800 Uncommon trap: reason=unstable_if action=reinterpret pc=0x00000000030d2130 method=com.sun.javafx.css.BitSet.addAll(Ljava/util/Collection;)Z @ 1
Event: 13.208 Thread 0x000000001a87a800 Uncommon trap: reason=unstable_if action=reinterpret pc=0x0000000003106d08 method=javafx.scene.Parent.impl_getAllParentStylesheets()Ljava/util/List; @ 36
Event: 13.225 Thread 0x000000001a87a800 Uncommon trap: reason=null_check action=make_not_entrant pc=0x00000000037c87b8 method=com.sun.javafx.css.SimpleSelector.applies(Ljavafx/css/Styleable;)Z @ 77
Event: 13.337 Thread 0x000000001a87a800 Uncommon trap: reason=class_check action=maybe_recompile pc=0x000000000338db68 method=javafx.scene.CssStyleHelper.lookup(Ljavafx/css/Styleable;Ljavafx/css/CssMetaData;Lcom/sun/javafx/css/StyleMap;Ljava/util/Set;Ljavafx/css/Styleable;Lcom/sun/javafx/css/Ca
Event: 13.474 Thread 0x000000001a87a800 Uncommon trap: reason=unstable_if action=reinterpret pc=0x000000000338dad0 method=javafx.scene.CssStyleHelper.lookup(Ljavafx/css/Styleable;Ljavafx/css/CssMetaData;Lcom/sun/javafx/css/StyleMap;Ljava/util/Set;Ljavafx/css/Styleable;Lcom/sun/javafx/css/Calcul
Event: 13.475 Thread 0x000000001a87a800 Uncommon trap: reason=unstable_if action=reinterpret pc=0x000000000364d4cc method=com.sun.javafx.iio.png.PNGImageLoader2.copy([B[BIII)V @ 10
Event: 14.015 Thread 0x000000001a87a800 Uncommon trap: reason=unstable_if action=reinterpret pc=0x00000000034514c4 method=java.lang.Math.min(FF)F @ 29

Classes redefined (0 events):
No events

Internal exceptions (10 events):
Event: 2.029 Thread 0x000000001a87a800 Exception <a 'java/io/FileNotFoundException'> (0x00000000d64acc60) thrown at [C:\re\workspace\8-2-build-windows-amd64-cygwin\jdk8u191\11896\hotspot\src\share\vm\prims\jni.cpp, line 709]
Event: 2.029 Thread 0x000000001a87a800 Exception <a 'java/io/FileNotFoundException'> (0x00000000d64adf40) thrown at [C:\re\workspace\8-2-build-windows-amd64-cygwin\jdk8u191\11896\hotspot\src\share\vm\prims\jni.cpp, line 709]
Event: 2.031 Thread 0x000000001a87a800 Exception <a 'java/io/FileNotFoundException'> (0x00000000d64b2ba8) thrown at [C:\re\workspace\8-2-build-windows-amd64-cygwin\jdk8u191\11896\hotspot\src\share\vm\prims\jni.cpp, line 709]
Event: 2.091 Thread 0x000000001a87a800 Exception <a 'java/lang/NullPointerException'> (0x00000000d660e8e0) thrown at [C:\re\workspace\8-2-build-windows-amd64-cygwin\jdk8u191\11896\hotspot\src\share\vm\interpreter\linkResolver.cpp, line 1185]
Event: 2.362 Thread 0x000000001a87a800 Implicit null exception at 0x0000000002ef5db5 to 0x0000000002ef5fc5
Event: 2.362 Thread 0x000000001a87a800 Implicit null exception at 0x0000000002ed3ad8 to 0x0000000002ed3b66
Event: 5.720 Thread 0x000000001a87a800 Exception <a 'java/lang/NullPointerException'> (0x00000000d7242a30) thrown at [C:\re\workspace\8-2-build-windows-amd64-cygwin\jdk8u191\11896\hotspot\src\share\vm\interpreter\linkResolver.cpp, line 1185]
Event: 12.041 Thread 0x000000001a87a800 Exception <a 'java/io/FileNotFoundException'> (0x00000000d7ba66d8) thrown at [C:\re\workspace\8-2-build-windows-amd64-cygwin\jdk8u191\11896\hotspot\src\share\vm\prims\jni.cpp, line 709]
Event: 13.195 Thread 0x000000001a87a800 Implicit null exception at 0x00000000030d1bf1 to 0x00000000030d2119
Event: 13.225 Thread 0x000000001a87a800 Implicit null exception at 0x00000000037c81dd to 0x00000000037c87ad

Events (10 events):
Event: 14.001 loading class javafx/scene/text/TextFlow$StyleableProperties$2 done
Event: 14.004 loading class javafx/scene/text/Text$1
Event: 14.004 loading class javafx/scene/text/Text$1 done
Event: 14.015 Thread 0x000000001a87a800 Uncommon trap: trap_request=0xffffff65 fr.pc=0x00000000034514c4
Event: 14.015 Thread 0x000000001a87a800 DEOPT PACKING pc=0x00000000034514c4 sp=0x000000001ba8b280
Event: 14.015 Thread 0x000000001a87a800 DEOPT UNPACKING pc=0x0000000002bc583b sp=0x000000001ba8b228 mode 2
Event: 14.024 loading class com/sun/javafx/font/PrismFontUtils
Event: 14.024 loading class com/sun/javafx/font/PrismFontUtils done
Event: 14.025 loading class com/sun/javafx/tk/FontMetrics
Event: 14.025 loading class com/sun/javafx/tk/FontMetrics done


Dynamic libraries:
0x00007ff7b6360000 - 0x00007ff7b6397000 	C:\Program Files\Java\jdk1.8.0_191\jre\bin\java.exe
0x00007ffab41e0000 - 0x00007ffab43d0000 	C:\WINDOWS\SYSTEM32\ntdll.dll
0x00007ffab4010000 - 0x00007ffab40c2000 	C:\WINDOWS\System32\KERNEL32.DLL
0x00007ffab19f0000 - 0x00007ffab1c95000 	C:\WINDOWS\System32\KERNELBASE.dll
0x00007ffab3f60000 - 0x00007ffab4003000 	C:\WINDOWS\System32\ADVAPI32.dll
0x00007ffab3b10000 - 0x00007ffab3bae000 	C:\WINDOWS\System32\msvcrt.dll
0x00007ffab3930000 - 0x00007ffab39c7000 	C:\WINDOWS\System32\sechost.dll
0x00007ffab35e0000 - 0x00007ffab3700000 	C:\WINDOWS\System32\RPCRT4.dll
0x00007ffab3440000 - 0x00007ffab35d4000 	C:\WINDOWS\System32\USER32.dll
0x00007ffab1ed0000 - 0x00007ffab1ef1000 	C:\WINDOWS\System32\win32u.dll
0x00007ffab23d0000 - 0x00007ffab23f6000 	C:\WINDOWS\System32\GDI32.dll
0x00007ffab20f0000 - 0x00007ffab2286000 	C:\WINDOWS\System32\gdi32full.dll
0x00007ffab1f00000 - 0x00007ffab1f9e000 	C:\WINDOWS\System32\msvcp_win.dll
0x00007ffab1ff0000 - 0x00007ffab20ea000 	C:\WINDOWS\System32\ucrtbase.dll
0x00007ffaa7120000 - 0x00007ffaa73a4000 	C:\WINDOWS\WinSxS\amd64_microsoft.windows.common-controls_6595b64144ccf1df_6.0.18362.1139_none_9e7bf2d3e4605ac6\COMCTL32.dll
0x00007ffab2880000 - 0x00007ffab2bb5000 	C:\WINDOWS\System32\combase.dll
0x00007ffab1170000 - 0x00007ffab11f0000 	C:\WINDOWS\System32\bcryptPrimitives.dll
0x00007ffab3410000 - 0x00007ffab343e000 	C:\WINDOWS\System32\IMM32.DLL
0x0000000065c50000 - 0x0000000065d22000 	C:\Program Files\Java\jdk1.8.0_191\jre\bin\msvcr100.dll
0x0000000064de0000 - 0x0000000065684000 	C:\Program Files\Java\jdk1.8.0_191\jre\bin\server\jvm.dll
0x00007ffab3f50000 - 0x00007ffab3f58000 	C:\WINDOWS\System32\PSAPI.DLL
0x00007ffaa8930000 - 0x00007ffaa893a000 	C:\WINDOWS\SYSTEM32\VERSION.dll
0x00007ffaa6580000 - 0x00007ffaa65a4000 	C:\WINDOWS\SYSTEM32\WINMM.dll
0x00007ffaa5020000 - 0x00007ffaa5029000 	C:\WINDOWS\SYSTEM32\WSOCK32.dll
0x00007ffab3ee0000 - 0x00007ffab3f4f000 	C:\WINDOWS\System32\WS2_32.dll
0x00007ffaa6550000 - 0x00007ffaa657d000 	C:\WINDOWS\SYSTEM32\winmmbase.dll
0x00007ffab1fa0000 - 0x00007ffab1fea000 	C:\WINDOWS\System32\cfgmgr32.dll
0x0000000067600000 - 0x000000006760f000 	C:\Program Files\Java\jdk1.8.0_191\jre\bin\verify.dll
0x0000000065be0000 - 0x0000000065c09000 	C:\Program Files\Java\jdk1.8.0_191\jre\bin\java.dll
0x0000000065bc0000 - 0x0000000065bd6000 	C:\Program Files\Java\jdk1.8.0_191\jre\bin\zip.dll
0x00007ffab2bc0000 - 0x00007ffab32a7000 	C:\WINDOWS\System32\SHELL32.dll
0x00007ffab3880000 - 0x00007ffab3929000 	C:\WINDOWS\System32\shcore.dll
0x00007ffab1270000 - 0x00007ffab19f0000 	C:\WINDOWS\System32\windows.storage.dll
0x00007ffab1120000 - 0x00007ffab1143000 	C:\WINDOWS\System32\profapi.dll
0x00007ffab10b0000 - 0x00007ffab10fa000 	C:\WINDOWS\System32\powrprof.dll
0x00007ffab10a0000 - 0x00007ffab10b0000 	C:\WINDOWS\System32\UMPDC.dll
0x00007ffab39d0000 - 0x00007ffab3a22000 	C:\WINDOWS\System32\shlwapi.dll
0x00007ffab1150000 - 0x00007ffab1161000 	C:\WINDOWS\System32\kernel.appcore.dll
0x00007ffab11f0000 - 0x00007ffab1207000 	C:\WINDOWS\System32\cryptsp.dll
0x0000000002960000 - 0x0000000002963000 	C:\Program Files\Java\jdk1.8.0_191\jre\bin\api-ms-win-core-console-l1-1-0.dll
0x000000001afe0000 - 0x000000001afe3000 	C:\Program Files\Java\jdk1.8.0_191\jre\bin\api-ms-win-core-datetime-l1-1-0.dll
0x000000001aff0000 - 0x000000001aff3000 	C:\Program Files\Java\jdk1.8.0_191\jre\bin\api-ms-win-core-debug-l1-1-0.dll
0x000000001b000000 - 0x000000001b003000 	C:\Program Files\Java\jdk1.8.0_191\jre\bin\api-ms-win-core-errorhandling-l1-1-0.dll
0x000000001b010000 - 0x000000001b014000 	C:\Program Files\Java\jdk1.8.0_191\jre\bin\api-ms-win-core-file-l1-1-0.dll
0x000000001b020000 - 0x000000001b023000 	C:\Program Files\Java\jdk1.8.0_191\jre\bin\api-ms-win-core-file-l1-2-0.dll
0x000000001b030000 - 0x000000001b033000 	C:\Program Files\Java\jdk1.8.0_191\jre\bin\api-ms-win-core-file-l2-1-0.dll
0x000000001b040000 - 0x000000001b043000 	C:\Program Files\Java\jdk1.8.0_191\jre\bin\api-ms-win-core-handle-l1-1-0.dll
0x000000001b050000 - 0x000000001b053000 	C:\Program Files\Java\jdk1.8.0_191\jre\bin\api-ms-win-core-heap-l1-1-0.dll
0x000000001b060000 - 0x000000001b063000 	C:\Program Files\Java\jdk1.8.0_191\jre\bin\api-ms-win-core-interlocked-l1-1-0.dll
0x000000001b070000 - 0x000000001b073000 	C:\Program Files\Java\jdk1.8.0_191\jre\bin\api-ms-win-core-libraryloader-l1-1-0.dll
0x000000001b080000 - 0x000000001b083000 	C:\Program Files\Java\jdk1.8.0_191\jre\bin\api-ms-win-core-localization-l1-2-0.dll
0x000000001b090000 - 0x000000001b093000 	C:\Program Files\Java\jdk1.8.0_191\jre\bin\api-ms-win-core-memory-l1-1-0.dll
0x000000001b0a0000 - 0x000000001b0a3000 	C:\Program Files\Java\jdk1.8.0_191\jre\bin\api-ms-win-core-namedpipe-l1-1-0.dll
0x000000001b0b0000 - 0x000000001b0b3000 	C:\Program Files\Java\jdk1.8.0_191\jre\bin\api-ms-win-core-processenvironment-l1-1-0.dll
0x000000001b0c0000 - 0x000000001b0c3000 	C:\Program Files\Java\jdk1.8.0_191\jre\bin\api-ms-win-core-processthreads-l1-1-0.dll
0x000000001b0d0000 - 0x000000001b0d3000 	C:\Program Files\Java\jdk1.8.0_191\jre\bin\api-ms-win-core-processthreads-l1-1-1.dll
0x000000001b0e0000 - 0x000000001b0e3000 	C:\Program Files\Java\jdk1.8.0_191\jre\bin\api-ms-win-core-profile-l1-1-0.dll
0x000000001b0f0000 - 0x000000001b0f3000 	C:\Program Files\Java\jdk1.8.0_191\jre\bin\api-ms-win-core-rtlsupport-l1-1-0.dll
0x000000001b100000 - 0x000000001b103000 	C:\Program Files\Java\jdk1.8.0_191\jre\bin\api-ms-win-core-string-l1-1-0.dll
0x000000001b110000 - 0x000000001b113000 	C:\Program Files\Java\jdk1.8.0_191\jre\bin\api-ms-win-core-synch-l1-1-0.dll
0x000000001b120000 - 0x000000001b123000 	C:\Program Files\Java\jdk1.8.0_191\jre\bin\api-ms-win-core-synch-l1-2-0.dll
0x000000001b130000 - 0x000000001b133000 	C:\Program Files\Java\jdk1.8.0_191\jre\bin\api-ms-win-core-sysinfo-l1-1-0.dll
0x000000001b140000 - 0x000000001b143000 	C:\Program Files\Java\jdk1.8.0_191\jre\bin\api-ms-win-core-timezone-l1-1-0.dll
0x000000001b150000 - 0x000000001b153000 	C:\Program Files\Java\jdk1.8.0_191\jre\bin\api-ms-win-core-util-l1-1-0.dll
0x000000001b160000 - 0x000000001b163000 	C:\Program Files\Java\jdk1.8.0_191\jre\bin\api-ms-win-crt-conio-l1-1-0.dll
0x000000001b170000 - 0x000000001b174000 	C:\Program Files\Java\jdk1.8.0_191\jre\bin\api-ms-win-crt-convert-l1-1-0.dll
0x000000001b180000 - 0x000000001b183000 	C:\Program Files\Java\jdk1.8.0_191\jre\bin\api-ms-win-crt-environment-l1-1-0.dll
0x000000001b190000 - 0x000000001b193000 	C:\Program Files\Java\jdk1.8.0_191\jre\bin\api-ms-win-crt-filesystem-l1-1-0.dll
0x000000001b1a0000 - 0x000000001b1a3000 	C:\Program Files\Java\jdk1.8.0_191\jre\bin\api-ms-win-crt-heap-l1-1-0.dll
0x000000001b1b0000 - 0x000000001b1b3000 	C:\Program Files\Java\jdk1.8.0_191\jre\bin\api-ms-win-crt-locale-l1-1-0.dll
0x000000001b1c0000 - 0x000000001b1c5000 	C:\Program Files\Java\jdk1.8.0_191\jre\bin\api-ms-win-crt-math-l1-1-0.dll
0x000000001b1d0000 - 0x000000001b1d5000 	C:\Program Files\Java\jdk1.8.0_191\jre\bin\api-ms-win-crt-multibyte-l1-1-0.dll
0x000000001b1e0000 - 0x000000001b1f0000 	C:\Program Files\Java\jdk1.8.0_191\jre\bin\api-ms-win-crt-private-l1-1-0.dll
0x000000001b1f0000 - 0x000000001b1f3000 	C:\Program Files\Java\jdk1.8.0_191\jre\bin\api-ms-win-crt-process-l1-1-0.dll
0x000000001b200000 - 0x000000001b204000 	C:\Program Files\Java\jdk1.8.0_191\jre\bin\api-ms-win-crt-runtime-l1-1-0.dll
0x000000001b210000 - 0x000000001b214000 	C:\Program Files\Java\jdk1.8.0_191\jre\bin\api-ms-win-crt-stdio-l1-1-0.dll
0x000000001b220000 - 0x000000001b224000 	C:\Program Files\Java\jdk1.8.0_191\jre\bin\api-ms-win-crt-string-l1-1-0.dll
0x000000001b230000 - 0x000000001b233000 	C:\Program Files\Java\jdk1.8.0_191\jre\bin\api-ms-win-crt-time-l1-1-0.dll
0x000000001b240000 - 0x000000001b243000 	C:\Program Files\Java\jdk1.8.0_191\jre\bin\api-ms-win-crt-utility-l1-1-0.dll
0x00007ffa836e0000 - 0x00007ffa837d6000 	C:\Program Files\Java\jdk1.8.0_191\jre\bin\ucrtbase.dll
0x00007ffa9d090000 - 0x00007ffa9d0a6000 	C:\Program Files\Java\jdk1.8.0_191\jre\bin\vcruntime140.dll
0x00007ffa85580000 - 0x00007ffa8561c000 	C:\Program Files\Java\jdk1.8.0_191\jre\bin\msvcp140.dll
0x00007ffa84790000 - 0x00007ffa847e1000 	C:\Program Files\Java\jdk1.8.0_191\jre\bin\concrt140.dll
0x00000000648a0000 - 0x00000000648c3000 	C:\Program Files\Java\jdk1.8.0_191\jre\bin\prism_d3d.dll
0x00007ffaa9660000 - 0x00007ffaa9827000 	C:\WINDOWS\system32\d3d9.dll
0x00007ffaaf550000 - 0x00007ffaaf57d000 	C:\WINDOWS\SYSTEM32\dwmapi.dll
0x00007ffaafcf0000 - 0x00007ffaafd10000 	C:\WINDOWS\SYSTEM32\dxcore.dll
0x00007ffaaf040000 - 0x00007ffaaf0d9000 	C:\WINDOWS\system32\uxtheme.dll
0x00007ffa62700000 - 0x00007ffa62892000 	C:\WINDOWS\System32\DriverStore\FileRepository\igdlh64.inf_amd64_9f310939ec1eebf9\igdumdim64.dll
0x00007ffa97250000 - 0x00007ffa973a3000 	C:\WINDOWS\System32\DriverStore\FileRepository\igdlh64.inf_amd64_9f310939ec1eebf9\igdgmm64.dll
0x0000000064850000 - 0x0000000064899000 	C:\Program Files\Java\jdk1.8.0_191\jre\bin\glass.dll
0x00007ffab3700000 - 0x00007ffab37d0000 	C:\WINDOWS\System32\COMDLG32.dll
0x00007ffab32b0000 - 0x00007ffab3407000 	C:\WINDOWS\System32\ole32.dll
0x00007ffab40d0000 - 0x00007ffab4195000 	C:\WINDOWS\System32\OLEAUT32.dll
0x00007ffab2290000 - 0x00007ffab23c5000 	C:\WINDOWS\System32\MSCTF.dll
0x00007ffa59c90000 - 0x00007ffa5d8a7000 	C:\WINDOWS\System32\DriverStore\FileRepository\igdlh64.inf_amd64_9f310939ec1eebf9\igd9dxva64.dll
0x00007ffa9c9e0000 - 0x00007ffa9ca02000 	C:\WINDOWS\System32\DriverStore\FileRepository\igdlh64.inf_amd64_9f310939ec1eebf9\igdinfo64.dll
0x00007ffa94d10000 - 0x00007ffa9708f000 	C:\WINDOWS\System32\DriverStore\FileRepository\igdlh64.inf_amd64_9f310939ec1eebf9\igc64.dll
0x00000000660d0000 - 0x00000000660dd000 	C:\Program Files\Java\jdk1.8.0_191\jre\bin\management.dll
0x0000000065ba0000 - 0x0000000065bba000 	C:\Program Files\Java\jdk1.8.0_191\jre\bin\net.dll
0x00007ffab08f0000 - 0x00007ffab0957000 	C:\WINDOWS\system32\mswsock.dll
0x0000000065b80000 - 0x0000000065b91000 	C:\Program Files\Java\jdk1.8.0_191\jre\bin\nio.dll
0x00007ffab0640000 - 0x00007ffab070b000 	C:\WINDOWS\SYSTEM32\DNSAPI.dll
0x00007ffab37d0000 - 0x00007ffab37d8000 	C:\WINDOWS\System32\NSI.dll
0x00007ffab0600000 - 0x00007ffab063a000 	C:\WINDOWS\SYSTEM32\IPHLPAPI.DLL
0x00007ffaa6380000 - 0x00007ffaa638a000 	C:\Windows\System32\rasadhlp.dll
0x00007ffaa9f10000 - 0x00007ffaa9f87000 	C:\WINDOWS\System32\fwpuclnt.dll
0x00007ffab1ea0000 - 0x00007ffab1ec6000 	C:\WINDOWS\System32\bcrypt.dll
0x00007ffaa1440000 - 0x00007ffaa1456000 	C:\WINDOWS\system32\napinsp.dll
0x00007ffaa1420000 - 0x00007ffaa143a000 	C:\WINDOWS\system32\pnrpnsp.dll
0x00007ffaa1410000 - 0x00007ffaa141e000 	C:\WINDOWS\System32\winrnr.dll
0x00007ffaaa640000 - 0x00007ffaaa65c000 	C:\WINDOWS\system32\NLAapi.dll
0x00007ffaa13c0000 - 0x00007ffaa13d5000 	C:\WINDOWS\system32\wshbth.dll
0x00007ffab0460000 - 0x00007ffab0493000 	C:\WINDOWS\system32\rsaenh.dll
0x00007ffab0fc0000 - 0x00007ffab0fe5000 	C:\WINDOWS\SYSTEM32\USERENV.dll
0x00007ffab0ac0000 - 0x00007ffab0acc000 	C:\WINDOWS\SYSTEM32\CRYPTBASE.dll
0x00007ffaaa0c0000 - 0x00007ffaaa0d6000 	C:\WINDOWS\SYSTEM32\dhcpcsvc6.DLL
0x00007ffaaa430000 - 0x00007ffaaa44c000 	C:\WINDOWS\SYSTEM32\dhcpcsvc.DLL
0x0000000064830000 - 0x0000000064844000 	C:\Program Files\Java\jdk1.8.0_191\jre\bin\javafx_font.dll
0x00007ffa973b0000 - 0x00007ffa976ae000 	C:\WINDOWS\SYSTEM32\dwrite.dll
0x0000000064800000 - 0x0000000064823000 	C:\Program Files\Java\jdk1.8.0_191\jre\bin\javafx_iio.dll
0x00007ffab3dd0000 - 0x00007ffab3e72000 	C:\WINDOWS\System32\clbcatq.dll
0x00007ffa9a6c0000 - 0x00007ffa9a86f000 	C:\WINDOWS\SYSTEM32\WindowsCodecs.dll
0x00007ffa90a00000 - 0x00007ffa90a3a000 	C:\WINDOWS\system32\dataexchange.dll
0x00007ffaae930000 - 0x00007ffaaeb0d000 	C:\WINDOWS\system32\dcomp.dll
0x00007ffaadf00000 - 0x00007ffaae15b000 	C:\WINDOWS\system32\d3d11.dll
0x00007ffaafd80000 - 0x00007ffaafe6b000 	C:\WINDOWS\system32\dxgi.dll
0x00007ffaaf0e0000 - 0x00007ffaaf342000 	C:\WINDOWS\system32\twinapi.appcore.dll

VM Arguments:
jvm_args: -Dfile.encoding=UTF-8 
java_command: F:\BUET\2-2\CSE 216 (Database Sessional)\Project\OnlineCourse\dist\run346140918\Online Course.jar
java_class_path (initial): F:\BUET\2-2\CSE 216 (Database Sessional)\Project\OnlineCourse\dist\run346140918\Online Course.jar
Launcher Type: SUN_STANDARD

Environment Variables:
PATH=C:\OracleDatabase\product\11.2.0\dbhome_1\bin;C:\Python38;C:\Python38\Scripts;C:\Python27\;C:\Python27\Scripts;C:\Program Files (x86)\Common Files\Oracle\Java\javapath;C:\Program Files (x86)\Common Files\ArcSoft\Bin;C:\Program Files (x86)\Intel\iCLS Client\;C:\Program Files\Intel\iCLS Client\;C:\Windows\system32;C:\Windows;C:\Windows\System32\Wbem;C:\Windows\System32\WindowsPowerShell\v1.0\;C:\Windows\System32\OpenSSH\;C:\Program Files (x86)\Intel\Intel(R) Management Engine Components\DAL;C:\Program Files\Intel\Intel(R) Management Engine Components\DAL;C:\Program Files (x86)\Intel\Intel(R) Management Engine Components\IPT;C:\Program Files\Intel\Intel(R) Management Engine Components\IPT;C:\Program Files (x86)\NVIDIA Corporation\PhysX\Common;C:\Program Files\Intel\WiFi\bin\;C:\Program Files (x86)\Print Conductor;C:\PHP7;C:\WINDOWS\system32;C:\WINDOWS;C:\WINDOWS\System32\Wbem;C:\WINDOWS\System32\WindowsPowerShell\v1.0\;C:\WINDOWS\System32\OpenSSH\;C:\cygwin64;C:\MinGW\bin;C:\ProgramData\chocolatey\bin;C:\ProgramData\ComposerSetup\bin;C:\composer;F:\BUET\2-2\CSE 216 (Database Sessional)\Project\Jar file;C:\Program Files\Git\cmd;C:\Python38\Scripts\;C:\Python38\;C:\Users\ASUS\Anaconda3;C:\Users\ASUS\Anaconda3\Library\mingw-w64\bin;C:\Users\ASUS\Anaconda3\Library\usr\bin;C:\Users\ASUS\Anaconda3\Library\bin;C:\Users\ASUS\Anaconda3\Scripts;C:\Users\ASUS\AppData\Local\Microsoft\WindowsApps;C:\Program Files (x86)\Print Conductor;C:\Users\ASUS\AppData\Roaming\Composer\vendor\bin;;C:\Users\ASUS\AppData\Local\Programs\Microsoft VS Code\bin;C:\Users\ASUS\AppData\Local\Programs\Microsoft VS Code Insiders\bin
USERNAME=ASUS
OS=Windows_NT
PROCESSOR_IDENTIFIER=Intel64 Family 6 Model 142 Stepping 10, GenuineIntel



---------------  S Y S T E M  ---------------

OS: Windows 10.0 , 64 bit Build 18362 (10.0.18362.1110)

CPU:total 8 (initial active 8) (4 cores per cpu, 2 threads per core) family 6 model 142 stepping 10, cmov, cx8, fxsr, mmx, sse, sse2, sse3, ssse3, sse4.1, sse4.2, popcnt, avx, avx2, aes, clmul, erms, 3dnowpref, lzcnt, ht, tsc, tscinvbit, bmi1, bmi2, adx

Memory: 4k page, physical 8272440k(674892k free), swap 33438264k(4676k free)

vm_info: Java HotSpot(TM) 64-Bit Server VM (25.191-b12) for windows-amd64 JRE (1.8.0_191-b12), built on Oct  6 2018 09:29:03 by "java_re" with MS VC++ 10.0 (VS2010)

time: Sun Nov 01 10:39:32 2020
elapsed time: 14 seconds (0d 0h 0m 14s)

