#
# There is insufficient memory for the Java Runtime Environment to continue.
# Native memory allocation (malloc) failed to allocate 32744 bytes for ChunkPool::allocate
# Possible reasons:
#   The system is out of physical RAM or swap space
#   In 32 bit mode, the process size limit was hit
# Possible solutions:
#   Reduce memory load on the system
#   Increase physical memory or swap space
#   Check if swap backing store is full
#   Use 64 bit Java on a 64 bit OS
#   Decrease Java heap size (-Xmx/-Xms)
#   Decrease number of Java threads
#   Decrease Java thread stack sizes (-Xss)
#   Set larger code cache with -XX:ReservedCodeCacheSize=
# This output file may be truncated or incomplete.
#
#  Out of Memory Error (allocation.cpp:273), pid=42944, tid=0x0000000000008cd0
#
# JRE version: Java(TM) SE Runtime Environment (8.0_191-b12) (build 1.8.0_191-b12)
# Java VM: Java HotSpot(TM) 64-Bit Server VM (25.191-b12 mixed mode windows-amd64 compressed oops)
# Failed to write core dump. Minidumps are not enabled by default on client versions of Windows
#

---------------  T H R E A D  ---------------

Current thread (0x0000000019e9e000):  JavaThread "C1 CompilerThread3" daemon [_thread_in_native, id=36048, stack(0x000000001aa40000,0x000000001ab40000)]

Stack: [0x000000001aa40000,0x000000001ab40000]
[error occurred during error reporting (printing stack bounds), id 0xc0000005]

Native frames: (J=compiled Java code, j=interpreted, Vv=VM code, C=native code)


Current CompileTask:
C1:  11177 3809   !   3       javafx.scene.Node::impl_intersectsBounds (1005 bytes)


---------------  P R O C E S S  ---------------

Java Threads: ( => current thread )
  0x000000001b0a3800 JavaThread "Prism Font Disposer" daemon [_thread_blocked, id=16680, stack(0x0000000024280000,0x0000000024380000)]
  0x000000001aeb5800 JavaThread "Thread-3" daemon [_thread_in_native, id=27124, stack(0x0000000022770000,0x0000000022870000)]
  0x000000001aea0000 JavaThread "JavaFX-Launcher" [_thread_blocked, id=22436, stack(0x0000000022870000,0x0000000022970000)]
  0x000000001ae50800 JavaThread "JavaFX Application Thread" [_thread_in_native, id=26528, stack(0x000000001bba0000,0x000000001bca0000)]
  0x000000001ae03000 JavaThread "Thread-1" daemon [_thread_blocked, id=36020, stack(0x000000001baa0000,0x000000001bba0000)]
  0x000000001ad83000 JavaThread "QuantumRenderer-0" daemon [_thread_blocked, id=44988, stack(0x000000001b7a0000,0x000000001b8a0000)]
  0x0000000019f0b800 JavaThread "Service Thread" daemon [_thread_blocked, id=41368, stack(0x000000001ab40000,0x000000001ac40000)]
=>0x0000000019e9e000 JavaThread "C1 CompilerThread3" daemon [_thread_in_native, id=36048, stack(0x000000001aa40000,0x000000001ab40000)]
  0x0000000019e7e800 JavaThread "C2 CompilerThread2" daemon [_thread_in_native, id=22576, stack(0x000000001a940000,0x000000001aa40000)]
  0x0000000019e7a000 JavaThread "C2 CompilerThread1" daemon [_thread_in_native, id=45076, stack(0x000000001a840000,0x000000001a940000)]
  0x0000000019e74800 JavaThread "C2 CompilerThread0" daemon [_thread_in_native, id=34920, stack(0x000000001a740000,0x000000001a840000)]
  0x0000000019e72000 JavaThread "Attach Listener" daemon [_thread_blocked, id=31492, stack(0x000000001a640000,0x000000001a740000)]
  0x0000000019e71800 JavaThread "Signal Dispatcher" daemon [_thread_blocked, id=42020, stack(0x000000001a540000,0x000000001a640000)]
  0x0000000019e61800 JavaThread "Finalizer" daemon [_thread_blocked, id=17200, stack(0x000000001a340000,0x000000001a440000)]
  0x0000000019e60800 JavaThread "Reference Handler" daemon [_thread_blocked, id=1040, stack(0x000000001a240000,0x000000001a340000)]
  0x0000000002ff2800 JavaThread "main" [_thread_blocked, id=9168, stack(0x0000000002e90000,0x0000000002f90000)]

Other Threads:
  0x0000000018068800 VMThread [stack: 0x0000000019d40000,0x0000000019e40000] [id=44152]
  0x0000000019f24800 WatcherThread [stack: 0x000000001ac40000,0x000000001ad40000] [id=40212]

VM state:not at safepoint (normal execution)

VM Mutex/Monitor currently owned by a thread: None

Heap:
 PSYoungGen      total 38400K, used 3341K [0x00000000d5f00000, 0x00000000daa00000, 0x0000000100000000)
  eden space 33280K, 10% used [0x00000000d5f00000,0x00000000d6243408,0x00000000d7f80000)
  from space 5120K, 0% used [0x00000000d8480000,0x00000000d8480000,0x00000000d8980000)
  to   space 5120K, 0% used [0x00000000d7f80000,0x00000000d7f80000,0x00000000d8480000)
 ParOldGen       total 93184K, used 20649K [0x0000000081c00000, 0x0000000087700000, 0x00000000d5f00000)
  object space 93184K, 22% used [0x0000000081c00000,0x000000008302a4b8,0x0000000087700000)
 Metaspace       used 20514K, capacity 21580K, committed 21808K, reserved 1069056K
  class space    used 2846K, capacity 3107K, committed 3120K, reserved 1048576K

Card table byte_map: [0x00000000124b0000,0x00000000128b0000] byte_map_base: 0x00000000120a2000

Marking Bits: (ParMarkBitMap*) 0x00000000750b3e30
 Begin Bits: [0x0000000013360000, 0x00000000152f0000)
 End Bits:   [0x00000000152f0000, 0x0000000017280000)

Polling page: 0x0000000001110000

CodeCache: size=245760Kb used=12216Kb max_used=12227Kb free=233543Kb
 bounds [0x00000000030f0000, 0x0000000003cf0000, 0x00000000120f0000]
 total_blobs=4467 nmethods=3784 adapters=592
 compilation: enabled

Compilation events (10 events):
Event: 10.713 Thread 0x0000000019e7e800 3805       4       java.util.WeakHashMap::<init> (133 bytes)
Event: 10.714 Thread 0x0000000019e74800 3806       4       java.util.WeakHashMap$EntrySet::iterator (13 bytes)
Event: 10.714 Thread 0x0000000019e7a000 nmethod 3804 0x0000000003ce2bd0 code [0x0000000003ce2d20, 0x0000000003ce2e08]
Event: 10.716 Thread 0x0000000019e74800 nmethod 3806 0x0000000003ce2890 code [0x0000000003ce29e0, 0x0000000003ce2ae8]
Event: 10.720 Thread 0x0000000019e7e800 nmethod 3805 0x0000000003ce4ad0 code [0x0000000003ce4c40, 0x0000000003ce4fe8]
Event: 10.734 Thread 0x0000000019e7a000 3807       4       java.util.concurrent.locks.AbstractQueuedSynchronizer$ConditionObject::signal (33 bytes)
Event: 10.742 Thread 0x0000000019e7a000 nmethod 3807 0x0000000003ce42d0 code [0x0000000003ce4440, 0x0000000003ce4788]
Event: 11.130 Thread 0x0000000019e9e000 3808       3       com.sun.prism.impl.BaseResourcePool::freeDisposalRequestedAndCheckResources (156 bytes)
Event: 11.132 Thread 0x0000000019e9e000 nmethod 3808 0x0000000003ce6a50 code [0x0000000003ce6c80, 0x0000000003ce7cc8]
Event: 11.171 Thread 0x0000000019e9e000 3809   !   3       javafx.scene.Node::impl_intersectsBounds (1005 bytes)

GC Heap History (10 events):
Event: 1.802 GC heap before
{Heap before GC invocations=1 (full 0):
 PSYoungGen      total 38400K, used 33280K [0x00000000d5f00000, 0x00000000d8980000, 0x0000000100000000)
  eden space 33280K, 100% used [0x00000000d5f00000,0x00000000d7f80000,0x00000000d7f80000)
  from space 5120K, 0% used [0x00000000d8480000,0x00000000d8480000,0x00000000d8980000)
  to   space 5120K, 0% used [0x00000000d7f80000,0x00000000d7f80000,0x00000000d8480000)
 ParOldGen       total 87552K, used 0K [0x0000000081c00000, 0x0000000087180000, 0x00000000d5f00000)
  object space 87552K, 0% used [0x0000000081c00000,0x0000000081c00000,0x0000000087180000)
 Metaspace       used 13324K, capacity 13844K, committed 13952K, reserved 1060864K
  class space    used 1738K, capacity 1905K, committed 1920K, reserved 1048576K
Event: 1.809 GC heap after
Heap after GC invocations=1 (full 0):
 PSYoungGen      total 38400K, used 5088K [0x00000000d5f00000, 0x00000000d8980000, 0x0000000100000000)
  eden space 33280K, 0% used [0x00000000d5f00000,0x00000000d5f00000,0x00000000d7f80000)
  from space 5120K, 99% used [0x00000000d7f80000,0x00000000d8478040,0x00000000d8480000)
  to   space 5120K, 0% used [0x00000000d8480000,0x00000000d8480000,0x00000000d8980000)
 ParOldGen       total 87552K, used 380K [0x0000000081c00000, 0x0000000087180000, 0x00000000d5f00000)
  object space 87552K, 0% used [0x0000000081c00000,0x0000000081c5f010,0x0000000087180000)
 Metaspace       used 13324K, capacity 13844K, committed 13952K, reserved 1060864K
  class space    used 1738K, capacity 1905K, committed 1920K, reserved 1048576K
}
Event: 2.551 GC heap before
{Heap before GC invocations=2 (full 0):
 PSYoungGen      total 38400K, used 38368K [0x00000000d5f00000, 0x00000000d8980000, 0x0000000100000000)
  eden space 33280K, 100% used [0x00000000d5f00000,0x00000000d7f80000,0x00000000d7f80000)
  from space 5120K, 99% used [0x00000000d7f80000,0x00000000d8478040,0x00000000d8480000)
  to   space 5120K, 0% used [0x00000000d8480000,0x00000000d8480000,0x00000000d8980000)
 ParOldGen       total 87552K, used 380K [0x0000000081c00000, 0x0000000087180000, 0x00000000d5f00000)
  object space 87552K, 0% used [0x0000000081c00000,0x0000000081c5f010,0x0000000087180000)
 Metaspace       used 16880K, capacity 17688K, committed 17920K, reserved 1064960K
  class space    used 2326K, capacity 2525K, committed 2560K, reserved 1048576K
Event: 2.562 GC heap after
Heap after GC invocations=2 (full 0):
 PSYoungGen      total 38400K, used 5103K [0x00000000d5f00000, 0x00000000d8980000, 0x0000000100000000)
  eden space 33280K, 0% used [0x00000000d5f00000,0x00000000d5f00000,0x00000000d7f80000)
  from space 5120K, 99% used [0x00000000d8480000,0x00000000d897bd60,0x00000000d8980000)
  to   space 5120K, 0% used [0x00000000d7f80000,0x00000000d7f80000,0x00000000d8480000)
 ParOldGen       total 87552K, used 6698K [0x0000000081c00000, 0x0000000087180000, 0x00000000d5f00000)
  object space 87552K, 7% used [0x0000000081c00000,0x000000008228a998,0x0000000087180000)
 Metaspace       used 16880K, capacity 17688K, committed 17920K, reserved 1064960K
  class space    used 2326K, capacity 2525K, committed 2560K, reserved 1048576K
}
Event: 3.346 GC heap before
{Heap before GC invocations=3 (full 0):
 PSYoungGen      total 38400K, used 37705K [0x00000000d5f00000, 0x00000000d8980000, 0x0000000100000000)
  eden space 33280K, 97% used [0x00000000d5f00000,0x00000000d7ed6790,0x00000000d7f80000)
  from space 5120K, 99% used [0x00000000d8480000,0x00000000d897bd60,0x00000000d8980000)
  to   space 5120K, 0% used [0x00000000d7f80000,0x00000000d7f80000,0x00000000d8480000)
 ParOldGen       total 87552K, used 6698K [0x0000000081c00000, 0x0000000087180000, 0x00000000d5f00000)
  object space 87552K, 7% used [0x0000000081c00000,0x000000008228a998,0x0000000087180000)
 Metaspace       used 19743K, capacity 20774K, committed 20992K, reserved 1067008K
  class space    used 2811K, capacity 3062K, committed 3072K, reserved 1048576K
Event: 3.362 GC heap after
Heap after GC invocations=3 (full 0):
 PSYoungGen      total 38400K, used 5102K [0x00000000d5f00000, 0x00000000d8980000, 0x0000000100000000)
  eden space 33280K, 0% used [0x00000000d5f00000,0x00000000d5f00000,0x00000000d7f80000)
  from space 5120K, 99% used [0x00000000d7f80000,0x00000000d847bae0,0x00000000d8480000)
  to   space 5120K, 0% used [0x00000000d8480000,0x00000000d8480000,0x00000000d8980000)
 ParOldGen       total 87552K, used 12131K [0x0000000081c00000, 0x0000000087180000, 0x00000000d5f00000)
  object space 87552K, 13% used [0x0000000081c00000,0x00000000827d8e50,0x0000000087180000)
 Metaspace       used 19743K, capacity 20774K, committed 20992K, reserved 1067008K
  class space    used 2811K, capacity 3062K, committed 3072K, reserved 1048576K
}
Event: 5.437 GC heap before
{Heap before GC invocations=4 (full 0):
 PSYoungGen      total 38400K, used 16323K [0x00000000d5f00000, 0x00000000d8980000, 0x0000000100000000)
  eden space 33280K, 33% used [0x00000000d5f00000,0x00000000d69f5310,0x00000000d7f80000)
  from space 5120K, 99% used [0x00000000d7f80000,0x00000000d847bae0,0x00000000d8480000)
  to   space 5120K, 0% used [0x00000000d8480000,0x00000000d8480000,0x00000000d8980000)
 ParOldGen       total 87552K, used 12131K [0x0000000081c00000, 0x0000000087180000, 0x00000000d5f00000)
  object space 87552K, 13% used [0x0000000081c00000,0x00000000827d8e50,0x0000000087180000)
 Metaspace       used 20254K, capacity 21276K, committed 21296K, reserved 1067008K
  class space    used 2843K, capacity 3101K, committed 3120K, reserved 1048576K
Event: 5.453 GC heap after
Heap after GC invocations=4 (full 0):
 PSYoungGen      total 38400K, used 5102K [0x00000000d5f00000, 0x00000000daa00000, 0x0000000100000000)
  eden space 33280K, 0% used [0x00000000d5f00000,0x00000000d5f00000,0x00000000d7f80000)
  from space 5120K, 99% used [0x00000000d8480000,0x00000000d897baf0,0x00000000d8980000)
  to   space 5120K, 0% used [0x00000000d7f80000,0x00000000d7f80000,0x00000000d8480000)
 ParOldGen       total 87552K, used 19673K [0x0000000081c00000, 0x0000000087180000, 0x00000000d5f00000)
  object space 87552K, 22% used [0x0000000081c00000,0x0000000082f36690,0x0000000087180000)
 Metaspace       used 20254K, capacity 21276K, committed 21296K, reserved 1067008K
  class space    used 2843K, capacity 3101K, committed 3120K, reserved 1048576K
}
Event: 5.453 GC heap before
{Heap before GC invocations=5 (full 1):
 PSYoungGen      total 38400K, used 5102K [0x00000000d5f00000, 0x00000000daa00000, 0x0000000100000000)
  eden space 33280K, 0% used [0x00000000d5f00000,0x00000000d5f00000,0x00000000d7f80000)
  from space 5120K, 99% used [0x00000000d8480000,0x00000000d897baf0,0x00000000d8980000)
  to   space 5120K, 0% used [0x00000000d7f80000,0x00000000d7f80000,0x00000000d8480000)
 ParOldGen       total 87552K, used 19673K [0x0000000081c00000, 0x0000000087180000, 0x00000000d5f00000)
  object space 87552K, 22% used [0x0000000081c00000,0x0000000082f36690,0x0000000087180000)
 Metaspace       used 20254K, capacity 21276K, committed 21296K, reserved 1067008K
  class space    used 2843K, capacity 3101K, committed 3120K, reserved 1048576K
Event: 5.783 GC heap after
Heap after GC invocations=5 (full 1):
 PSYoungGen      total 38400K, used 0K [0x00000000d5f00000, 0x00000000daa00000, 0x0000000100000000)
  eden space 33280K, 0% used [0x00000000d5f00000,0x00000000d5f00000,0x00000000d7f80000)
  from space 5120K, 0% used [0x00000000d8480000,0x00000000d8480000,0x00000000d8980000)
  to   space 5120K, 0% used [0x00000000d7f80000,0x00000000d7f80000,0x00000000d8480000)
 ParOldGen       total 93184K, used 20649K [0x0000000081c00000, 0x0000000087700000, 0x00000000d5f00000)
  object space 93184K, 22% used [0x0000000081c00000,0x000000008302a4b8,0x0000000087700000)
 Metaspace       used 20254K, capacity 21276K, committed 21296K, reserved 1067008K
  class space    used 2843K, capacity 3101K, committed 3120K, reserved 1048576K
}

Deoptimization events (10 events):
Event: 3.138 Thread 0x000000001ae50800 Uncommon trap: reason=unstable_if action=reinterpret pc=0x000000000363d7f4 method=com.sun.javafx.geom.Path2D$SVGParser.toNumberEnd()I @ 14
Event: 3.146 Thread 0x000000001ae50800 Uncommon trap: reason=unstable_if action=reinterpret pc=0x00000000034fefa8 method=jdk.internal.org.objectweb.asm.Type.getArgumentsAndReturnSizes(Ljava/lang/String;)I @ 47
Event: 3.161 Thread 0x000000001ae50800 Uncommon trap: reason=array_check action=maybe_recompile pc=0x00000000039af044 method=com.sun.javafx.css.CompoundSelector.applies(Ljavafx/css/Styleable;[Ljava/util/Set;I)Z @ 128
Event: 3.214 Thread 0x000000001ae50800 Uncommon trap: reason=unstable_if action=reinterpret pc=0x0000000003661910 method=sun.misc.FloatingDecimal$ASCIIToBinaryBuffer.floatValue()F @ 83
Event: 4.866 Thread 0x000000001ad83000 Uncommon trap: reason=class_check action=maybe_recompile pc=0x0000000003a63f78 method=java.util.WeakHashMap.eq(Ljava/lang/Object;Ljava/lang/Object;)Z @ 7
Event: 4.866 Thread 0x000000001ad83000 Uncommon trap: reason=class_check action=maybe_recompile pc=0x0000000003a63f78 method=java.util.WeakHashMap.eq(Ljava/lang/Object;Ljava/lang/Object;)Z @ 7
Event: 4.870 Thread 0x000000001ad83000 Uncommon trap: reason=class_check action=maybe_recompile pc=0x0000000003a63f78 method=java.util.WeakHashMap.eq(Ljava/lang/Object;Ljava/lang/Object;)Z @ 7
Event: 5.170 Thread 0x000000001ad83000 Uncommon trap: reason=unstable_if action=reinterpret pc=0x0000000003b34c3c method=com.sun.javafx.text.TextRun.getPosX(I)F @ 46
Event: 5.170 Thread 0x000000001ad83000 Uncommon trap: reason=unstable_if action=reinterpret pc=0x0000000003b32b04 method=java.lang.Math.round(F)I @ 36
Event: 11.128 Thread 0x000000001ad83000 Uncommon trap: reason=unstable_if action=reinterpret pc=0x0000000003ce3154 method=com.sun.prism.impl.ManagedResource.bumpAge(I)V @ 7

Classes redefined (0 events):
No events

Internal exceptions (10 events):
Event: 1.756 Thread 0x000000001ae50800 Exception <a 'java/io/FileNotFoundException'> (0x00000000d7e6f410) thrown at [C:\re\workspace\8-2-build-windows-amd64-cygwin\jdk8u191\11896\hotspot\src\share\vm\prims\jni.cpp, line 709]
Event: 1.757 Thread 0x000000001ae50800 Exception <a 'java/io/FileNotFoundException'> (0x00000000d7e72400) thrown at [C:\re\workspace\8-2-build-windows-amd64-cygwin\jdk8u191\11896\hotspot\src\share\vm\prims\jni.cpp, line 709]
Event: 1.759 Thread 0x000000001ae50800 Exception <a 'java/io/FileNotFoundException'> (0x00000000d7e78ff8) thrown at [C:\re\workspace\8-2-build-windows-amd64-cygwin\jdk8u191\11896\hotspot\src\share\vm\prims\jni.cpp, line 709]
Event: 1.761 Thread 0x000000001ae50800 Exception <a 'java/io/FileNotFoundException'> (0x00000000d7e7f350) thrown at [C:\re\workspace\8-2-build-windows-amd64-cygwin\jdk8u191\11896\hotspot\src\share\vm\prims\jni.cpp, line 709]
Event: 1.761 Thread 0x000000001ae50800 Exception <a 'java/io/FileNotFoundException'> (0x00000000d7e80630) thrown at [C:\re\workspace\8-2-build-windows-amd64-cygwin\jdk8u191\11896\hotspot\src\share\vm\prims\jni.cpp, line 709]
Event: 1.762 Thread 0x000000001ae50800 Exception <a 'java/io/FileNotFoundException'> (0x00000000d7e853a8) thrown at [C:\re\workspace\8-2-build-windows-amd64-cygwin\jdk8u191\11896\hotspot\src\share\vm\prims\jni.cpp, line 709]
Event: 2.242 Thread 0x000000001ae50800 Implicit null exception at 0x000000000342eb35 to 0x000000000342ed4d
Event: 2.242 Thread 0x000000001ae50800 Implicit null exception at 0x00000000034ed47b to 0x00000000034edde5
Event: 2.490 Thread 0x000000001ae50800 Implicit null exception at 0x00000000037a8d6d to 0x00000000037aa53d
Event: 2.948 Thread 0x000000001ae50800 Implicit null exception at 0x00000000038ca75a to 0x00000000038ce369

Events (10 events):
Event: 10.055 loading class com/sun/javafx/tk/quantum/GlassWindowEventHandler done
Event: 10.082 loading class com/sun/javafx/tk/quantum/QuantumToolkit
Event: 10.082 loading class com/sun/javafx/tk/quantum/QuantumToolkit done
Event: 10.082 loading class com/sun/javafx/tk/quantum/QuantumToolkit
Event: 10.082 loading class com/sun/javafx/tk/quantum/QuantumToolkit done
Event: 10.083 loading class com/sun/javafx/tk/RenderJob
Event: 10.083 loading class com/sun/javafx/tk/RenderJob done
Event: 11.128 Thread 0x000000001ad83000 Uncommon trap: trap_request=0xffffff65 fr.pc=0x0000000003ce3154
Event: 11.128 Thread 0x000000001ad83000 DEOPT PACKING pc=0x0000000003ce3154 sp=0x000000001b89edf0
Event: 11.128 Thread 0x000000001ad83000 DEOPT UNPACKING pc=0x000000000313583b sp=0x000000001b89ed18 mode 2


Dynamic libraries:
0x00007ff640350000 - 0x00007ff640387000 	C:\Program Files\Java\jdk1.8.0_191\jre\bin\java.exe
0x00007ffdb8c00000 - 0x00007ffdb8df0000 	C:\WINDOWS\SYSTEM32\ntdll.dll
0x00007ffdb7170000 - 0x00007ffdb7222000 	C:\WINDOWS\System32\KERNEL32.DLL
0x00007ffdb5d30000 - 0x00007ffdb5fd4000 	C:\WINDOWS\System32\KERNELBASE.dll
0x00007ffdb7230000 - 0x00007ffdb72d3000 	C:\WINDOWS\System32\ADVAPI32.dll
0x00007ffdb82c0000 - 0x00007ffdb835e000 	C:\WINDOWS\System32\msvcrt.dll
0x00007ffdb8360000 - 0x00007ffdb83f7000 	C:\WINDOWS\System32\sechost.dll
0x00007ffdb7bf0000 - 0x00007ffdb7d10000 	C:\WINDOWS\System32\RPCRT4.dll
0x00007ffdb7720000 - 0x00007ffdb78b4000 	C:\WINDOWS\System32\USER32.dll
0x00007ffdb5fe0000 - 0x00007ffdb6001000 	C:\WINDOWS\System32\win32u.dll
0x00007ffdb6fa0000 - 0x00007ffdb6fc6000 	C:\WINDOWS\System32\GDI32.dll
0x00007ffdb6010000 - 0x00007ffdb61a6000 	C:\WINDOWS\System32\gdi32full.dll
0x00007ffdb6ac0000 - 0x00007ffdb6b5e000 	C:\WINDOWS\System32\msvcp_win.dll
0x00007ffdb5bb0000 - 0x00007ffdb5caa000 	C:\WINDOWS\System32\ucrtbase.dll
0x00007ffdad5c0000 - 0x00007ffdad844000 	C:\WINDOWS\WinSxS\amd64_microsoft.windows.common-controls_6595b64144ccf1df_6.0.18362.959_none_e6c7bbbf130c62bb\COMCTL32.dll
0x00007ffdb73c0000 - 0x00007ffdb76f5000 	C:\WINDOWS\System32\combase.dll
0x00007ffdb6260000 - 0x00007ffdb62e0000 	C:\WINDOWS\System32\bcryptPrimitives.dll
0x00007ffdb72e0000 - 0x00007ffdb730e000 	C:\WINDOWS\System32\IMM32.DLL
0x00000000747b0000 - 0x0000000074882000 	C:\Program Files\Java\jdk1.8.0_191\jre\bin\msvcr100.dll
0x0000000074890000 - 0x0000000075134000 	C:\Program Files\Java\jdk1.8.0_191\jre\bin\server\jvm.dll
0x00007ffdb7d90000 - 0x00007ffdb7d98000 	C:\WINDOWS\System32\PSAPI.DLL
0x00007ffdaaf70000 - 0x00007ffdaaf94000 	C:\WINDOWS\SYSTEM32\WINMM.dll
0x00007ffdaea60000 - 0x00007ffdaea6a000 	C:\WINDOWS\SYSTEM32\VERSION.dll
0x00007ffda9650000 - 0x00007ffda9659000 	C:\WINDOWS\SYSTEM32\WSOCK32.dll
0x00007ffdb6fd0000 - 0x00007ffdb703f000 	C:\WINDOWS\System32\WS2_32.dll
0x00007ffdaaf40000 - 0x00007ffdaaf6d000 	C:\WINDOWS\SYSTEM32\winmmbase.dll
0x00007ffdb62e0000 - 0x00007ffdb632a000 	C:\WINDOWS\System32\cfgmgr32.dll
0x0000000076f70000 - 0x0000000076f7f000 	C:\Program Files\Java\jdk1.8.0_191\jre\bin\verify.dll
0x0000000075450000 - 0x0000000075479000 	C:\Program Files\Java\jdk1.8.0_191\jre\bin\java.dll
0x0000000074790000 - 0x00000000747a6000 	C:\Program Files\Java\jdk1.8.0_191\jre\bin\zip.dll
0x00007ffdb84d0000 - 0x00007ffdb8bb6000 	C:\WINDOWS\System32\SHELL32.dll
0x00007ffdb7da0000 - 0x00007ffdb7e49000 	C:\WINDOWS\System32\shcore.dll
0x00007ffdb6330000 - 0x00007ffdb6ab2000 	C:\WINDOWS\System32\windows.storage.dll
0x00007ffdb5ae0000 - 0x00007ffdb5b03000 	C:\WINDOWS\System32\profapi.dll
0x00007ffdb5b30000 - 0x00007ffdb5b7a000 	C:\WINDOWS\System32\powrprof.dll
0x00007ffdb5ab0000 - 0x00007ffdb5ac0000 	C:\WINDOWS\System32\UMPDC.dll
0x00007ffdb7040000 - 0x00007ffdb7092000 	C:\WINDOWS\System32\shlwapi.dll
0x00007ffdb5ac0000 - 0x00007ffdb5ad1000 	C:\WINDOWS\System32\kernel.appcore.dll
0x00007ffdb5d10000 - 0x00007ffdb5d27000 	C:\WINDOWS\System32\cryptsp.dll
0x0000000002fc0000 - 0x0000000002fc3000 	C:\Program Files\Java\jdk1.8.0_191\jre\bin\api-ms-win-core-console-l1-1-0.dll
0x0000000002fd0000 - 0x0000000002fd3000 	C:\Program Files\Java\jdk1.8.0_191\jre\bin\api-ms-win-core-datetime-l1-1-0.dll
0x000000001b540000 - 0x000000001b543000 	C:\Program Files\Java\jdk1.8.0_191\jre\bin\api-ms-win-core-debug-l1-1-0.dll
0x000000001b550000 - 0x000000001b553000 	C:\Program Files\Java\jdk1.8.0_191\jre\bin\api-ms-win-core-errorhandling-l1-1-0.dll
0x000000001b560000 - 0x000000001b564000 	C:\Program Files\Java\jdk1.8.0_191\jre\bin\api-ms-win-core-file-l1-1-0.dll
0x000000001b570000 - 0x000000001b573000 	C:\Program Files\Java\jdk1.8.0_191\jre\bin\api-ms-win-core-file-l1-2-0.dll
0x000000001b580000 - 0x000000001b583000 	C:\Program Files\Java\jdk1.8.0_191\jre\bin\api-ms-win-core-file-l2-1-0.dll
0x000000001b590000 - 0x000000001b593000 	C:\Program Files\Java\jdk1.8.0_191\jre\bin\api-ms-win-core-handle-l1-1-0.dll
0x000000001b5a0000 - 0x000000001b5a3000 	C:\Program Files\Java\jdk1.8.0_191\jre\bin\api-ms-win-core-heap-l1-1-0.dll
0x000000001b5b0000 - 0x000000001b5b3000 	C:\Program Files\Java\jdk1.8.0_191\jre\bin\api-ms-win-core-interlocked-l1-1-0.dll
0x000000001b5c0000 - 0x000000001b5c3000 	C:\Program Files\Java\jdk1.8.0_191\jre\bin\api-ms-win-core-libraryloader-l1-1-0.dll
0x000000001b5d0000 - 0x000000001b5d3000 	C:\Program Files\Java\jdk1.8.0_191\jre\bin\api-ms-win-core-localization-l1-2-0.dll
0x000000001b5e0000 - 0x000000001b5e3000 	C:\Program Files\Java\jdk1.8.0_191\jre\bin\api-ms-win-core-memory-l1-1-0.dll
0x000000001b5f0000 - 0x000000001b5f3000 	C:\Program Files\Java\jdk1.8.0_191\jre\bin\api-ms-win-core-namedpipe-l1-1-0.dll
0x000000001b600000 - 0x000000001b603000 	C:\Program Files\Java\jdk1.8.0_191\jre\bin\api-ms-win-core-processenvironment-l1-1-0.dll
0x000000001b610000 - 0x000000001b613000 	C:\Program Files\Java\jdk1.8.0_191\jre\bin\api-ms-win-core-processthreads-l1-1-0.dll
0x000000001b620000 - 0x000000001b623000 	C:\Program Files\Java\jdk1.8.0_191\jre\bin\api-ms-win-core-processthreads-l1-1-1.dll
0x000000001b630000 - 0x000000001b633000 	C:\Program Files\Java\jdk1.8.0_191\jre\bin\api-ms-win-core-profile-l1-1-0.dll
0x000000001b640000 - 0x000000001b643000 	C:\Program Files\Java\jdk1.8.0_191\jre\bin\api-ms-win-core-rtlsupport-l1-1-0.dll
0x000000001b650000 - 0x000000001b653000 	C:\Program Files\Java\jdk1.8.0_191\jre\bin\api-ms-win-core-string-l1-1-0.dll
0x000000001b660000 - 0x000000001b663000 	C:\Program Files\Java\jdk1.8.0_191\jre\bin\api-ms-win-core-synch-l1-1-0.dll
0x000000001b670000 - 0x000000001b673000 	C:\Program Files\Java\jdk1.8.0_191\jre\bin\api-ms-win-core-synch-l1-2-0.dll
0x000000001b680000 - 0x000000001b683000 	C:\Program Files\Java\jdk1.8.0_191\jre\bin\api-ms-win-core-sysinfo-l1-1-0.dll
0x000000001b690000 - 0x000000001b693000 	C:\Program Files\Java\jdk1.8.0_191\jre\bin\api-ms-win-core-timezone-l1-1-0.dll
0x000000001b6a0000 - 0x000000001b6a3000 	C:\Program Files\Java\jdk1.8.0_191\jre\bin\api-ms-win-core-util-l1-1-0.dll
0x000000001b6b0000 - 0x000000001b6b3000 	C:\Program Files\Java\jdk1.8.0_191\jre\bin\api-ms-win-crt-conio-l1-1-0.dll
0x000000001b6c0000 - 0x000000001b6c4000 	C:\Program Files\Java\jdk1.8.0_191\jre\bin\api-ms-win-crt-convert-l1-1-0.dll
0x000000001b6d0000 - 0x000000001b6d3000 	C:\Program Files\Java\jdk1.8.0_191\jre\bin\api-ms-win-crt-environment-l1-1-0.dll
0x000000001b6e0000 - 0x000000001b6e3000 	C:\Program Files\Java\jdk1.8.0_191\jre\bin\api-ms-win-crt-filesystem-l1-1-0.dll
0x000000001b6f0000 - 0x000000001b6f3000 	C:\Program Files\Java\jdk1.8.0_191\jre\bin\api-ms-win-crt-heap-l1-1-0.dll
0x000000001b700000 - 0x000000001b703000 	C:\Program Files\Java\jdk1.8.0_191\jre\bin\api-ms-win-crt-locale-l1-1-0.dll
0x000000001b710000 - 0x000000001b715000 	C:\Program Files\Java\jdk1.8.0_191\jre\bin\api-ms-win-crt-math-l1-1-0.dll
0x000000001b720000 - 0x000000001b725000 	C:\Program Files\Java\jdk1.8.0_191\jre\bin\api-ms-win-crt-multibyte-l1-1-0.dll
0x000000001b730000 - 0x000000001b740000 	C:\Program Files\Java\jdk1.8.0_191\jre\bin\api-ms-win-crt-private-l1-1-0.dll
0x000000001b740000 - 0x000000001b743000 	C:\Program Files\Java\jdk1.8.0_191\jre\bin\api-ms-win-crt-process-l1-1-0.dll
0x000000001b750000 - 0x000000001b754000 	C:\Program Files\Java\jdk1.8.0_191\jre\bin\api-ms-win-crt-runtime-l1-1-0.dll
0x000000001b760000 - 0x000000001b764000 	C:\Program Files\Java\jdk1.8.0_191\jre\bin\api-ms-win-crt-stdio-l1-1-0.dll
0x000000001b770000 - 0x000000001b774000 	C:\Program Files\Java\jdk1.8.0_191\jre\bin\api-ms-win-crt-string-l1-1-0.dll
0x000000001b780000 - 0x000000001b783000 	C:\Program Files\Java\jdk1.8.0_191\jre\bin\api-ms-win-crt-time-l1-1-0.dll
0x000000001b790000 - 0x000000001b793000 	C:\Program Files\Java\jdk1.8.0_191\jre\bin\api-ms-win-crt-utility-l1-1-0.dll
0x00007ffd8b6a0000 - 0x00007ffd8b796000 	C:\Program Files\Java\jdk1.8.0_191\jre\bin\ucrtbase.dll
0x00007ffdb1650000 - 0x00007ffdb1666000 	C:\Program Files\Java\jdk1.8.0_191\jre\bin\vcruntime140.dll
0x00007ffd956a0000 - 0x00007ffd9573c000 	C:\Program Files\Java\jdk1.8.0_191\jre\bin\msvcp140.dll
0x00007ffdad260000 - 0x00007ffdad2b1000 	C:\Program Files\Java\jdk1.8.0_191\jre\bin\concrt140.dll
0x0000000075850000 - 0x0000000075873000 	C:\Program Files\Java\jdk1.8.0_191\jre\bin\prism_d3d.dll
0x00007ffdaccb0000 - 0x00007ffdace77000 	C:\WINDOWS\system32\d3d9.dll
0x00007ffdb3ea0000 - 0x00007ffdb3ecd000 	C:\WINDOWS\SYSTEM32\dwmapi.dll
0x00007ffdb4720000 - 0x00007ffdb4740000 	C:\WINDOWS\SYSTEM32\dxcore.dll
0x00007ffdb3a70000 - 0x00007ffdb3b09000 	C:\WINDOWS\system32\uxtheme.dll
0x00007ffd64c30000 - 0x00007ffd64dc2000 	C:\WINDOWS\System32\DriverStore\FileRepository\igdlh64.inf_amd64_9f310939ec1eebf9\igdumdim64.dll
0x00007ffd99f30000 - 0x00007ffd9a083000 	C:\WINDOWS\System32\DriverStore\FileRepository\igdlh64.inf_amd64_9f310939ec1eebf9\igdgmm64.dll
0x0000000075800000 - 0x0000000075849000 	C:\Program Files\Java\jdk1.8.0_191\jre\bin\glass.dll
0x00007ffdb8400000 - 0x00007ffdb84d0000 	C:\WINDOWS\System32\COMDLG32.dll
0x00007ffdb78d0000 - 0x00007ffdb7a27000 	C:\WINDOWS\System32\ole32.dll
0x00007ffdb70a0000 - 0x00007ffdb7165000 	C:\WINDOWS\System32\OLEAUT32.dll
0x00007ffdb6e60000 - 0x00007ffdb6f95000 	C:\WINDOWS\System32\MSCTF.dll
0x00007ffd61010000 - 0x00007ffd64c27000 	C:\WINDOWS\System32\DriverStore\FileRepository\igdlh64.inf_amd64_9f310939ec1eebf9\igd9dxva64.dll
0x00007ffd84a30000 - 0x00007ffd84a52000 	C:\WINDOWS\System32\DriverStore\FileRepository\igdlh64.inf_amd64_9f310939ec1eebf9\igdinfo64.dll
0x00007ffd97bb0000 - 0x00007ffd99f2f000 	C:\WINDOWS\System32\DriverStore\FileRepository\igdlh64.inf_amd64_9f310939ec1eebf9\igc64.dll
0x00000000757e0000 - 0x00000000757f4000 	C:\Program Files\Java\jdk1.8.0_191\jre\bin\javafx_font.dll
0x00007ffd9be10000 - 0x00007ffd9c10e000 	C:\WINDOWS\SYSTEM32\dwrite.dll
0x00007ffdb4e90000 - 0x00007ffdb4ec3000 	C:\WINDOWS\system32\rsaenh.dll
0x00007ffdb5b80000 - 0x00007ffdb5ba6000 	C:\WINDOWS\System32\bcrypt.dll
0x00007ffdb59d0000 - 0x00007ffdb59f5000 	C:\WINDOWS\SYSTEM32\USERENV.dll
0x00007ffdb54f0000 - 0x00007ffdb54fc000 	C:\WINDOWS\SYSTEM32\CRYPTBASE.dll
0x0000000074770000 - 0x000000007478a000 	C:\Program Files\Java\jdk1.8.0_191\jre\bin\net.dll
0x00007ffdb5320000 - 0x00007ffdb5387000 	C:\WINDOWS\system32\mswsock.dll
0x00007ffdb5030000 - 0x00007ffdb506a000 	C:\WINDOWS\SYSTEM32\IPHLPAPI.DLL
0x00007ffdb7a30000 - 0x00007ffdb7a38000 	C:\WINDOWS\System32\NSI.dll
0x00007ffdaec90000 - 0x00007ffdaeca6000 	C:\WINDOWS\SYSTEM32\dhcpcsvc6.DLL
0x00007ffdaedb0000 - 0x00007ffdaedcc000 	C:\WINDOWS\SYSTEM32\dhcpcsvc.DLL
0x00007ffdb5070000 - 0x00007ffdb513b000 	C:\WINDOWS\SYSTEM32\DNSAPI.dll
0x0000000074750000 - 0x0000000074761000 	C:\Program Files\Java\jdk1.8.0_191\jre\bin\nio.dll
0x00007ffdb7310000 - 0x00007ffdb73b2000 	C:\WINDOWS\System32\clbcatq.dll
0x00007ffd9db70000 - 0x00007ffd9dd1f000 	C:\WINDOWS\SYSTEM32\WindowsCodecs.dll
0x00007ffd9e0b0000 - 0x00007ffd9e0ea000 	C:\WINDOWS\system32\dataexchange.dll
0x00007ffdb2870000 - 0x00007ffdb2acb000 	C:\WINDOWS\system32\d3d11.dll
0x00007ffdb2f60000 - 0x00007ffdb313d000 	C:\WINDOWS\system32\dcomp.dll
0x00007ffdb47b0000 - 0x00007ffdb489b000 	C:\WINDOWS\system32\dxgi.dll
0x00007ffdb3b30000 - 0x00007ffdb3d92000 	C:\WINDOWS\system32\twinapi.appcore.dll
0x00007ffdb3fb0000 - 0x00007ffdb3fd9000 	C:\WINDOWS\system32\RMCLIENT.dll
0x00007ffdab3e0000 - 0x00007ffdab413000 	C:\Program Files\Common Files\Microsoft Shared\Ink\rtscom.dll
0x00007ffd9d970000 - 0x00007ffd9da0e000 	C:\WINDOWS\System32\TextInputFramework.dll
0x00007ffdb3140000 - 0x00007ffdb3214000 	C:\WINDOWS\System32\CoreMessaging.dll
0x00007ffd9dd60000 - 0x00007ffd9e08a000 	C:\WINDOWS\System32\CoreUIComponents.dll
0x00007ffdb4b10000 - 0x00007ffdb4b41000 	C:\WINDOWS\SYSTEM32\ntmarta.dll
0x00007ffdb1960000 - 0x00007ffdb1ab3000 	C:\WINDOWS\SYSTEM32\wintypes.dll
0x00007ffdab840000 - 0x00007ffdabae6000 	C:\WINDOWS\System32\iertutil.dll
0x0000000073b80000 - 0x0000000073ba3000 	C:\Program Files\Java\jdk1.8.0_191\jre\bin\javafx_iio.dll

VM Arguments:
jvm_args: -Dfile.encoding=UTF-8 
java_command: F:\BUET\2-2\CSE 216 (Database Sessional)\Project\Online Course\dist\run1801011357\Online Course.jar
java_class_path (initial): F:\BUET\2-2\CSE 216 (Database Sessional)\Project\Online Course\dist\run1801011357\Online Course.jar
Launcher Type: SUN_STANDARD

Environment Variables:
PATH=C:\OracleDatabase\product\11.2.0\dbhome_1\bin;C:\Python38;C:\Python38\Scripts;C:\Python27\;C:\Python27\Scripts;C:\Program Files (x86)\Common Files\Oracle\Java\javapath;C:\Program Files (x86)\Common Files\ArcSoft\Bin;C:\Program Files (x86)\Intel\iCLS Client\;C:\Program Files\Intel\iCLS Client\;C:\Windows\system32;C:\Windows;C:\Windows\System32\Wbem;C:\Windows\System32\WindowsPowerShell\v1.0\;C:\Windows\System32\OpenSSH\;C:\Program Files (x86)\Intel\Intel(R) Management Engine Components\DAL;C:\Program Files\Intel\Intel(R) Management Engine Components\DAL;C:\Program Files (x86)\Intel\Intel(R) Management Engine Components\IPT;C:\Program Files\Intel\Intel(R) Management Engine Components\IPT;C:\Program Files (x86)\NVIDIA Corporation\PhysX\Common;C:\Program Files\Intel\WiFi\bin\;C:\Program Files (x86)\Print Conductor;C:\PHP7;C:\WINDOWS\system32;C:\WINDOWS;C:\WINDOWS\System32\Wbem;C:\WINDOWS\System32\WindowsPowerShell\v1.0\;C:\WINDOWS\System32\OpenSSH\;C:\cygwin64;C:\MinGW\bin;C:\Program Files\Microsoft VS Code\bin;C:\ProgramData\chocolatey\bin;C:\ProgramData\ComposerSetup\bin;C:\composer;C:\Python38\Scripts\;C:\Python38\;C:\Users\ASUS\Anaconda3;C:\Users\ASUS\Anaconda3\Library\mingw-w64\bin;C:\Users\ASUS\Anaconda3\Library\usr\bin;C:\Users\ASUS\Anaconda3\Library\bin;C:\Users\ASUS\Anaconda3\Scripts;C:\Users\ASUS\AppData\Local\Microsoft\WindowsApps;C:\Program Files (x86)\Print Conductor;C:\Users\ASUS\AppData\Roaming\Composer\vendor\bin;
USERNAME=ASUS
OS=Windows_NT
PROCESSOR_IDENTIFIER=Intel64 Family 6 Model 142 Stepping 10, GenuineIntel



---------------  S Y S T E M  ---------------

OS: Windows 10.0 , 64 bit Build 18362 (10.0.18362.959)

CPU:total 8 (initial active 8) (4 cores per cpu, 2 threads per core) family 6 model 142 stepping 10, cmov, cx8, fxsr, mmx, sse, sse2, sse3, ssse3, sse4.1, sse4.2, popcnt, avx, avx2, aes, clmul, erms, 3dnowpref, lzcnt, ht, tsc, tscinvbit, bmi1, bmi2, adx

Memory: 4k page, physical 8272440k(1267484k free), swap 33438264k(2172k free)

vm_info: Java HotSpot(TM) 64-Bit Server VM (25.191-b12) for windows-amd64 JRE (1.8.0_191-b12), built on Oct  6 2018 09:29:03 by "java_re" with MS VC++ 10.0 (VS2010)

time: Sun Aug 02 19:56:35 2020
elapsed time: 11 seconds (0d 0h 0m 11s)

