#
# There is insufficient memory for the Java Runtime Environment to continue.
# Native memory allocation (malloc) failed to allocate 662736 bytes for Chunk::new
# Possible reasons:
#   The system is out of physical RAM or swap space
#   In 32 bit mode, the process size limit was hit
# Possible solutions:
#   Reduce memory load on the system
#   Increase physical memory or swap space
#   Check if swap backing store is full
#   Use 64 bit Java on a 64 bit OS
#   Decrease Java heap size (-Xmx/-Xms)
#   Decrease number of Java threads
#   Decrease Java thread stack sizes (-Xss)
#   Set larger code cache with -XX:ReservedCodeCacheSize=
# This output file may be truncated or incomplete.
#
#  Out of Memory Error (allocation.cpp:390), pid=58568, tid=0x000000000000e7e8
#
# JRE version: Java(TM) SE Runtime Environment (8.0_191-b12) (build 1.8.0_191-b12)
# Java VM: Java HotSpot(TM) 64-Bit Server VM (25.191-b12 mixed mode windows-amd64 compressed oops)
# Failed to write core dump. Minidumps are not enabled by default on client versions of Windows
#

---------------  T H R E A D  ---------------

Current thread (0x000000001a26e000):  JavaThread "C2 CompilerThread1" daemon [_thread_in_native, id=59368, stack(0x000000001ac30000,0x000000001ad30000)]

Stack: [0x000000001ac30000,0x000000001ad30000]
[error occurred during error reporting (printing stack bounds), id 0xc0000005]

Native frames: (J=compiled Java code, j=interpreted, Vv=VM code, C=native code)


Current CompileTask:
C2:  40275 5823       4       javafx.scene.Parent::impl_computeGeomBounds (430 bytes)


---------------  P R O C E S S  ---------------

Java Threads: ( => current thread )
  0x0000000023562000 JavaThread "Prism Font Disposer" daemon [_thread_blocked, id=39388, stack(0x0000000025ad0000,0x0000000025bd0000)]
  0x000000001b282800 JavaThread "JavaFX-Launcher" [_thread_blocked, id=35364, stack(0x0000000022bf0000,0x0000000022cf0000)]
  0x000000001b280800 JavaThread "Thread-2" daemon [_thread_in_native, id=61072, stack(0x0000000022af0000,0x0000000022bf0000)]
  0x000000001b1d2000 JavaThread "JavaFX Application Thread" [_thread_in_native, id=55332, stack(0x000000001c260000,0x000000001c360000)]
  0x000000001b1c3800 JavaThread "Thread-1" daemon [_thread_blocked, id=62236, stack(0x000000001c160000,0x000000001c260000)]
  0x000000001b1ab000 JavaThread "QuantumRenderer-0" daemon [_thread_in_native, id=47260, stack(0x000000001bb10000,0x000000001bc10000)]
  0x000000001a2d8800 JavaThread "Service Thread" daemon [_thread_blocked, id=57224, stack(0x000000001af30000,0x000000001b030000)]
  0x000000001a28e000 JavaThread "C1 CompilerThread3" daemon [_thread_blocked, id=58592, stack(0x000000001ae30000,0x000000001af30000)]
  0x000000001a272000 JavaThread "C2 CompilerThread2" daemon [_thread_in_native, id=60260, stack(0x000000001ad30000,0x000000001ae30000)]
=>0x000000001a26e000 JavaThread "C2 CompilerThread1" daemon [_thread_in_native, id=59368, stack(0x000000001ac30000,0x000000001ad30000)]
  0x000000001a268000 JavaThread "C2 CompilerThread0" daemon [_thread_in_native, id=23168, stack(0x000000001ab30000,0x000000001ac30000)]
  0x000000001a262000 JavaThread "Attach Listener" daemon [_thread_blocked, id=39272, stack(0x000000001aa30000,0x000000001ab30000)]
  0x000000001a261000 JavaThread "Signal Dispatcher" daemon [_thread_blocked, id=30164, stack(0x000000001a930000,0x000000001aa30000)]
  0x000000001a251000 JavaThread "Finalizer" daemon [_thread_blocked, id=55780, stack(0x000000001a730000,0x000000001a830000)]
  0x000000001a250800 JavaThread "Reference Handler" daemon [_thread_blocked, id=63216, stack(0x000000001a630000,0x000000001a730000)]
  0x00000000033c2800 JavaThread "main" [_thread_blocked, id=54560, stack(0x00000000032c0000,0x00000000033c0000)]

Other Threads:
  0x0000000018438000 VMThread [stack: 0x000000001a130000,0x000000001a230000] [id=59412]
  0x000000001a2d9800 WatcherThread [stack: 0x000000001b030000,0x000000001b130000] [id=60136]

VM state:not at safepoint (normal execution)

VM Mutex/Monitor currently owned by a thread: None

Heap:
 PSYoungGen      total 93696K, used 2528K [0x00000000d5f00000, 0x00000000dd500000, 0x0000000100000000)
  eden space 72704K, 3% used [0x00000000d5f00000,0x00000000d6178200,0x00000000da600000)
  from space 20992K, 0% used [0x00000000da600000,0x00000000da600000,0x00000000dba80000)
  to   space 23552K, 0% used [0x00000000dbe00000,0x00000000dbe00000,0x00000000dd500000)
 ParOldGen       total 1182208K, used 684504K [0x0000000081c00000, 0x00000000c9e80000, 0x00000000d5f00000)
  object space 1182208K, 57% used [0x0000000081c00000,0x00000000ab876138,0x00000000c9e80000)
 Metaspace       used 29178K, capacity 30495K, committed 30720K, reserved 1075200K
  class space    used 3725K, capacity 3987K, committed 4096K, reserved 1048576K

Card table byte_map: [0x0000000012880000,0x0000000012c80000] byte_map_base: 0x0000000012472000

Marking Bits: (ParMarkBitMap*) 0x0000000069273e30
 Begin Bits: [0x0000000013730000, 0x00000000156c0000)
 End Bits:   [0x00000000156c0000, 0x0000000017650000)

Polling page: 0x0000000001350000

CodeCache: size=245760Kb used=17057Kb max_used=18468Kb free=228702Kb
 bounds [0x00000000034c0000, 0x0000000004740000, 0x00000000124c0000]
 total_blobs=5774 nmethods=5004 adapters=681
 compilation: enabled

Compilation events (10 events):
Event: 40.243 Thread 0x000000001a28e000 5842       3       java.lang.Boolean::parseBoolean (19 bytes)
Event: 40.244 Thread 0x000000001a28e000 nmethod 5842 0x0000000003760a50 code [0x0000000003760bc0, 0x0000000003760e48]
Event: 40.248 Thread 0x000000001a272000 nmethod 5849 0x0000000003a10590 code [0x0000000003a10720, 0x0000000003a109f8]
Event: 40.250 Thread 0x000000001a272000 5851       4       com.sun.javafx.text.TextRun::<init> (97 bytes)
Event: 40.252 Thread 0x000000001a272000 nmethod 5851 0x000000000390e190 code [0x000000000390e2c0, 0x000000000390e398]
Event: 40.254 Thread 0x000000001a272000 5852       4       com.sun.javafx.scene.control.skin.LabeledSkinBase::computeMaxWidth (12 bytes)
Event: 40.256 Thread 0x000000001a268000 nmethod 5824 0x0000000003b14a90 code [0x0000000003b14d00, 0x0000000003b15e30]
Event: 40.256 Thread 0x000000001a268000 5850       4       javafx.scene.control.Control::computeMinHeight (51 bytes)
Event: 40.262 Thread 0x000000001a272000 nmethod 5852 0x0000000003ab19d0 code [0x0000000003ab1b60, 0x0000000003ab1e88]
Event: 40.262 Thread 0x000000001a272000 5846   !   4       javafx.scene.CssStyleHelper::calculateValue (849 bytes)

GC Heap History (10 events):
Event: 38.578 GC heap before
{Heap before GC invocations=14 (full 5):
 PSYoungGen      total 93696K, used 61145K [0x00000000d5f00000, 0x00000000dd500000, 0x0000000100000000)
  eden space 72704K, 84% used [0x00000000d5f00000,0x00000000d9ab6710,0x00000000da600000)
  from space 20992K, 0% used [0x00000000da600000,0x00000000da600000,0x00000000dba80000)
  to   space 23552K, 0% used [0x00000000dbe00000,0x00000000dbe00000,0x00000000dd500000)
 ParOldGen       total 1182208K, used 1148506K [0x0000000081c00000, 0x00000000c9e80000, 0x00000000d5f00000)
  object space 1182208K, 97% used [0x0000000081c00000,0x00000000c7d96bc0,0x00000000c9e80000)
 Metaspace       used 29002K, capacity 30243K, committed 30464K, reserved 1075200K
  class space    used 3700K, capacity 3973K, committed 4096K, reserved 1048576K
Event: 38.638 GC heap after
Heap after GC invocations=14 (full 5):
 PSYoungGen      total 93696K, used 59817K [0x00000000d5f00000, 0x00000000dd500000, 0x0000000100000000)
  eden space 72704K, 82% used [0x00000000d5f00000,0x00000000d996a7e8,0x00000000da600000)
  from space 20992K, 0% used [0x00000000da600000,0x00000000da600000,0x00000000dba80000)
  to   space 23552K, 0% used [0x00000000dbe00000,0x00000000dbe00000,0x00000000dd500000)
 ParOldGen       total 1182208K, used 1148427K [0x0000000081c00000, 0x00000000c9e80000, 0x00000000d5f00000)
  object space 1182208K, 97% used [0x0000000081c00000,0x00000000c7d82f88,0x00000000c9e80000)
 Metaspace       used 29002K, capacity 30243K, committed 30464K, reserved 1075200K
  class space    used 3700K, capacity 3973K, committed 4096K, reserved 1048576K
}
Event: 38.638 GC heap before
{Heap before GC invocations=15 (full 6):
 PSYoungGen      total 93696K, used 59817K [0x00000000d5f00000, 0x00000000dd500000, 0x0000000100000000)
  eden space 72704K, 82% used [0x00000000d5f00000,0x00000000d996a7e8,0x00000000da600000)
  from space 20992K, 0% used [0x00000000da600000,0x00000000da600000,0x00000000dba80000)
  to   space 23552K, 0% used [0x00000000dbe00000,0x00000000dbe00000,0x00000000dd500000)
 ParOldGen       total 1182208K, used 1148427K [0x0000000081c00000, 0x00000000c9e80000, 0x00000000d5f00000)
  object space 1182208K, 97% used [0x0000000081c00000,0x00000000c7d82f88,0x00000000c9e80000)
 Metaspace       used 29002K, capacity 30243K, committed 30464K, reserved 1075200K
  class space    used 3700K, capacity 3973K, committed 4096K, reserved 1048576K
Event: 39.050 GC heap after
Heap after GC invocations=15 (full 6):
 PSYoungGen      total 93696K, used 59639K [0x00000000d5f00000, 0x00000000dd500000, 0x0000000100000000)
  eden space 72704K, 82% used [0x00000000d5f00000,0x00000000d993dc80,0x00000000da600000)
  from space 20992K, 0% used [0x00000000da600000,0x00000000da600000,0x00000000dba80000)
  to   space 23552K, 0% used [0x00000000dbe00000,0x00000000dbe00000,0x00000000dd500000)
 ParOldGen       total 1182208K, used 1146530K [0x0000000081c00000, 0x00000000c9e80000, 0x00000000d5f00000)
  object space 1182208K, 96% used [0x0000000081c00000,0x00000000c7ba8880,0x00000000c9e80000)
 Metaspace       used 28930K, capacity 30117K, committed 30464K, reserved 1075200K
  class space    used 3686K, capacity 3948K, committed 4096K, reserved 1048576K
}
Event: 39.078 GC heap before
{Heap before GC invocations=16 (full 7):
 PSYoungGen      total 93696K, used 62383K [0x00000000d5f00000, 0x00000000dd500000, 0x0000000100000000)
  eden space 72704K, 85% used [0x00000000d5f00000,0x00000000d9bebec0,0x00000000da600000)
  from space 20992K, 0% used [0x00000000da600000,0x00000000da600000,0x00000000dba80000)
  to   space 23552K, 0% used [0x00000000dbe00000,0x00000000dbe00000,0x00000000dd500000)
 ParOldGen       total 1182208K, used 1146530K [0x0000000081c00000, 0x00000000c9e80000, 0x00000000d5f00000)
  object space 1182208K, 96% used [0x0000000081c00000,0x00000000c7ba8880,0x00000000c9e80000)
 Metaspace       used 28943K, capacity 30135K, committed 30464K, reserved 1075200K
  class space    used 3688K, capacity 3951K, committed 4096K, reserved 1048576K
Event: 39.515 GC heap after
Heap after GC invocations=16 (full 7):
 PSYoungGen      total 93696K, used 60866K [0x00000000d5f00000, 0x00000000dd500000, 0x0000000100000000)
  eden space 72704K, 83% used [0x00000000d5f00000,0x00000000d9a70860,0x00000000da600000)
  from space 20992K, 0% used [0x00000000da600000,0x00000000da600000,0x00000000dba80000)
  to   space 23552K, 0% used [0x00000000dbe00000,0x00000000dbe00000,0x00000000dd500000)
 ParOldGen       total 1182208K, used 1146527K [0x0000000081c00000, 0x00000000c9e80000, 0x00000000d5f00000)
  object space 1182208K, 96% used [0x0000000081c00000,0x00000000c7ba7e30,0x00000000c9e80000)
 Metaspace       used 28943K, capacity 30135K, committed 30464K, reserved 1075200K
  class space    used 3688K, capacity 3951K, committed 4096K, reserved 1048576K
}
Event: 39.516 GC heap before
{Heap before GC invocations=17 (full 8):
 PSYoungGen      total 93696K, used 60866K [0x00000000d5f00000, 0x00000000dd500000, 0x0000000100000000)
  eden space 72704K, 83% used [0x00000000d5f00000,0x00000000d9a70860,0x00000000da600000)
  from space 20992K, 0% used [0x00000000da600000,0x00000000da600000,0x00000000dba80000)
  to   space 23552K, 0% used [0x00000000dbe00000,0x00000000dbe00000,0x00000000dd500000)
 ParOldGen       total 1182208K, used 1146527K [0x0000000081c00000, 0x00000000c9e80000, 0x00000000d5f00000)
  object space 1182208K, 96% used [0x0000000081c00000,0x00000000c7ba7e30,0x00000000c9e80000)
 Metaspace       used 28943K, capacity 30135K, committed 30464K, reserved 1075200K
  class space    used 3688K, capacity 3951K, committed 4096K, reserved 1048576K
Event: 39.589 GC heap after
Heap after GC invocations=17 (full 8):
 PSYoungGen      total 93696K, used 60723K [0x00000000d5f00000, 0x00000000dd500000, 0x0000000100000000)
  eden space 72704K, 83% used [0x00000000d5f00000,0x00000000d9a4cff8,0x00000000da600000)
  from space 20992K, 0% used [0x00000000da600000,0x00000000da600000,0x00000000dba80000)
  to   space 23552K, 0% used [0x00000000dbe00000,0x00000000dbe00000,0x00000000dd500000)
 ParOldGen       total 1182208K, used 1146527K [0x0000000081c00000, 0x00000000c9e80000, 0x00000000d5f00000)
  object space 1182208K, 96% used [0x0000000081c00000,0x00000000c7ba7e30,0x00000000c9e80000)
 Metaspace       used 28939K, capacity 30129K, committed 30464K, reserved 1075200K
  class space    used 3687K, capacity 3950K, committed 4096K, reserved 1048576K
}
Event: 40.008 GC heap before
{Heap before GC invocations=18 (full 9):
 PSYoungGen      total 93696K, used 72704K [0x00000000d5f00000, 0x00000000dd500000, 0x0000000100000000)
  eden space 72704K, 100% used [0x00000000d5f00000,0x00000000da600000,0x00000000da600000)
  from space 20992K, 0% used [0x00000000da600000,0x00000000da600000,0x00000000dba80000)
  to   space 23552K, 0% used [0x00000000dbe00000,0x00000000dbe00000,0x00000000dd500000)
 ParOldGen       total 1182208K, used 1146527K [0x0000000081c00000, 0x00000000c9e80000, 0x00000000d5f00000)
  object space 1182208K, 96% used [0x0000000081c00000,0x00000000c7ba7e30,0x00000000c9e80000)
 Metaspace       used 29174K, capacity 30495K, committed 30720K, reserved 1075200K
  class space    used 3725K, capacity 3987K, committed 4096K, reserved 1048576K
Event: 40.192 GC heap after
Heap after GC invocations=18 (full 9):
 PSYoungGen      total 93696K, used 0K [0x00000000d5f00000, 0x00000000dd500000, 0x0000000100000000)
  eden space 72704K, 0% used [0x00000000d5f00000,0x00000000d5f00000,0x00000000da600000)
  from space 20992K, 0% used [0x00000000da600000,0x00000000da600000,0x00000000dba80000)
  to   space 23552K, 0% used [0x00000000dbe00000,0x00000000dbe00000,0x00000000dd500000)
 ParOldGen       total 1182208K, used 684504K [0x0000000081c00000, 0x00000000c9e80000, 0x00000000d5f00000)
  object space 1182208K, 57% used [0x0000000081c00000,0x00000000ab876138,0x00000000c9e80000)
 Metaspace       used 29174K, capacity 30495K, committed 30720K, reserved 1075200K
  class space    used 3725K, capacity 3987K, committed 4096K, reserved 1048576K
}

Deoptimization events (10 events):
Event: 39.910 Thread 0x000000001b1d2000 Uncommon trap: reason=null_check action=make_not_entrant pc=0x000000000463ac60 method=javafx.scene.Node$MiscProperties.getClip()Ljavafx/scene/Node; @ 20
Event: 39.941 Thread 0x000000001b1d2000 Uncommon trap: reason=unstable_if action=reinterpret pc=0x000000000455fac4 method=javafx.scene.Node.updateLocalToParentTransform()V @ 125
Event: 39.942 Thread 0x000000001b1d2000 Uncommon trap: reason=class_check action=maybe_recompile pc=0x00000000042eb768 method=javafx.scene.Node.getGeomBounds(Lcom/sun/javafx/geom/BaseBounds;Lcom/sun/javafx/geom/transform/BaseTransform;)Lcom/sun/javafx/geom/BaseBounds; @ 123
Event: 39.942 Thread 0x000000001b1d2000 Uncommon trap: reason=class_check action=maybe_recompile pc=0x00000000042eb768 method=javafx.scene.Node.getGeomBounds(Lcom/sun/javafx/geom/BaseBounds;Lcom/sun/javafx/geom/transform/BaseTransform;)Lcom/sun/javafx/geom/BaseBounds; @ 123
Event: 39.947 Thread 0x000000001b1d2000 Uncommon trap: reason=unstable_if action=reinterpret pc=0x00000000046dd58c method=javafx.scene.Node.setTreeVisible(Z)V @ 51
Event: 39.987 Thread 0x000000001b1d2000 Uncommon trap: reason=bimorphic action=maybe_recompile pc=0x00000000044544ec method=javafx.scene.CssStyleHelper.resetToInitialValues(Ljavafx/css/Styleable;)V @ 158
Event: 39.987 Thread 0x000000001b1d2000 Uncommon trap: reason=bimorphic action=maybe_recompile pc=0x00000000044544ec method=javafx.scene.CssStyleHelper.resetToInitialValues(Ljavafx/css/Styleable;)V @ 158
Event: 39.987 Thread 0x000000001b1d2000 Uncommon trap: reason=bimorphic action=maybe_recompile pc=0x00000000044544ec method=javafx.scene.CssStyleHelper.resetToInitialValues(Ljavafx/css/Styleable;)V @ 158
Event: 39.987 Thread 0x000000001b1d2000 Uncommon trap: reason=bimorphic action=maybe_recompile pc=0x00000000044544ec method=javafx.scene.CssStyleHelper.resetToInitialValues(Ljavafx/css/Styleable;)V @ 158
Event: 39.992 Thread 0x000000001b1d2000 Uncommon trap: reason=unstable_if action=reinterpret pc=0x00000000044149ec method=javafx.scene.CssStyleHelper.resetToInitialValues(Ljavafx/css/Styleable;)V @ 131

Classes redefined (0 events):
No events

Internal exceptions (10 events):
Event: 39.050 Thread 0x000000001b1d2000 Exception <a 'java/lang/OutOfMemoryError'> (0x0000000081e749d0) thrown at [C:\re\workspace\8-2-build-windows-amd64-cygwin\jdk8u191\11896\hotspot\src\share\vm\gc_interface/collectedHeap.inline.hpp, line 159]
Event: 39.063 Thread 0x000000001b1d2000 Implicit null exception at 0x00000000038a3740 to 0x00000000038a3bb1
Event: 39.064 Thread 0x000000001b1d2000 Implicit null exception at 0x0000000003ddd743 to 0x0000000003dddca9
Event: 39.065 Thread 0x000000001b1d2000 Implicit null exception at 0x0000000003de8f38 to 0x0000000003de945d
Event: 39.068 Thread 0x000000001b1d2000 Implicit null exception at 0x0000000003e04b3b to 0x0000000003e08a7d
Event: 39.069 Thread 0x000000001b1d2000 Implicit null exception at 0x0000000003df8f29 to 0x0000000003dfd4d5
Event: 39.589 Thread 0x000000001b1d2000 Exception <a 'java/lang/OutOfMemoryError'> (0x0000000081e747f0) thrown at [C:\re\workspace\8-2-build-windows-amd64-cygwin\jdk8u191\11896\hotspot\src\share\vm\gc_interface/collectedHeap.inline.hpp, line 159]
Event: 39.880 Thread 0x000000001b1d2000 Implicit null exception at 0x00000000046bf927 to 0x00000000046c3a85
Event: 39.881 Thread 0x000000001b1d2000 Implicit null exception at 0x00000000042fefcc to 0x00000000042ff0cd
Event: 39.910 Thread 0x000000001b1d2000 Implicit null exception at 0x0000000004637807 to 0x000000000463ac45

Events (10 events):
Event: 40.248 Thread 0x000000001a272000 flushing nmethod 0x0000000004372650
Event: 40.248 Thread 0x000000001a272000 flushing nmethod 0x000000000438c0d0
Event: 40.248 Thread 0x000000001a272000 flushing nmethod 0x00000000043aa190
Event: 40.248 Thread 0x000000001a272000 flushing nmethod 0x000000000440a290
Event: 40.249 Thread 0x000000001a272000 flushing nmethod 0x00000000044261d0
Event: 40.249 Thread 0x000000001a272000 flushing nmethod 0x0000000004480cd0
Event: 40.250 Thread 0x000000001a272000 flushing nmethod 0x00000000044a5a10
Event: 40.252 Thread 0x000000001a272000 flushing nmethod 0x0000000004520cd0
Event: 40.253 Thread 0x000000001a272000 flushing nmethod 0x0000000004569c10
Event: 40.253 Thread 0x000000001a272000 flushing nmethod 0x00000000045afe50


Dynamic libraries:
0x00007ff6404d0000 - 0x00007ff640507000 	C:\Program Files\Java\jdk1.8.0_191\jre\bin\java.exe
0x00007ff99aa60000 - 0x00007ff99ac50000 	C:\WINDOWS\SYSTEM32\ntdll.dll
0x00007ff998bc0000 - 0x00007ff998c72000 	C:\WINDOWS\System32\KERNEL32.DLL
0x00007ff997be0000 - 0x00007ff997e85000 	C:\WINDOWS\System32\KERNELBASE.dll
0x00007ff999180000 - 0x00007ff999223000 	C:\WINDOWS\System32\ADVAPI32.dll
0x00007ff998d40000 - 0x00007ff998dde000 	C:\WINDOWS\System32\msvcrt.dll
0x00007ff999950000 - 0x00007ff9999e7000 	C:\WINDOWS\System32\sechost.dll
0x00007ff99a730000 - 0x00007ff99a850000 	C:\WINDOWS\System32\RPCRT4.dll
0x00007ff998fd0000 - 0x00007ff999164000 	C:\WINDOWS\System32\USER32.dll
0x00007ff997a90000 - 0x00007ff997ab1000 	C:\WINDOWS\System32\win32u.dll
0x00007ff999920000 - 0x00007ff999946000 	C:\WINDOWS\System32\GDI32.dll
0x00007ff998770000 - 0x00007ff998906000 	C:\WINDOWS\System32\gdi32full.dll
0x00007ff997ac0000 - 0x00007ff997b5e000 	C:\WINDOWS\System32\msvcp_win.dll
0x00007ff998910000 - 0x00007ff998a0a000 	C:\WINDOWS\System32\ucrtbase.dll
0x00007ff98f180000 - 0x00007ff98f404000 	C:\WINDOWS\WinSxS\amd64_microsoft.windows.common-controls_6595b64144ccf1df_6.0.18362.1198_none_9e820b57e45ad92f\COMCTL32.dll
0x00007ff999c90000 - 0x00007ff999fc5000 	C:\WINDOWS\System32\combase.dll
0x00007ff997b60000 - 0x00007ff997be0000 	C:\WINDOWS\System32\bcryptPrimitives.dll
0x00007ff998fa0000 - 0x00007ff998fce000 	C:\WINDOWS\System32\IMM32.DLL
0x0000000068970000 - 0x0000000068a42000 	C:\Program Files\Java\jdk1.8.0_191\jre\bin\msvcr100.dll
0x0000000068a50000 - 0x00000000692f4000 	C:\Program Files\Java\jdk1.8.0_191\jre\bin\server\jvm.dll
0x00007ff998f10000 - 0x00007ff998f18000 	C:\WINDOWS\System32\PSAPI.DLL
0x00007ff990a30000 - 0x00007ff990a3a000 	C:\WINDOWS\SYSTEM32\VERSION.dll
0x00007ff98b710000 - 0x00007ff98b719000 	C:\WINDOWS\SYSTEM32\WSOCK32.dll
0x00007ff98d470000 - 0x00007ff98d494000 	C:\WINDOWS\SYSTEM32\WINMM.dll
0x00007ff998f20000 - 0x00007ff998f8f000 	C:\WINDOWS\System32\WS2_32.dll
0x00007ff98d440000 - 0x00007ff98d46d000 	C:\WINDOWS\SYSTEM32\winmmbase.dll
0x00007ff998ac0000 - 0x00007ff998b0a000 	C:\WINDOWS\System32\cfgmgr32.dll
0x000000006b770000 - 0x000000006b77f000 	C:\Program Files\Java\jdk1.8.0_191\jre\bin\verify.dll
0x0000000069f60000 - 0x0000000069f89000 	C:\Program Files\Java\jdk1.8.0_191\jre\bin\java.dll
0x0000000069f40000 - 0x0000000069f56000 	C:\Program Files\Java\jdk1.8.0_191\jre\bin\zip.dll
0x00007ff999230000 - 0x00007ff999917000 	C:\WINDOWS\System32\SHELL32.dll
0x00007ff998de0000 - 0x00007ff998e89000 	C:\WINDOWS\System32\shcore.dll
0x00007ff997fe0000 - 0x00007ff998761000 	C:\WINDOWS\System32\windows.storage.dll
0x00007ff997990000 - 0x00007ff9979b3000 	C:\WINDOWS\System32\profapi.dll
0x00007ff997920000 - 0x00007ff99796a000 	C:\WINDOWS\System32\powrprof.dll
0x00007ff997910000 - 0x00007ff997920000 	C:\WINDOWS\System32\UMPDC.dll
0x00007ff998c80000 - 0x00007ff998cd2000 	C:\WINDOWS\System32\shlwapi.dll
0x00007ff9979c0000 - 0x00007ff9979d1000 	C:\WINDOWS\System32\kernel.appcore.dll
0x00007ff9979e0000 - 0x00007ff9979f7000 	C:\WINDOWS\System32\cryptsp.dll
0x0000000003210000 - 0x0000000003213000 	C:\Program Files\Java\jdk1.8.0_191\jre\bin\api-ms-win-core-console-l1-1-0.dll
0x0000000003220000 - 0x0000000003223000 	C:\Program Files\Java\jdk1.8.0_191\jre\bin\api-ms-win-core-datetime-l1-1-0.dll
0x0000000003230000 - 0x0000000003233000 	C:\Program Files\Java\jdk1.8.0_191\jre\bin\api-ms-win-core-debug-l1-1-0.dll
0x0000000003240000 - 0x0000000003243000 	C:\Program Files\Java\jdk1.8.0_191\jre\bin\api-ms-win-core-errorhandling-l1-1-0.dll
0x0000000003250000 - 0x0000000003254000 	C:\Program Files\Java\jdk1.8.0_191\jre\bin\api-ms-win-core-file-l1-1-0.dll
0x0000000003260000 - 0x0000000003263000 	C:\Program Files\Java\jdk1.8.0_191\jre\bin\api-ms-win-core-file-l1-2-0.dll
0x0000000003270000 - 0x0000000003273000 	C:\Program Files\Java\jdk1.8.0_191\jre\bin\api-ms-win-core-file-l2-1-0.dll
0x0000000003280000 - 0x0000000003283000 	C:\Program Files\Java\jdk1.8.0_191\jre\bin\api-ms-win-core-handle-l1-1-0.dll
0x0000000003290000 - 0x0000000003293000 	C:\Program Files\Java\jdk1.8.0_191\jre\bin\api-ms-win-core-heap-l1-1-0.dll
0x00000000032a0000 - 0x00000000032a3000 	C:\Program Files\Java\jdk1.8.0_191\jre\bin\api-ms-win-core-interlocked-l1-1-0.dll
0x000000001b930000 - 0x000000001b933000 	C:\Program Files\Java\jdk1.8.0_191\jre\bin\api-ms-win-core-libraryloader-l1-1-0.dll
0x000000001b940000 - 0x000000001b943000 	C:\Program Files\Java\jdk1.8.0_191\jre\bin\api-ms-win-core-localization-l1-2-0.dll
0x000000001b950000 - 0x000000001b953000 	C:\Program Files\Java\jdk1.8.0_191\jre\bin\api-ms-win-core-memory-l1-1-0.dll
0x000000001b960000 - 0x000000001b963000 	C:\Program Files\Java\jdk1.8.0_191\jre\bin\api-ms-win-core-namedpipe-l1-1-0.dll
0x000000001b970000 - 0x000000001b973000 	C:\Program Files\Java\jdk1.8.0_191\jre\bin\api-ms-win-core-processenvironment-l1-1-0.dll
0x000000001b980000 - 0x000000001b983000 	C:\Program Files\Java\jdk1.8.0_191\jre\bin\api-ms-win-core-processthreads-l1-1-0.dll
0x000000001b990000 - 0x000000001b993000 	C:\Program Files\Java\jdk1.8.0_191\jre\bin\api-ms-win-core-processthreads-l1-1-1.dll
0x000000001b9a0000 - 0x000000001b9a3000 	C:\Program Files\Java\jdk1.8.0_191\jre\bin\api-ms-win-core-profile-l1-1-0.dll
0x000000001b9b0000 - 0x000000001b9b3000 	C:\Program Files\Java\jdk1.8.0_191\jre\bin\api-ms-win-core-rtlsupport-l1-1-0.dll
0x000000001b9c0000 - 0x000000001b9c3000 	C:\Program Files\Java\jdk1.8.0_191\jre\bin\api-ms-win-core-string-l1-1-0.dll
0x000000001b9d0000 - 0x000000001b9d3000 	C:\Program Files\Java\jdk1.8.0_191\jre\bin\api-ms-win-core-synch-l1-1-0.dll
0x000000001b9e0000 - 0x000000001b9e3000 	C:\Program Files\Java\jdk1.8.0_191\jre\bin\api-ms-win-core-synch-l1-2-0.dll
0x000000001b9f0000 - 0x000000001b9f3000 	C:\Program Files\Java\jdk1.8.0_191\jre\bin\api-ms-win-core-sysinfo-l1-1-0.dll
0x000000001ba00000 - 0x000000001ba03000 	C:\Program Files\Java\jdk1.8.0_191\jre\bin\api-ms-win-core-timezone-l1-1-0.dll
0x000000001ba10000 - 0x000000001ba13000 	C:\Program Files\Java\jdk1.8.0_191\jre\bin\api-ms-win-core-util-l1-1-0.dll
0x000000001ba20000 - 0x000000001ba23000 	C:\Program Files\Java\jdk1.8.0_191\jre\bin\api-ms-win-crt-conio-l1-1-0.dll
0x000000001ba30000 - 0x000000001ba34000 	C:\Program Files\Java\jdk1.8.0_191\jre\bin\api-ms-win-crt-convert-l1-1-0.dll
0x000000001ba40000 - 0x000000001ba43000 	C:\Program Files\Java\jdk1.8.0_191\jre\bin\api-ms-win-crt-environment-l1-1-0.dll
0x000000001ba50000 - 0x000000001ba53000 	C:\Program Files\Java\jdk1.8.0_191\jre\bin\api-ms-win-crt-filesystem-l1-1-0.dll
0x000000001ba60000 - 0x000000001ba63000 	C:\Program Files\Java\jdk1.8.0_191\jre\bin\api-ms-win-crt-heap-l1-1-0.dll
0x000000001ba70000 - 0x000000001ba73000 	C:\Program Files\Java\jdk1.8.0_191\jre\bin\api-ms-win-crt-locale-l1-1-0.dll
0x000000001ba80000 - 0x000000001ba85000 	C:\Program Files\Java\jdk1.8.0_191\jre\bin\api-ms-win-crt-math-l1-1-0.dll
0x000000001ba90000 - 0x000000001ba95000 	C:\Program Files\Java\jdk1.8.0_191\jre\bin\api-ms-win-crt-multibyte-l1-1-0.dll
0x000000001baa0000 - 0x000000001bab0000 	C:\Program Files\Java\jdk1.8.0_191\jre\bin\api-ms-win-crt-private-l1-1-0.dll
0x000000001bab0000 - 0x000000001bab3000 	C:\Program Files\Java\jdk1.8.0_191\jre\bin\api-ms-win-crt-process-l1-1-0.dll
0x000000001bac0000 - 0x000000001bac4000 	C:\Program Files\Java\jdk1.8.0_191\jre\bin\api-ms-win-crt-runtime-l1-1-0.dll
0x000000001bad0000 - 0x000000001bad4000 	C:\Program Files\Java\jdk1.8.0_191\jre\bin\api-ms-win-crt-stdio-l1-1-0.dll
0x000000001bae0000 - 0x000000001bae4000 	C:\Program Files\Java\jdk1.8.0_191\jre\bin\api-ms-win-crt-string-l1-1-0.dll
0x000000001baf0000 - 0x000000001baf3000 	C:\Program Files\Java\jdk1.8.0_191\jre\bin\api-ms-win-crt-time-l1-1-0.dll
0x000000001bb00000 - 0x000000001bb03000 	C:\Program Files\Java\jdk1.8.0_191\jre\bin\api-ms-win-crt-utility-l1-1-0.dll
0x00007ff96b660000 - 0x00007ff96b756000 	C:\Program Files\Java\jdk1.8.0_191\jre\bin\ucrtbase.dll
0x00007ff9934b0000 - 0x00007ff9934c6000 	C:\Program Files\Java\jdk1.8.0_191\jre\bin\vcruntime140.dll
0x00007ff96c900000 - 0x00007ff96c99c000 	C:\Program Files\Java\jdk1.8.0_191\jre\bin\msvcp140.dll
0x00007ff96b3f0000 - 0x00007ff96b441000 	C:\Program Files\Java\jdk1.8.0_191\jre\bin\concrt140.dll
0x0000000069560000 - 0x0000000069583000 	C:\Program Files\Java\jdk1.8.0_191\jre\bin\prism_d3d.dll
0x00007ff98bf70000 - 0x00007ff98c137000 	C:\WINDOWS\system32\d3d9.dll
0x00007ff995cd0000 - 0x00007ff995cfd000 	C:\WINDOWS\SYSTEM32\dwmapi.dll
0x00007ff996550000 - 0x00007ff996570000 	C:\WINDOWS\SYSTEM32\dxcore.dll
0x00007ff9958a0000 - 0x00007ff995939000 	C:\WINDOWS\system32\uxtheme.dll
0x00007ff95ab00000 - 0x00007ff95ac92000 	C:\WINDOWS\System32\DriverStore\FileRepository\igdlh64.inf_amd64_9f310939ec1eebf9\igdumdim64.dll
0x00007ff98ecb0000 - 0x00007ff98ee03000 	C:\WINDOWS\System32\DriverStore\FileRepository\igdlh64.inf_amd64_9f310939ec1eebf9\igdgmm64.dll
0x0000000069480000 - 0x00000000694c9000 	C:\Program Files\Java\jdk1.8.0_191\jre\bin\glass.dll
0x00007ff99a530000 - 0x00007ff99a600000 	C:\WINDOWS\System32\COMDLG32.dll
0x00007ff999b30000 - 0x00007ff999c87000 	C:\WINDOWS\System32\ole32.dll
0x00007ff99a660000 - 0x00007ff99a725000 	C:\WINDOWS\System32\OLEAUT32.dll
0x00007ff9999f0000 - 0x00007ff999b25000 	C:\WINDOWS\System32\MSCTF.dll
0x00007ff92d7c0000 - 0x00007ff9313d7000 	C:\WINDOWS\System32\DriverStore\FileRepository\igdlh64.inf_amd64_9f310939ec1eebf9\igd9dxva64.dll
0x00007ff9839e0000 - 0x00007ff983a02000 	C:\WINDOWS\System32\DriverStore\FileRepository\igdlh64.inf_amd64_9f310939ec1eebf9\igdinfo64.dll
0x00007ff97b5d0000 - 0x00007ff97d94f000 	C:\WINDOWS\System32\DriverStore\FileRepository\igdlh64.inf_amd64_9f310939ec1eebf9\igc64.dll
0x000000006a240000 - 0x000000006a24d000 	C:\Program Files\Java\jdk1.8.0_191\jre\bin\management.dll
0x0000000069f20000 - 0x0000000069f3a000 	C:\Program Files\Java\jdk1.8.0_191\jre\bin\net.dll
0x00007ff997160000 - 0x00007ff9971c7000 	C:\WINDOWS\system32\mswsock.dll
0x0000000069b10000 - 0x0000000069b21000 	C:\Program Files\Java\jdk1.8.0_191\jre\bin\nio.dll
0x00007ff996eb0000 - 0x00007ff996f7b000 	C:\WINDOWS\SYSTEM32\DNSAPI.dll
0x00007ff998f90000 - 0x00007ff998f98000 	C:\WINDOWS\System32\NSI.dll
0x00007ff996e70000 - 0x00007ff996eaa000 	C:\WINDOWS\SYSTEM32\IPHLPAPI.DLL
0x00007ff98cd40000 - 0x00007ff98cd4a000 	C:\Windows\System32\rasadhlp.dll
0x00007ff990c20000 - 0x00007ff990c97000 	C:\WINDOWS\System32\fwpuclnt.dll
0x00007ff997a00000 - 0x00007ff997a26000 	C:\WINDOWS\System32\bcrypt.dll
0x00007ff98a070000 - 0x00007ff98a086000 	C:\WINDOWS\system32\napinsp.dll
0x00007ff98a050000 - 0x00007ff98a06a000 	C:\WINDOWS\system32\pnrpnsp.dll
0x00007ff98a030000 - 0x00007ff98a03e000 	C:\WINDOWS\System32\winrnr.dll
0x00007ff991250000 - 0x00007ff99126c000 	C:\WINDOWS\system32\NLAapi.dll
0x00007ff98a010000 - 0x00007ff98a025000 	C:\WINDOWS\system32\wshbth.dll
0x00007ff996cd0000 - 0x00007ff996d03000 	C:\WINDOWS\system32\rsaenh.dll
0x00007ff997830000 - 0x00007ff997855000 	C:\WINDOWS\SYSTEM32\USERENV.dll
0x00007ff997330000 - 0x00007ff99733c000 	C:\WINDOWS\SYSTEM32\CRYPTBASE.dll
0x00007ff990d60000 - 0x00007ff990d76000 	C:\WINDOWS\SYSTEM32\dhcpcsvc6.DLL
0x00007ff9910a0000 - 0x00007ff9910bc000 	C:\WINDOWS\SYSTEM32\dhcpcsvc.DLL
0x0000000069540000 - 0x0000000069554000 	C:\Program Files\Java\jdk1.8.0_191\jre\bin\javafx_font.dll
0x0000000068700000 - 0x0000000068723000 	C:\Program Files\Java\jdk1.8.0_191\jre\bin\javafx_iio.dll
0x00007ff978d00000 - 0x00007ff978ffe000 	C:\WINDOWS\SYSTEM32\dwrite.dll
0x00007ff998b10000 - 0x00007ff998bb2000 	C:\WINDOWS\System32\clbcatq.dll
0x00007ff981ca0000 - 0x00007ff981e4f000 	C:\WINDOWS\SYSTEM32\WindowsCodecs.dll
0x00007ff98e480000 - 0x00007ff98e4ba000 	C:\WINDOWS\system32\dataexchange.dll
0x00007ff994500000 - 0x00007ff99475b000 	C:\WINDOWS\system32\d3d11.dll
0x00007ff994bf0000 - 0x00007ff994dcd000 	C:\WINDOWS\system32\dcomp.dll
0x00007ff9965e0000 - 0x00007ff9966cb000 	C:\WINDOWS\system32\dxgi.dll
0x00007ff995970000 - 0x00007ff995bd2000 	C:\WINDOWS\system32\twinapi.appcore.dll

VM Arguments:
jvm_args: -Dfile.encoding=UTF-8 
java_command: F:\BUET\2-2\CSE 216 (Database Sessional)\Project\OnlineCourse\dist\run1352781303\Online Course.jar
java_class_path (initial): F:\BUET\2-2\CSE 216 (Database Sessional)\Project\OnlineCourse\dist\run1352781303\Online Course.jar
Launcher Type: SUN_STANDARD

Environment Variables:
PATH=C:\OracleDatabase\product\11.2.0\dbhome_1\bin;C:\Python38;C:\Python38\Scripts;C:\Python27\;C:\Python27\Scripts;C:\Program Files (x86)\Common Files\Oracle\Java\javapath;C:\Program Files (x86)\Common Files\ArcSoft\Bin;C:\Program Files (x86)\Intel\iCLS Client\;C:\Program Files\Intel\iCLS Client\;C:\Windows\system32;C:\Windows;C:\Windows\System32\Wbem;C:\Windows\System32\WindowsPowerShell\v1.0\;C:\Windows\System32\OpenSSH\;C:\Program Files (x86)\Intel\Intel(R) Management Engine Components\DAL;C:\Program Files\Intel\Intel(R) Management Engine Components\DAL;C:\Program Files (x86)\Intel\Intel(R) Management Engine Components\IPT;C:\Program Files\Intel\Intel(R) Management Engine Components\IPT;C:\Program Files (x86)\NVIDIA Corporation\PhysX\Common;C:\Program Files\Intel\WiFi\bin\;C:\Program Files (x86)\Print Conductor;C:\PHP7;C:\WINDOWS\system32;C:\WINDOWS;C:\WINDOWS\System32\Wbem;C:\WINDOWS\System32\WindowsPowerShell\v1.0\;C:\WINDOWS\System32\OpenSSH\;C:\cygwin64;C:\MinGW\bin;C:\ProgramData\chocolatey\bin;C:\ProgramData\ComposerSetup\bin;C:\composer;F:\BUET\2-2\CSE 216 (Database Sessional)\Project\Jar file;C:\Program Files\Git\cmd;C:\Python38\Scripts\;C:\Python38\;C:\Users\ASUS\Anaconda3;C:\Users\ASUS\Anaconda3\Library\mingw-w64\bin;C:\Users\ASUS\Anaconda3\Library\usr\bin;C:\Users\ASUS\Anaconda3\Library\bin;C:\Users\ASUS\Anaconda3\Scripts;C:\Users\ASUS\AppData\Local\Microsoft\WindowsApps;C:\Program Files (x86)\Print Conductor;C:\Users\ASUS\AppData\Roaming\Composer\vendor\bin;;C:\Users\ASUS\AppData\Local\Programs\Microsoft VS Code\bin;C:\Users\ASUS\AppData\Local\Programs\Microsoft VS Code Insiders\bin
USERNAME=ASUS
OS=Windows_NT
PROCESSOR_IDENTIFIER=Intel64 Family 6 Model 142 Stepping 10, GenuineIntel



---------------  S Y S T E M  ---------------

OS: Windows 10.0 , 64 bit Build 18362 (10.0.18362.1110)

CPU:total 8 (initial active 8) (4 cores per cpu, 2 threads per core) family 6 model 142 stepping 10, cmov, cx8, fxsr, mmx, sse, sse2, sse3, ssse3, sse4.1, sse4.2, popcnt, avx, avx2, aes, clmul, erms, 3dnowpref, lzcnt, ht, tsc, tscinvbit, bmi1, bmi2, adx

Memory: 4k page, physical 8272440k(391024k free), swap 33438264k(2284k free)

vm_info: Java HotSpot(TM) 64-Bit Server VM (25.191-b12) for windows-amd64 JRE (1.8.0_191-b12), built on Oct  6 2018 09:29:03 by "java_re" with MS VC++ 10.0 (VS2010)

time: Mon Nov 30 00:31:30 2020
elapsed time: 40 seconds (0d 0h 0m 40s)

