#
# There is insufficient memory for the Java Runtime Environment to continue.
# Native memory allocation (malloc) failed to allocate 32744 bytes for ChunkPool::allocate
# Possible reasons:
#   The system is out of physical RAM or swap space
#   In 32 bit mode, the process size limit was hit
# Possible solutions:
#   Reduce memory load on the system
#   Increase physical memory or swap space
#   Check if swap backing store is full
#   Use 64 bit Java on a 64 bit OS
#   Decrease Java heap size (-Xmx/-Xms)
#   Decrease number of Java threads
#   Decrease Java thread stack sizes (-Xss)
#   Set larger code cache with -XX:ReservedCodeCacheSize=
# This output file may be truncated or incomplete.
#
#  Out of Memory Error (allocation.cpp:273), pid=40052, tid=0x000000000000a194
#
# JRE version: Java(TM) SE Runtime Environment (8.0_191-b12) (build 1.8.0_191-b12)
# Java VM: Java HotSpot(TM) 64-Bit Server VM (25.191-b12 mixed mode windows-amd64 compressed oops)
# Failed to write core dump. Minidumps are not enabled by default on client versions of Windows
#

---------------  T H R E A D  ---------------

Current thread (0x000000001a2ad800):  JavaThread "C1 CompilerThread3" daemon [_thread_in_native, id=41364, stack(0x000000001ae50000,0x000000001af50000)]

Stack: [0x000000001ae50000,0x000000001af50000]
[error occurred during error reporting (printing stack bounds), id 0xc0000005]

Native frames: (J=compiled Java code, j=interpreted, Vv=VM code, C=native code)


Current CompileTask:
C1:  20692 4344       3       com.sun.javafx.sg.prism.NGNode::renderClip (473 bytes)


---------------  P R O C E S S  ---------------

Java Threads: ( => current thread )
  0x000000001b3f6800 JavaThread "Prism Font Disposer" daemon [_thread_blocked, id=18784, stack(0x00000000245f0000,0x00000000246f0000)]
  0x000000001b261800 JavaThread "Thread-3" daemon [_thread_in_native, id=42516, stack(0x0000000022a90000,0x0000000022b90000)]
  0x000000001b25f800 JavaThread "JavaFX-Launcher" [_thread_blocked, id=17536, stack(0x0000000022b90000,0x0000000022c90000)]
  0x000000001b1d2800 JavaThread "JavaFX Application Thread" [_thread_in_native, id=42648, stack(0x000000001be80000,0x000000001bf80000)]
  0x000000001b1b9000 JavaThread "Thread-1" daemon [_thread_blocked, id=21272, stack(0x000000001bd80000,0x000000001be80000)]
  0x000000001b1a4800 JavaThread "QuantumRenderer-0" daemon [_thread_blocked, id=28040, stack(0x000000001bb00000,0x000000001bc00000)]
  0x000000001a2f0800 JavaThread "Service Thread" daemon [_thread_blocked, id=41924, stack(0x000000001af50000,0x000000001b050000)]
=>0x000000001a2ad800 JavaThread "C1 CompilerThread3" daemon [_thread_in_native, id=41364, stack(0x000000001ae50000,0x000000001af50000)]
  0x000000001a291800 JavaThread "C2 CompilerThread2" daemon [_thread_blocked, id=1592, stack(0x000000001ad50000,0x000000001ae50000)]
  0x000000001a28d800 JavaThread "C2 CompilerThread1" daemon [_thread_blocked, id=45136, stack(0x000000001ac50000,0x000000001ad50000)]
  0x000000001a287800 JavaThread "C2 CompilerThread0" daemon [_thread_blocked, id=29560, stack(0x000000001ab50000,0x000000001ac50000)]
  0x000000001a281800 JavaThread "Attach Listener" daemon [_thread_blocked, id=38480, stack(0x000000001aa50000,0x000000001ab50000)]
  0x000000001847e800 JavaThread "Signal Dispatcher" daemon [_thread_blocked, id=39056, stack(0x000000001a950000,0x000000001aa50000)]
  0x000000001a271000 JavaThread "Finalizer" daemon [_thread_blocked, id=42272, stack(0x000000001a750000,0x000000001a850000)]
  0x000000001846d800 JavaThread "Reference Handler" daemon [_thread_blocked, id=4440, stack(0x000000001a650000,0x000000001a750000)]
  0x00000000033f2800 JavaThread "main" [_thread_blocked, id=31800, stack(0x00000000032f0000,0x00000000033f0000)]

Other Threads:
  0x0000000018468000 VMThread [stack: 0x000000001a150000,0x000000001a250000] [id=32352]
  0x000000001a2f2000 WatcherThread [stack: 0x000000001b050000,0x000000001b150000] [id=1328]

VM state:not at safepoint (normal execution)

VM Mutex/Monitor currently owned by a thread: None

Heap:
 PSYoungGen      total 38400K, used 16118K [0x00000000d5f00000, 0x00000000daa00000, 0x0000000100000000)
  eden space 33280K, 48% used [0x00000000d5f00000,0x00000000d6ebdb70,0x00000000d7f80000)
  from space 5120K, 0% used [0x00000000d8480000,0x00000000d8480000,0x00000000d8980000)
  to   space 5120K, 0% used [0x00000000d7f80000,0x00000000d7f80000,0x00000000d8480000)
 ParOldGen       total 83968K, used 20668K [0x0000000081c00000, 0x0000000086e00000, 0x00000000d5f00000)
  object space 83968K, 24% used [0x0000000081c00000,0x000000008302f148,0x0000000086e00000)
 Metaspace       used 21053K, capacity 22174K, committed 22400K, reserved 1069056K
  class space    used 2901K, capacity 3146K, committed 3200K, reserved 1048576K

Card table byte_map: [0x00000000128b0000,0x0000000012cb0000] byte_map_base: 0x00000000124a2000

Marking Bits: (ParMarkBitMap*) 0x00000000750b3e30
 Begin Bits: [0x0000000013760000, 0x00000000156f0000)
 End Bits:   [0x00000000156f0000, 0x0000000017680000)

Polling page: 0x00000000013e0000

CodeCache: size=245760Kb used=13954Kb max_used=13954Kb free=231805Kb
 bounds [0x00000000034f0000, 0x00000000042a0000, 0x00000000124f0000]
 total_blobs=5016 nmethods=4330 adapters=597
 compilation: enabled

Compilation events (10 events):
Event: 20.159 Thread 0x000000001a2ad800 nmethod 4339 0x0000000004293210 code [0x0000000004293360, 0x0000000004293570]
Event: 20.160 Thread 0x000000001a2ad800 4340       3       com.sun.scenario.effect.DelegateEffect::filter (15 bytes)
Event: 20.161 Thread 0x000000001a2ad800 nmethod 4340 0x0000000004294c90 code [0x0000000004294e00, 0x00000000042950f8]
Event: 20.161 Thread 0x000000001a2ad800 4341       3       com.sun.scenario.effect.LinearConvolveCoreEffect::getRenderState (12 bytes)
Event: 20.162 Thread 0x000000001a2ad800 nmethod 4341 0x00000000042945d0 code [0x0000000004294760, 0x0000000004294b18]
Event: 20.162 Thread 0x000000001a2ad800 4343       3       com.sun.scenario.effect.LinearConvolveCoreEffect::filterImageDatas (159 bytes)
Event: 20.165 Thread 0x000000001a2ad800 nmethod 4343 0x0000000004298210 code [0x0000000004298480, 0x00000000042992b8]
Event: 20.165 Thread 0x000000001a2ad800 4342       3       com.sun.scenario.effect.LinearConvolveCoreEffect::filterImageDatas (15 bytes)
Event: 20.166 Thread 0x000000001a2ad800 nmethod 4342 0x0000000004294090 code [0x0000000004294200, 0x00000000042944e8]
Event: 20.650 Thread 0x000000001a2ad800 4344       3       com.sun.javafx.sg.prism.NGNode::renderClip (473 bytes)

GC Heap History (10 events):
Event: 1.668 GC heap before
{Heap before GC invocations=1 (full 0):
 PSYoungGen      total 38400K, used 33280K [0x00000000d5f00000, 0x00000000d8980000, 0x0000000100000000)
  eden space 33280K, 100% used [0x00000000d5f00000,0x00000000d7f80000,0x00000000d7f80000)
  from space 5120K, 0% used [0x00000000d8480000,0x00000000d8480000,0x00000000d8980000)
  to   space 5120K, 0% used [0x00000000d7f80000,0x00000000d7f80000,0x00000000d8480000)
 ParOldGen       total 87552K, used 0K [0x0000000081c00000, 0x0000000087180000, 0x00000000d5f00000)
  object space 87552K, 0% used [0x0000000081c00000,0x0000000081c00000,0x0000000087180000)
 Metaspace       used 13313K, capacity 13844K, committed 13952K, reserved 1060864K
  class space    used 1741K, capacity 1905K, committed 1920K, reserved 1048576K
Event: 1.674 GC heap after
Heap after GC invocations=1 (full 0):
 PSYoungGen      total 38400K, used 5088K [0x00000000d5f00000, 0x00000000d8980000, 0x0000000100000000)
  eden space 33280K, 0% used [0x00000000d5f00000,0x00000000d5f00000,0x00000000d7f80000)
  from space 5120K, 99% used [0x00000000d7f80000,0x00000000d8478040,0x00000000d8480000)
  to   space 5120K, 0% used [0x00000000d8480000,0x00000000d8480000,0x00000000d8980000)
 ParOldGen       total 87552K, used 372K [0x0000000081c00000, 0x0000000087180000, 0x00000000d5f00000)
  object space 87552K, 0% used [0x0000000081c00000,0x0000000081c5d010,0x0000000087180000)
 Metaspace       used 13313K, capacity 13844K, committed 13952K, reserved 1060864K
  class space    used 1741K, capacity 1905K, committed 1920K, reserved 1048576K
}
Event: 2.469 GC heap before
{Heap before GC invocations=2 (full 0):
 PSYoungGen      total 38400K, used 38368K [0x00000000d5f00000, 0x00000000d8980000, 0x0000000100000000)
  eden space 33280K, 100% used [0x00000000d5f00000,0x00000000d7f80000,0x00000000d7f80000)
  from space 5120K, 99% used [0x00000000d7f80000,0x00000000d8478040,0x00000000d8480000)
  to   space 5120K, 0% used [0x00000000d8480000,0x00000000d8480000,0x00000000d8980000)
 ParOldGen       total 87552K, used 372K [0x0000000081c00000, 0x0000000087180000, 0x00000000d5f00000)
  object space 87552K, 0% used [0x0000000081c00000,0x0000000081c5d010,0x0000000087180000)
 Metaspace       used 17040K, capacity 17798K, committed 17920K, reserved 1064960K
  class space    used 2358K, capacity 2546K, committed 2560K, reserved 1048576K
Event: 2.479 GC heap after
Heap after GC invocations=2 (full 0):
 PSYoungGen      total 38400K, used 5119K [0x00000000d5f00000, 0x00000000d8980000, 0x0000000100000000)
  eden space 33280K, 0% used [0x00000000d5f00000,0x00000000d5f00000,0x00000000d7f80000)
  from space 5120K, 99% used [0x00000000d8480000,0x00000000d897fd30,0x00000000d8980000)
  to   space 5120K, 0% used [0x00000000d7f80000,0x00000000d7f80000,0x00000000d8480000)
 ParOldGen       total 87552K, used 7586K [0x0000000081c00000, 0x0000000087180000, 0x00000000d5f00000)
  object space 87552K, 8% used [0x0000000081c00000,0x0000000082368850,0x0000000087180000)
 Metaspace       used 17040K, capacity 17798K, committed 17920K, reserved 1064960K
  class space    used 2358K, capacity 2546K, committed 2560K, reserved 1048576K
}
Event: 3.228 GC heap before
{Heap before GC invocations=3 (full 0):
 PSYoungGen      total 38400K, used 38399K [0x00000000d5f00000, 0x00000000d8980000, 0x0000000100000000)
  eden space 33280K, 100% used [0x00000000d5f00000,0x00000000d7f80000,0x00000000d7f80000)
  from space 5120K, 99% used [0x00000000d8480000,0x00000000d897fd30,0x00000000d8980000)
  to   space 5120K, 0% used [0x00000000d7f80000,0x00000000d7f80000,0x00000000d8480000)
 ParOldGen       total 87552K, used 7586K [0x0000000081c00000, 0x0000000087180000, 0x00000000d5f00000)
  object space 87552K, 8% used [0x0000000081c00000,0x0000000082368850,0x0000000087180000)
 Metaspace       used 19546K, capacity 20602K, committed 20736K, reserved 1067008K
  class space    used 2787K, capacity 3036K, committed 3072K, reserved 1048576K
Event: 3.239 GC heap after
Heap after GC invocations=3 (full 0):
 PSYoungGen      total 38400K, used 5103K [0x00000000d5f00000, 0x00000000d8980000, 0x0000000100000000)
  eden space 33280K, 0% used [0x00000000d5f00000,0x00000000d5f00000,0x00000000d7f80000)
  from space 5120K, 99% used [0x00000000d7f80000,0x00000000d847bd40,0x00000000d8480000)
  to   space 5120K, 0% used [0x00000000d8480000,0x00000000d8480000,0x00000000d8980000)
 ParOldGen       total 87552K, used 12542K [0x0000000081c00000, 0x0000000087180000, 0x00000000d5f00000)
  object space 87552K, 14% used [0x0000000081c00000,0x000000008283f940,0x0000000087180000)
 Metaspace       used 19546K, capacity 20602K, committed 20736K, reserved 1067008K
  class space    used 2787K, capacity 3036K, committed 3072K, reserved 1048576K
}
Event: 3.392 GC heap before
{Heap before GC invocations=4 (full 0):
 PSYoungGen      total 38400K, used 18124K [0x00000000d5f00000, 0x00000000d8980000, 0x0000000100000000)
  eden space 33280K, 39% used [0x00000000d5f00000,0x00000000d6bb7490,0x00000000d7f80000)
  from space 5120K, 99% used [0x00000000d7f80000,0x00000000d847bd40,0x00000000d8480000)
  to   space 5120K, 0% used [0x00000000d8480000,0x00000000d8480000,0x00000000d8980000)
 ParOldGen       total 87552K, used 12542K [0x0000000081c00000, 0x0000000087180000, 0x00000000d5f00000)
  object space 87552K, 14% used [0x0000000081c00000,0x000000008283f940,0x0000000087180000)
 Metaspace       used 20083K, capacity 21226K, committed 21296K, reserved 1067008K
  class space    used 2864K, capacity 3134K, committed 3200K, reserved 1048576K
Event: 3.404 GC heap after
Heap after GC invocations=4 (full 0):
 PSYoungGen      total 38400K, used 5104K [0x00000000d5f00000, 0x00000000daa00000, 0x0000000100000000)
  eden space 33280K, 0% used [0x00000000d5f00000,0x00000000d5f00000,0x00000000d7f80000)
  from space 5120K, 99% used [0x00000000d8480000,0x00000000d897c030,0x00000000d8980000)
  to   space 5120K, 0% used [0x00000000d7f80000,0x00000000d7f80000,0x00000000d8480000)
 ParOldGen       total 87552K, used 16885K [0x0000000081c00000, 0x0000000087180000, 0x00000000d5f00000)
  object space 87552K, 19% used [0x0000000081c00000,0x0000000082c7d538,0x0000000087180000)
 Metaspace       used 20083K, capacity 21226K, committed 21296K, reserved 1067008K
  class space    used 2864K, capacity 3134K, committed 3200K, reserved 1048576K
}
Event: 3.404 GC heap before
{Heap before GC invocations=5 (full 1):
 PSYoungGen      total 38400K, used 5104K [0x00000000d5f00000, 0x00000000daa00000, 0x0000000100000000)
  eden space 33280K, 0% used [0x00000000d5f00000,0x00000000d5f00000,0x00000000d7f80000)
  from space 5120K, 99% used [0x00000000d8480000,0x00000000d897c030,0x00000000d8980000)
  to   space 5120K, 0% used [0x00000000d7f80000,0x00000000d7f80000,0x00000000d8480000)
 ParOldGen       total 87552K, used 16885K [0x0000000081c00000, 0x0000000087180000, 0x00000000d5f00000)
  object space 87552K, 19% used [0x0000000081c00000,0x0000000082c7d538,0x0000000087180000)
 Metaspace       used 20083K, capacity 21226K, committed 21296K, reserved 1067008K
  class space    used 2864K, capacity 3134K, committed 3200K, reserved 1048576K
Event: 3.565 GC heap after
Heap after GC invocations=5 (full 1):
 PSYoungGen      total 38400K, used 0K [0x00000000d5f00000, 0x00000000daa00000, 0x0000000100000000)
  eden space 33280K, 0% used [0x00000000d5f00000,0x00000000d5f00000,0x00000000d7f80000)
  from space 5120K, 0% used [0x00000000d8480000,0x00000000d8480000,0x00000000d8980000)
  to   space 5120K, 0% used [0x00000000d7f80000,0x00000000d7f80000,0x00000000d8480000)
 ParOldGen       total 83968K, used 20668K [0x0000000081c00000, 0x0000000086e00000, 0x00000000d5f00000)
  object space 83968K, 24% used [0x0000000081c00000,0x000000008302f148,0x0000000086e00000)
 Metaspace       used 20083K, capacity 21226K, committed 21296K, reserved 1067008K
  class space    used 2864K, capacity 3134K, committed 3200K, reserved 1048576K
}

Deoptimization events (10 events):
Event: 3.282 Thread 0x000000001b1d2800 Uncommon trap: reason=unstable_if action=reinterpret pc=0x0000000003dca68c method=javafx.scene.Parent.setChildDirty(Ljavafx/scene/Node;Z)V @ 51
Event: 3.319 Thread 0x000000001b1d2800 Uncommon trap: reason=unstable_if action=reinterpret pc=0x0000000003d4f9d0 method=com.sun.javafx.css.CompoundSelector.applies(Ljavafx/css/Styleable;I[Ljava/util/Set;I)Z @ 72
Event: 3.780 Thread 0x000000001b1a4800 Uncommon trap: reason=class_check action=maybe_recompile pc=0x0000000003df14c8 method=java.util.WeakHashMap.eq(Ljava/lang/Object;Ljava/lang/Object;)Z @ 7
Event: 3.780 Thread 0x000000001b1a4800 Uncommon trap: reason=class_check action=maybe_recompile pc=0x0000000003df14c8 method=java.util.WeakHashMap.eq(Ljava/lang/Object;Ljava/lang/Object;)Z @ 7
Event: 3.783 Thread 0x000000001b1a4800 Uncommon trap: reason=class_check action=maybe_recompile pc=0x0000000003df14c8 method=java.util.WeakHashMap.eq(Ljava/lang/Object;Ljava/lang/Object;)Z @ 7
Event: 3.806 Thread 0x000000001b1a4800 Uncommon trap: reason=class_check action=maybe_recompile pc=0x0000000003df14c8 method=java.util.WeakHashMap.eq(Ljava/lang/Object;Ljava/lang/Object;)Z @ 7
Event: 3.812 Thread 0x000000001b1d2800 Uncommon trap: reason=unstable_if action=reinterpret pc=0x0000000003dfde60 method=javafx.scene.Node.impl_isDirtyEmpty()Z @ 4
Event: 4.253 Thread 0x000000001b1d2800 Uncommon trap: reason=unstable_if action=reinterpret pc=0x000000000405ecf0 method=javafx.scene.Node.updateLocalToParentTransform()V @ 125
Event: 4.324 Thread 0x000000001b1a4800 Uncommon trap: reason=unstable_if action=reinterpret pc=0x0000000004050b58 method=com.sun.javafx.font.PrismFontStrike.getQuantizedPosition(Lcom/sun/javafx/geom/Point2D;)I @ 4
Event: 5.357 Thread 0x000000001b1a4800 Uncommon trap: reason=unstable_if action=reinterpret pc=0x0000000004062658 method=com.sun.prism.impl.GlyphCache.getCachedGlyph(II)Lcom/sun/prism/impl/GlyphCache$GlyphData; @ 366

Classes redefined (0 events):
No events

Internal exceptions (10 events):
Event: 1.633 Thread 0x000000001b1d2800 Exception <a 'java/io/FileNotFoundException'> (0x00000000d7e76990) thrown at [C:\re\workspace\8-2-build-windows-amd64-cygwin\jdk8u191\11896\hotspot\src\share\vm\prims\jni.cpp, line 709]
Event: 1.634 Thread 0x000000001b1d2800 Exception <a 'java/io/FileNotFoundException'> (0x00000000d7e7cce8) thrown at [C:\re\workspace\8-2-build-windows-amd64-cygwin\jdk8u191\11896\hotspot\src\share\vm\prims\jni.cpp, line 709]
Event: 1.634 Thread 0x000000001b1d2800 Exception <a 'java/io/FileNotFoundException'> (0x00000000d7e7dfc8) thrown at [C:\re\workspace\8-2-build-windows-amd64-cygwin\jdk8u191\11896\hotspot\src\share\vm\prims\jni.cpp, line 709]
Event: 1.635 Thread 0x000000001b1d2800 Exception <a 'java/io/FileNotFoundException'> (0x00000000d7e82d40) thrown at [C:\re\workspace\8-2-build-windows-amd64-cygwin\jdk8u191\11896\hotspot\src\share\vm\prims\jni.cpp, line 709]
Event: 2.200 Thread 0x000000001b1d2800 Implicit null exception at 0x0000000003828eb5 to 0x00000000038290d1
Event: 2.200 Thread 0x000000001b1d2800 Implicit null exception at 0x0000000003871a58 to 0x0000000003871ae6
Event: 2.205 Thread 0x000000001b1d2800 Implicit null exception at 0x00000000037c75af to 0x00000000037c7619
Event: 2.457 Thread 0x000000001b1d2800 Implicit null exception at 0x0000000003bf99ed to 0x0000000003bfb1b5
Event: 3.278 Thread 0x000000001b1d2800 Implicit null exception at 0x0000000003d27c18 to 0x0000000003d2b29d
Event: 3.319 Thread 0x000000001b1d2800 Implicit null exception at 0x0000000003d49025 to 0x0000000003d4f9c1

Events (10 events):
Event: 4.253 Thread 0x000000001b1d2800 DEOPT PACKING pc=0x000000000405ecf0 sp=0x000000001bf7d850
Event: 4.253 Thread 0x000000001b1d2800 DEOPT UNPACKING pc=0x000000000353583b sp=0x000000001bf7d7b8 mode 2
Event: 4.324 Thread 0x000000001b1a4800 Uncommon trap: trap_request=0xffffff65 fr.pc=0x0000000004050b58
Event: 4.324 Thread 0x000000001b1a4800 DEOPT PACKING pc=0x0000000004050b58 sp=0x000000001bbf8f60
Event: 4.324 Thread 0x000000001b1a4800 DEOPT UNPACKING pc=0x000000000353583b sp=0x000000001bbf8e68 mode 2
Event: 5.357 Thread 0x000000001b1a4800 Uncommon trap: trap_request=0xffffff65 fr.pc=0x0000000004062658
Event: 5.357 Thread 0x000000001b1a4800 DEOPT PACKING pc=0x0000000004062658 sp=0x000000001bbfc8f0
Event: 5.357 Thread 0x000000001b1a4800 DEOPT UNPACKING pc=0x000000000353583b sp=0x000000001bbfc840 mode 2
Event: 15.148 Thread 0x000000001b1a4800 DEOPT PACKING pc=0x00000000040fa489 sp=0x000000001bbfbf90
Event: 15.149 Thread 0x000000001b1a4800 DEOPT UNPACKING pc=0x0000000003537890 sp=0x000000001bbfbd28 mode 0


Dynamic libraries:
0x00007ff640350000 - 0x00007ff640387000 	C:\Program Files\Java\jdk1.8.0_191\jre\bin\java.exe
0x00007ffdb8c00000 - 0x00007ffdb8df0000 	C:\WINDOWS\SYSTEM32\ntdll.dll
0x00007ffdb7170000 - 0x00007ffdb7222000 	C:\WINDOWS\System32\KERNEL32.DLL
0x00007ffdb5d30000 - 0x00007ffdb5fd4000 	C:\WINDOWS\System32\KERNELBASE.dll
0x00007ffdb7230000 - 0x00007ffdb72d3000 	C:\WINDOWS\System32\ADVAPI32.dll
0x00007ffdb82c0000 - 0x00007ffdb835e000 	C:\WINDOWS\System32\msvcrt.dll
0x00007ffdb8360000 - 0x00007ffdb83f7000 	C:\WINDOWS\System32\sechost.dll
0x00007ffdb7bf0000 - 0x00007ffdb7d10000 	C:\WINDOWS\System32\RPCRT4.dll
0x00007ffdb7720000 - 0x00007ffdb78b4000 	C:\WINDOWS\System32\USER32.dll
0x00007ffdb5fe0000 - 0x00007ffdb6001000 	C:\WINDOWS\System32\win32u.dll
0x00007ffdb6fa0000 - 0x00007ffdb6fc6000 	C:\WINDOWS\System32\GDI32.dll
0x00007ffdb6010000 - 0x00007ffdb61a6000 	C:\WINDOWS\System32\gdi32full.dll
0x00007ffdb6ac0000 - 0x00007ffdb6b5e000 	C:\WINDOWS\System32\msvcp_win.dll
0x00007ffdb5bb0000 - 0x00007ffdb5caa000 	C:\WINDOWS\System32\ucrtbase.dll
0x00007ffdad5c0000 - 0x00007ffdad844000 	C:\WINDOWS\WinSxS\amd64_microsoft.windows.common-controls_6595b64144ccf1df_6.0.18362.959_none_e6c7bbbf130c62bb\COMCTL32.dll
0x00007ffdb73c0000 - 0x00007ffdb76f5000 	C:\WINDOWS\System32\combase.dll
0x00007ffdb6260000 - 0x00007ffdb62e0000 	C:\WINDOWS\System32\bcryptPrimitives.dll
0x00007ffdb72e0000 - 0x00007ffdb730e000 	C:\WINDOWS\System32\IMM32.DLL
0x00000000747b0000 - 0x0000000074882000 	C:\Program Files\Java\jdk1.8.0_191\jre\bin\msvcr100.dll
0x0000000074890000 - 0x0000000075134000 	C:\Program Files\Java\jdk1.8.0_191\jre\bin\server\jvm.dll
0x00007ffdb7d90000 - 0x00007ffdb7d98000 	C:\WINDOWS\System32\PSAPI.DLL
0x00007ffda9650000 - 0x00007ffda9659000 	C:\WINDOWS\SYSTEM32\WSOCK32.dll
0x00007ffdaaf70000 - 0x00007ffdaaf94000 	C:\WINDOWS\SYSTEM32\WINMM.dll
0x00007ffdaea60000 - 0x00007ffdaea6a000 	C:\WINDOWS\SYSTEM32\VERSION.dll
0x00007ffdb6fd0000 - 0x00007ffdb703f000 	C:\WINDOWS\System32\WS2_32.dll
0x00007ffdaaf40000 - 0x00007ffdaaf6d000 	C:\WINDOWS\SYSTEM32\winmmbase.dll
0x00007ffdb62e0000 - 0x00007ffdb632a000 	C:\WINDOWS\System32\cfgmgr32.dll
0x0000000076f70000 - 0x0000000076f7f000 	C:\Program Files\Java\jdk1.8.0_191\jre\bin\verify.dll
0x0000000075450000 - 0x0000000075479000 	C:\Program Files\Java\jdk1.8.0_191\jre\bin\java.dll
0x0000000074790000 - 0x00000000747a6000 	C:\Program Files\Java\jdk1.8.0_191\jre\bin\zip.dll
0x00007ffdb84d0000 - 0x00007ffdb8bb6000 	C:\WINDOWS\System32\SHELL32.dll
0x00007ffdb7da0000 - 0x00007ffdb7e49000 	C:\WINDOWS\System32\shcore.dll
0x00007ffdb6330000 - 0x00007ffdb6ab2000 	C:\WINDOWS\System32\windows.storage.dll
0x00007ffdb5ae0000 - 0x00007ffdb5b03000 	C:\WINDOWS\System32\profapi.dll
0x00007ffdb5b30000 - 0x00007ffdb5b7a000 	C:\WINDOWS\System32\powrprof.dll
0x00007ffdb5ab0000 - 0x00007ffdb5ac0000 	C:\WINDOWS\System32\UMPDC.dll
0x00007ffdb7040000 - 0x00007ffdb7092000 	C:\WINDOWS\System32\shlwapi.dll
0x00007ffdb5ac0000 - 0x00007ffdb5ad1000 	C:\WINDOWS\System32\kernel.appcore.dll
0x00007ffdb5d10000 - 0x00007ffdb5d27000 	C:\WINDOWS\System32\cryptsp.dll
0x00000000031d0000 - 0x00000000031d3000 	C:\Program Files\Java\jdk1.8.0_191\jre\bin\api-ms-win-core-console-l1-1-0.dll
0x0000000003220000 - 0x0000000003223000 	C:\Program Files\Java\jdk1.8.0_191\jre\bin\api-ms-win-core-datetime-l1-1-0.dll
0x0000000003230000 - 0x0000000003233000 	C:\Program Files\Java\jdk1.8.0_191\jre\bin\api-ms-win-core-debug-l1-1-0.dll
0x0000000003240000 - 0x0000000003243000 	C:\Program Files\Java\jdk1.8.0_191\jre\bin\api-ms-win-core-errorhandling-l1-1-0.dll
0x0000000003250000 - 0x0000000003254000 	C:\Program Files\Java\jdk1.8.0_191\jre\bin\api-ms-win-core-file-l1-1-0.dll
0x0000000003260000 - 0x0000000003263000 	C:\Program Files\Java\jdk1.8.0_191\jre\bin\api-ms-win-core-file-l1-2-0.dll
0x0000000003270000 - 0x0000000003273000 	C:\Program Files\Java\jdk1.8.0_191\jre\bin\api-ms-win-core-file-l2-1-0.dll
0x0000000003280000 - 0x0000000003283000 	C:\Program Files\Java\jdk1.8.0_191\jre\bin\api-ms-win-core-handle-l1-1-0.dll
0x0000000003290000 - 0x0000000003293000 	C:\Program Files\Java\jdk1.8.0_191\jre\bin\api-ms-win-core-heap-l1-1-0.dll
0x00000000032a0000 - 0x00000000032a3000 	C:\Program Files\Java\jdk1.8.0_191\jre\bin\api-ms-win-core-interlocked-l1-1-0.dll
0x00000000032b0000 - 0x00000000032b3000 	C:\Program Files\Java\jdk1.8.0_191\jre\bin\api-ms-win-core-libraryloader-l1-1-0.dll
0x00000000032c0000 - 0x00000000032c3000 	C:\Program Files\Java\jdk1.8.0_191\jre\bin\api-ms-win-core-localization-l1-2-0.dll
0x00000000032d0000 - 0x00000000032d3000 	C:\Program Files\Java\jdk1.8.0_191\jre\bin\api-ms-win-core-memory-l1-1-0.dll
0x000000001b950000 - 0x000000001b953000 	C:\Program Files\Java\jdk1.8.0_191\jre\bin\api-ms-win-core-namedpipe-l1-1-0.dll
0x000000001b960000 - 0x000000001b963000 	C:\Program Files\Java\jdk1.8.0_191\jre\bin\api-ms-win-core-processenvironment-l1-1-0.dll
0x000000001b970000 - 0x000000001b973000 	C:\Program Files\Java\jdk1.8.0_191\jre\bin\api-ms-win-core-processthreads-l1-1-0.dll
0x000000001b980000 - 0x000000001b983000 	C:\Program Files\Java\jdk1.8.0_191\jre\bin\api-ms-win-core-processthreads-l1-1-1.dll
0x000000001b990000 - 0x000000001b993000 	C:\Program Files\Java\jdk1.8.0_191\jre\bin\api-ms-win-core-profile-l1-1-0.dll
0x000000001b9a0000 - 0x000000001b9a3000 	C:\Program Files\Java\jdk1.8.0_191\jre\bin\api-ms-win-core-rtlsupport-l1-1-0.dll
0x000000001b9b0000 - 0x000000001b9b3000 	C:\Program Files\Java\jdk1.8.0_191\jre\bin\api-ms-win-core-string-l1-1-0.dll
0x000000001b9c0000 - 0x000000001b9c3000 	C:\Program Files\Java\jdk1.8.0_191\jre\bin\api-ms-win-core-synch-l1-1-0.dll
0x000000001b9d0000 - 0x000000001b9d3000 	C:\Program Files\Java\jdk1.8.0_191\jre\bin\api-ms-win-core-synch-l1-2-0.dll
0x000000001b9e0000 - 0x000000001b9e3000 	C:\Program Files\Java\jdk1.8.0_191\jre\bin\api-ms-win-core-sysinfo-l1-1-0.dll
0x000000001b9f0000 - 0x000000001b9f3000 	C:\Program Files\Java\jdk1.8.0_191\jre\bin\api-ms-win-core-timezone-l1-1-0.dll
0x000000001ba00000 - 0x000000001ba03000 	C:\Program Files\Java\jdk1.8.0_191\jre\bin\api-ms-win-core-util-l1-1-0.dll
0x000000001ba10000 - 0x000000001ba13000 	C:\Program Files\Java\jdk1.8.0_191\jre\bin\api-ms-win-crt-conio-l1-1-0.dll
0x000000001ba20000 - 0x000000001ba24000 	C:\Program Files\Java\jdk1.8.0_191\jre\bin\api-ms-win-crt-convert-l1-1-0.dll
0x000000001ba30000 - 0x000000001ba33000 	C:\Program Files\Java\jdk1.8.0_191\jre\bin\api-ms-win-crt-environment-l1-1-0.dll
0x000000001ba40000 - 0x000000001ba43000 	C:\Program Files\Java\jdk1.8.0_191\jre\bin\api-ms-win-crt-filesystem-l1-1-0.dll
0x000000001ba50000 - 0x000000001ba53000 	C:\Program Files\Java\jdk1.8.0_191\jre\bin\api-ms-win-crt-heap-l1-1-0.dll
0x000000001ba60000 - 0x000000001ba63000 	C:\Program Files\Java\jdk1.8.0_191\jre\bin\api-ms-win-crt-locale-l1-1-0.dll
0x000000001ba70000 - 0x000000001ba75000 	C:\Program Files\Java\jdk1.8.0_191\jre\bin\api-ms-win-crt-math-l1-1-0.dll
0x000000001ba80000 - 0x000000001ba85000 	C:\Program Files\Java\jdk1.8.0_191\jre\bin\api-ms-win-crt-multibyte-l1-1-0.dll
0x000000001ba90000 - 0x000000001baa0000 	C:\Program Files\Java\jdk1.8.0_191\jre\bin\api-ms-win-crt-private-l1-1-0.dll
0x000000001baa0000 - 0x000000001baa3000 	C:\Program Files\Java\jdk1.8.0_191\jre\bin\api-ms-win-crt-process-l1-1-0.dll
0x000000001bab0000 - 0x000000001bab4000 	C:\Program Files\Java\jdk1.8.0_191\jre\bin\api-ms-win-crt-runtime-l1-1-0.dll
0x000000001bac0000 - 0x000000001bac4000 	C:\Program Files\Java\jdk1.8.0_191\jre\bin\api-ms-win-crt-stdio-l1-1-0.dll
0x000000001bad0000 - 0x000000001bad4000 	C:\Program Files\Java\jdk1.8.0_191\jre\bin\api-ms-win-crt-string-l1-1-0.dll
0x000000001bae0000 - 0x000000001bae3000 	C:\Program Files\Java\jdk1.8.0_191\jre\bin\api-ms-win-crt-time-l1-1-0.dll
0x000000001baf0000 - 0x000000001baf3000 	C:\Program Files\Java\jdk1.8.0_191\jre\bin\api-ms-win-crt-utility-l1-1-0.dll
0x00007ffd8b6a0000 - 0x00007ffd8b796000 	C:\Program Files\Java\jdk1.8.0_191\jre\bin\ucrtbase.dll
0x00007ffdb1650000 - 0x00007ffdb1666000 	C:\Program Files\Java\jdk1.8.0_191\jre\bin\vcruntime140.dll
0x00007ffd956a0000 - 0x00007ffd9573c000 	C:\Program Files\Java\jdk1.8.0_191\jre\bin\msvcp140.dll
0x00007ffdad260000 - 0x00007ffdad2b1000 	C:\Program Files\Java\jdk1.8.0_191\jre\bin\concrt140.dll
0x0000000075850000 - 0x0000000075873000 	C:\Program Files\Java\jdk1.8.0_191\jre\bin\prism_d3d.dll
0x00007ffdaccb0000 - 0x00007ffdace77000 	C:\WINDOWS\system32\d3d9.dll
0x00007ffdb3ea0000 - 0x00007ffdb3ecd000 	C:\WINDOWS\SYSTEM32\dwmapi.dll
0x00007ffdb4720000 - 0x00007ffdb4740000 	C:\WINDOWS\SYSTEM32\dxcore.dll
0x00007ffdb3a70000 - 0x00007ffdb3b09000 	C:\WINDOWS\system32\uxtheme.dll
0x00007ffd64c30000 - 0x00007ffd64dc2000 	C:\WINDOWS\System32\DriverStore\FileRepository\igdlh64.inf_amd64_9f310939ec1eebf9\igdumdim64.dll
0x00007ffd99f30000 - 0x00007ffd9a083000 	C:\WINDOWS\System32\DriverStore\FileRepository\igdlh64.inf_amd64_9f310939ec1eebf9\igdgmm64.dll
0x0000000075800000 - 0x0000000075849000 	C:\Program Files\Java\jdk1.8.0_191\jre\bin\glass.dll
0x00007ffdb8400000 - 0x00007ffdb84d0000 	C:\WINDOWS\System32\COMDLG32.dll
0x00007ffdb78d0000 - 0x00007ffdb7a27000 	C:\WINDOWS\System32\ole32.dll
0x00007ffdb70a0000 - 0x00007ffdb7165000 	C:\WINDOWS\System32\OLEAUT32.dll
0x00007ffdb6e60000 - 0x00007ffdb6f95000 	C:\WINDOWS\System32\MSCTF.dll
0x00007ffd61010000 - 0x00007ffd64c27000 	C:\WINDOWS\System32\DriverStore\FileRepository\igdlh64.inf_amd64_9f310939ec1eebf9\igd9dxva64.dll
0x00007ffd84a30000 - 0x00007ffd84a52000 	C:\WINDOWS\System32\DriverStore\FileRepository\igdlh64.inf_amd64_9f310939ec1eebf9\igdinfo64.dll
0x00007ffd97bb0000 - 0x00007ffd99f2f000 	C:\WINDOWS\System32\DriverStore\FileRepository\igdlh64.inf_amd64_9f310939ec1eebf9\igc64.dll
0x00000000757e0000 - 0x00000000757f4000 	C:\Program Files\Java\jdk1.8.0_191\jre\bin\javafx_font.dll
0x00007ffd9be10000 - 0x00007ffd9c10e000 	C:\WINDOWS\SYSTEM32\dwrite.dll
0x00007ffdb4e90000 - 0x00007ffdb4ec3000 	C:\WINDOWS\system32\rsaenh.dll
0x00007ffdb5b80000 - 0x00007ffdb5ba6000 	C:\WINDOWS\System32\bcrypt.dll
0x00007ffdb59d0000 - 0x00007ffdb59f5000 	C:\WINDOWS\SYSTEM32\USERENV.dll
0x00007ffdb54f0000 - 0x00007ffdb54fc000 	C:\WINDOWS\SYSTEM32\CRYPTBASE.dll
0x0000000074770000 - 0x000000007478a000 	C:\Program Files\Java\jdk1.8.0_191\jre\bin\net.dll
0x00007ffdb5320000 - 0x00007ffdb5387000 	C:\WINDOWS\system32\mswsock.dll
0x00007ffdb5030000 - 0x00007ffdb506a000 	C:\WINDOWS\SYSTEM32\IPHLPAPI.DLL
0x00007ffdb7a30000 - 0x00007ffdb7a38000 	C:\WINDOWS\System32\NSI.dll
0x00007ffdaec90000 - 0x00007ffdaeca6000 	C:\WINDOWS\SYSTEM32\dhcpcsvc6.DLL
0x00007ffdaedb0000 - 0x00007ffdaedcc000 	C:\WINDOWS\SYSTEM32\dhcpcsvc.DLL
0x00007ffdb5070000 - 0x00007ffdb513b000 	C:\WINDOWS\SYSTEM32\DNSAPI.dll
0x0000000074750000 - 0x0000000074761000 	C:\Program Files\Java\jdk1.8.0_191\jre\bin\nio.dll
0x0000000073b80000 - 0x0000000073ba3000 	C:\Program Files\Java\jdk1.8.0_191\jre\bin\javafx_iio.dll
0x00007ffdb7310000 - 0x00007ffdb73b2000 	C:\WINDOWS\System32\clbcatq.dll
0x00007ffd9db70000 - 0x00007ffd9dd1f000 	C:\WINDOWS\SYSTEM32\WindowsCodecs.dll
0x00007ffd9e0b0000 - 0x00007ffd9e0ea000 	C:\WINDOWS\system32\dataexchange.dll
0x00007ffdb2f60000 - 0x00007ffdb313d000 	C:\WINDOWS\system32\dcomp.dll
0x00007ffdb2870000 - 0x00007ffdb2acb000 	C:\WINDOWS\system32\d3d11.dll
0x00007ffdb47b0000 - 0x00007ffdb489b000 	C:\WINDOWS\system32\dxgi.dll
0x00007ffdb3b30000 - 0x00007ffdb3d92000 	C:\WINDOWS\system32\twinapi.appcore.dll
0x00007ffdb3fb0000 - 0x00007ffdb3fd9000 	C:\WINDOWS\system32\RMCLIENT.dll
0x00007ffdab3e0000 - 0x00007ffdab413000 	C:\Program Files\Common Files\Microsoft Shared\Ink\rtscom.dll
0x00007ffd9d970000 - 0x00007ffd9da0e000 	C:\WINDOWS\System32\TextInputFramework.dll
0x00007ffd9dd60000 - 0x00007ffd9e08a000 	C:\WINDOWS\System32\CoreUIComponents.dll
0x00007ffdb3140000 - 0x00007ffdb3214000 	C:\WINDOWS\System32\CoreMessaging.dll
0x00007ffdb4b10000 - 0x00007ffdb4b41000 	C:\WINDOWS\SYSTEM32\ntmarta.dll
0x00007ffdb1960000 - 0x00007ffdb1ab3000 	C:\WINDOWS\SYSTEM32\wintypes.dll
0x00007ffdab840000 - 0x00007ffdabae6000 	C:\WINDOWS\System32\iertutil.dll

VM Arguments:
jvm_args: -Dfile.encoding=UTF-8 
java_command: F:\BUET\2-2\CSE 216 (Database Sessional)\Project\Online Course\dist\run17755299\Online Course.jar
java_class_path (initial): F:\BUET\2-2\CSE 216 (Database Sessional)\Project\Online Course\dist\run17755299\Online Course.jar
Launcher Type: SUN_STANDARD

Environment Variables:
PATH=C:\OracleDatabase\product\11.2.0\dbhome_1\bin;C:\Python38;C:\Python38\Scripts;C:\Python27\;C:\Python27\Scripts;C:\Program Files (x86)\Common Files\Oracle\Java\javapath;C:\Program Files (x86)\Common Files\ArcSoft\Bin;C:\Program Files (x86)\Intel\iCLS Client\;C:\Program Files\Intel\iCLS Client\;C:\Windows\system32;C:\Windows;C:\Windows\System32\Wbem;C:\Windows\System32\WindowsPowerShell\v1.0\;C:\Windows\System32\OpenSSH\;C:\Program Files (x86)\Intel\Intel(R) Management Engine Components\DAL;C:\Program Files\Intel\Intel(R) Management Engine Components\DAL;C:\Program Files (x86)\Intel\Intel(R) Management Engine Components\IPT;C:\Program Files\Intel\Intel(R) Management Engine Components\IPT;C:\Program Files (x86)\NVIDIA Corporation\PhysX\Common;C:\Program Files\Intel\WiFi\bin\;C:\Program Files (x86)\Print Conductor;C:\PHP7;C:\WINDOWS\system32;C:\WINDOWS;C:\WINDOWS\System32\Wbem;C:\WINDOWS\System32\WindowsPowerShell\v1.0\;C:\WINDOWS\System32\OpenSSH\;C:\cygwin64;C:\MinGW\bin;C:\Program Files\Microsoft VS Code\bin;C:\ProgramData\chocolatey\bin;C:\ProgramData\ComposerSetup\bin;C:\composer;C:\Python38\Scripts\;C:\Python38\;C:\Users\ASUS\Anaconda3;C:\Users\ASUS\Anaconda3\Library\mingw-w64\bin;C:\Users\ASUS\Anaconda3\Library\usr\bin;C:\Users\ASUS\Anaconda3\Library\bin;C:\Users\ASUS\Anaconda3\Scripts;C:\Users\ASUS\AppData\Local\Microsoft\WindowsApps;C:\Program Files (x86)\Print Conductor;C:\Users\ASUS\AppData\Roaming\Composer\vendor\bin;
USERNAME=ASUS
OS=Windows_NT
PROCESSOR_IDENTIFIER=Intel64 Family 6 Model 142 Stepping 10, GenuineIntel



---------------  S Y S T E M  ---------------

OS: Windows 10.0 , 64 bit Build 18362 (10.0.18362.959)

CPU:total 8 (initial active 8) (4 cores per cpu, 2 threads per core) family 6 model 142 stepping 10, cmov, cx8, fxsr, mmx, sse, sse2, sse3, ssse3, sse4.1, sse4.2, popcnt, avx, avx2, aes, clmul, erms, 3dnowpref, lzcnt, ht, tsc, tscinvbit, bmi1, bmi2, adx

Memory: 4k page, physical 8272440k(1402000k free), swap 33438264k(5124k free)

vm_info: Java HotSpot(TM) 64-Bit Server VM (25.191-b12) for windows-amd64 JRE (1.8.0_191-b12), built on Oct  6 2018 09:29:03 by "java_re" with MS VC++ 10.0 (VS2010)

time: Sun Aug 02 19:38:54 2020
elapsed time: 20 seconds (0d 0h 0m 20s)

