#
# There is insufficient memory for the Java Runtime Environment to continue.
# Native memory allocation (malloc) failed to allocate 499216 bytes for Chunk::new
# Possible reasons:
#   The system is out of physical RAM or swap space
#   In 32 bit mode, the process size limit was hit
# Possible solutions:
#   Reduce memory load on the system
#   Increase physical memory or swap space
#   Check if swap backing store is full
#   Use 64 bit Java on a 64 bit OS
#   Decrease Java heap size (-Xmx/-Xms)
#   Decrease number of Java threads
#   Decrease Java thread stack sizes (-Xss)
#   Set larger code cache with -XX:ReservedCodeCacheSize=
# This output file may be truncated or incomplete.
#
#  Out of Memory Error (allocation.cpp:390), pid=24852, tid=0x000000000000a224
#
# JRE version: Java(TM) SE Runtime Environment (8.0_191-b12) (build 1.8.0_191-b12)
# Java VM: Java HotSpot(TM) 64-Bit Server VM (25.191-b12 mixed mode windows-amd64 compressed oops)
# Failed to write core dump. Minidumps are not enabled by default on client versions of Windows
#

---------------  T H R E A D  ---------------

Current thread (0x000000001958e000):  JavaThread "C2 CompilerThread1" daemon [_thread_in_native, id=41508, stack(0x0000000019f50000,0x000000001a050000)]

Stack: [0x0000000019f50000,0x000000001a050000]
[error occurred during error reporting (printing stack bounds), id 0xc0000005]

Native frames: (J=compiled Java code, j=interpreted, Vv=VM code, C=native code)


Current CompileTask:
C2:  18833 4279  s    4       java.io.BufferedInputStream::read (113 bytes)


---------------  P R O C E S S  ---------------

Java Threads: ( => current thread )
  0x000000001a6f8000 JavaThread "Prism Font Disposer" daemon [_thread_blocked, id=41264, stack(0x0000000023980000,0x0000000023a80000)]
  0x000000001a5e4800 JavaThread "Thread-3" daemon [_thread_in_native, id=44036, stack(0x0000000021e80000,0x0000000021f80000)]
  0x000000001a5e3800 JavaThread "JavaFX-Launcher" [_thread_blocked, id=24392, stack(0x0000000021f80000,0x0000000022080000)]
  0x000000001a4ee800 JavaThread "JavaFX Application Thread" [_thread_in_native, id=30556, stack(0x000000001b2b0000,0x000000001b3b0000)]
  0x000000001a4d7800 JavaThread "Thread-1" daemon [_thread_blocked, id=25576, stack(0x000000001b1b0000,0x000000001b2b0000)]
  0x000000001a4bf000 JavaThread "QuantumRenderer-0" daemon [_thread_blocked, id=45344, stack(0x000000001aea0000,0x000000001afa0000)]
  0x0000000019619000 JavaThread "Service Thread" daemon [_thread_blocked, id=18756, stack(0x000000001a250000,0x000000001a350000)]
  0x00000000195ad800 JavaThread "C1 CompilerThread3" daemon [_thread_blocked, id=42612, stack(0x000000001a150000,0x000000001a250000)]
  0x0000000019592000 JavaThread "C2 CompilerThread2" daemon [_thread_in_native, id=44524, stack(0x000000001a050000,0x000000001a150000)]
=>0x000000001958e000 JavaThread "C2 CompilerThread1" daemon [_thread_in_native, id=41508, stack(0x0000000019f50000,0x000000001a050000)]
  0x0000000019588000 JavaThread "C2 CompilerThread0" daemon [_thread_in_native, id=12292, stack(0x0000000019e50000,0x0000000019f50000)]
  0x0000000019582000 JavaThread "Attach Listener" daemon [_thread_blocked, id=43764, stack(0x0000000019d50000,0x0000000019e50000)]
  0x0000000019581000 JavaThread "Signal Dispatcher" daemon [_thread_blocked, id=42016, stack(0x0000000019c50000,0x0000000019d50000)]
  0x0000000019571000 JavaThread "Finalizer" daemon [_thread_blocked, id=29788, stack(0x0000000019a50000,0x0000000019b50000)]
  0x0000000019570800 JavaThread "Reference Handler" daemon [_thread_blocked, id=14224, stack(0x0000000019950000,0x0000000019a50000)]
  0x0000000002702800 JavaThread "main" [_thread_blocked, id=16196, stack(0x00000000025c0000,0x00000000026c0000)]

Other Threads:
  0x0000000017778000 VMThread [stack: 0x0000000019450000,0x0000000019550000] [id=17760]
  0x00000000195f0000 WatcherThread [stack: 0x000000001a350000,0x000000001a450000] [id=42796]

VM state:not at safepoint (normal execution)

VM Mutex/Monitor currently owned by a thread: None

Heap:
 PSYoungGen      total 146944K, used 31515K [0x00000000d5f00000, 0x00000000dfe00000, 0x0000000100000000)
  eden space 132608K, 23% used [0x00000000d5f00000,0x00000000d7dc6d40,0x00000000de080000)
  from space 14336K, 0% used [0x00000000def00000,0x00000000def00000,0x00000000dfd00000)
  to   space 14848K, 0% used [0x00000000de080000,0x00000000de080000,0x00000000def00000)
 ParOldGen       total 81408K, used 23840K [0x0000000081c00000, 0x0000000086b80000, 0x00000000d5f00000)
  object space 81408K, 29% used [0x0000000081c00000,0x0000000083348228,0x0000000086b80000)
 Metaspace       used 21149K, capacity 22418K, committed 22472K, reserved 1069056K
  class space    used 2907K, capacity 3182K, committed 3200K, reserved 1048576K

Card table byte_map: [0x0000000011bc0000,0x0000000011fc0000] byte_map_base: 0x00000000117b2000

Marking Bits: (ParMarkBitMap*) 0x00000000750b3e30
 Begin Bits: [0x0000000012a70000, 0x0000000014a00000)
 End Bits:   [0x0000000014a00000, 0x0000000016990000)

Polling page: 0x0000000000850000

CodeCache: size=245760Kb used=14588Kb max_used=14588Kb free=231171Kb
 bounds [0x0000000002800000, 0x0000000003650000, 0x0000000011800000]
 total_blobs=5078 nmethods=4392 adapters=597
 compilation: enabled

Compilation events (10 events):
Event: 18.707 Thread 0x00000000195ad800 4417       3       com.sun.scenario.effect.LinearConvolveCoreEffect::filterImageDatas (15 bytes)
Event: 18.707 Thread 0x00000000195ad800 nmethod 4417 0x0000000003642290 code [0x0000000003642400, 0x00000000036426e8]
Event: 18.707 Thread 0x00000000195ad800 4416       1       com.sun.scenario.effect.DropShadow::getDelegate (5 bytes)
Event: 18.707 Thread 0x00000000195ad800 nmethod 4416 0x00000000036427d0 code [0x0000000003642920, 0x0000000003642a30]
Event: 18.710 Thread 0x00000000195ad800 4421  s!   3       com.sun.scenario.effect.impl.ImagePool::checkOut (447 bytes)
Event: 18.714 Thread 0x00000000195ad800 nmethod 4421 0x0000000003642a90 code [0x0000000003642ea0, 0x00000000036459f8]
Event: 18.776 Thread 0x00000000195ad800 4422       3       com.sun.javafx.sg.prism.NGImageView::renderContent (248 bytes)
Event: 18.777 Thread 0x00000000195ad800 nmethod 4422 0x0000000003646ed0 code [0x0000000003647140, 0x0000000003648048]
Event: 18.777 Thread 0x00000000195ad800 4423       3       com.sun.javafx.sg.prism.NGImageView::maxSizeWrapper (7 bytes)
Event: 18.778 Thread 0x00000000195ad800 nmethod 4423 0x0000000003648750 code [0x00000000036488c0, 0x0000000003648ae8]

GC Heap History (10 events):
Event: 3.328 GC heap before
{Heap before GC invocations=3 (full 0):
 PSYoungGen      total 38400K, used 38377K [0x00000000d5f00000, 0x00000000d8980000, 0x0000000100000000)
  eden space 33280K, 100% used [0x00000000d5f00000,0x00000000d7f80000,0x00000000d7f80000)
  from space 5120K, 99% used [0x00000000d8480000,0x00000000d897a630,0x00000000d8980000)
  to   space 5120K, 0% used [0x00000000d7f80000,0x00000000d7f80000,0x00000000d8480000)
 ParOldGen       total 87552K, used 7637K [0x0000000081c00000, 0x0000000087180000, 0x00000000d5f00000)
  object space 87552K, 8% used [0x0000000081c00000,0x00000000823756d0,0x0000000087180000)
 Metaspace       used 19538K, capacity 20606K, committed 20736K, reserved 1067008K
  class space    used 2784K, capacity 3036K, committed 3072K, reserved 1048576K
Event: 3.341 GC heap after
Heap after GC invocations=3 (full 0):
 PSYoungGen      total 38400K, used 5118K [0x00000000d5f00000, 0x00000000daa00000, 0x0000000100000000)
  eden space 33280K, 0% used [0x00000000d5f00000,0x00000000d5f00000,0x00000000d7f80000)
  from space 5120K, 99% used [0x00000000d7f80000,0x00000000d847faf0,0x00000000d8480000)
  to   space 5120K, 0% used [0x00000000da500000,0x00000000da500000,0x00000000daa00000)
 ParOldGen       total 87552K, used 12542K [0x0000000081c00000, 0x0000000087180000, 0x00000000d5f00000)
  object space 87552K, 14% used [0x0000000081c00000,0x000000008283f810,0x0000000087180000)
 Metaspace       used 19538K, capacity 20606K, committed 20736K, reserved 1067008K
  class space    used 2784K, capacity 3036K, committed 3072K, reserved 1048576K
}
Event: 3.493 GC heap before
{Heap before GC invocations=4 (full 0):
 PSYoungGen      total 38400K, used 17451K [0x00000000d5f00000, 0x00000000daa00000, 0x0000000100000000)
  eden space 33280K, 37% used [0x00000000d5f00000,0x00000000d6b0b1b0,0x00000000d7f80000)
  from space 5120K, 99% used [0x00000000d7f80000,0x00000000d847faf0,0x00000000d8480000)
  to   space 5120K, 0% used [0x00000000da500000,0x00000000da500000,0x00000000daa00000)
 ParOldGen       total 87552K, used 12542K [0x0000000081c00000, 0x0000000087180000, 0x00000000d5f00000)
  object space 87552K, 14% used [0x0000000081c00000,0x000000008283f810,0x0000000087180000)
 Metaspace       used 20094K, capacity 21294K, committed 21552K, reserved 1067008K
  class space    used 2862K, capacity 3134K, committed 3200K, reserved 1048576K
Event: 3.507 GC heap after
Heap after GC invocations=4 (full 0):
 PSYoungGen      total 71680K, used 5102K [0x00000000d5f00000, 0x00000000daa00000, 0x0000000100000000)
  eden space 66560K, 0% used [0x00000000d5f00000,0x00000000d5f00000,0x00000000da000000)
  from space 5120K, 99% used [0x00000000da500000,0x00000000da9fbae0,0x00000000daa00000)
  to   space 5120K, 0% used [0x00000000da000000,0x00000000da000000,0x00000000da500000)
 ParOldGen       total 87552K, used 16990K [0x0000000081c00000, 0x0000000087180000, 0x00000000d5f00000)
  object space 87552K, 19% used [0x0000000081c00000,0x0000000082c97830,0x0000000087180000)
 Metaspace       used 20094K, capacity 21294K, committed 21552K, reserved 1067008K
  class space    used 2862K, capacity 3134K, committed 3200K, reserved 1048576K
}
Event: 3.807 GC heap before
{Heap before GC invocations=5 (full 0):
 PSYoungGen      total 71680K, used 12663K [0x00000000d5f00000, 0x00000000daa00000, 0x0000000100000000)
  eden space 66560K, 11% used [0x00000000d5f00000,0x00000000d6662348,0x00000000da000000)
  from space 5120K, 99% used [0x00000000da500000,0x00000000da9fbae0,0x00000000daa00000)
  to   space 5120K, 0% used [0x00000000da000000,0x00000000da000000,0x00000000da500000)
 ParOldGen       total 87552K, used 16990K [0x0000000081c00000, 0x0000000087180000, 0x00000000d5f00000)
  object space 87552K, 19% used [0x0000000081c00000,0x0000000082c97830,0x0000000087180000)
 Metaspace       used 20404K, capacity 21584K, committed 21884K, reserved 1069056K
  class space    used 2890K, capacity 3145K, committed 3200K, reserved 1048576K
Event: 3.818 GC heap after
Heap after GC invocations=5 (full 0):
 PSYoungGen      total 71680K, used 5102K [0x00000000d5f00000, 0x00000000dfd00000, 0x0000000100000000)
  eden space 66560K, 0% used [0x00000000d5f00000,0x00000000d5f00000,0x00000000da000000)
  from space 5120K, 99% used [0x00000000da000000,0x00000000da4fbae0,0x00000000da500000)
  to   space 14336K, 0% used [0x00000000def00000,0x00000000def00000,0x00000000dfd00000)
 ParOldGen       total 87552K, used 24534K [0x0000000081c00000, 0x0000000087180000, 0x00000000d5f00000)
  object space 87552K, 28% used [0x0000000081c00000,0x00000000833f5850,0x0000000087180000)
 Metaspace       used 20404K, capacity 21584K, committed 21884K, reserved 1069056K
  class space    used 2890K, capacity 3145K, committed 3200K, reserved 1048576K
}
Event: 6.776 GC heap before
{Heap before GC invocations=6 (full 0):
 PSYoungGen      total 71680K, used 10517K [0x00000000d5f00000, 0x00000000dfd00000, 0x0000000100000000)
  eden space 66560K, 8% used [0x00000000d5f00000,0x00000000d6449a00,0x00000000da000000)
  from space 5120K, 99% used [0x00000000da000000,0x00000000da4fbae0,0x00000000da500000)
  to   space 14336K, 0% used [0x00000000def00000,0x00000000def00000,0x00000000dfd00000)
 ParOldGen       total 87552K, used 24534K [0x0000000081c00000, 0x0000000087180000, 0x00000000d5f00000)
  object space 87552K, 28% used [0x0000000081c00000,0x00000000833f5850,0x0000000087180000)
 Metaspace       used 20733K, capacity 21842K, committed 21960K, reserved 1069056K
  class space    used 2896K, capacity 3146K, committed 3200K, reserved 1048576K
Event: 6.793 GC heap after
Heap after GC invocations=6 (full 0):
 PSYoungGen      total 146944K, used 5774K [0x00000000d5f00000, 0x00000000dfe00000, 0x0000000100000000)
  eden space 132608K, 0% used [0x00000000d5f00000,0x00000000d5f00000,0x00000000de080000)
  from space 14336K, 40% used [0x00000000def00000,0x00000000df4a3ae0,0x00000000dfd00000)
  to   space 14848K, 0% used [0x00000000de080000,0x00000000de080000,0x00000000def00000)
 ParOldGen       total 87552K, used 24542K [0x0000000081c00000, 0x0000000087180000, 0x00000000d5f00000)
  object space 87552K, 28% used [0x0000000081c00000,0x00000000833f7850,0x0000000087180000)
 Metaspace       used 20733K, capacity 21842K, committed 21960K, reserved 1069056K
  class space    used 2896K, capacity 3146K, committed 3200K, reserved 1048576K
}
Event: 6.793 GC heap before
{Heap before GC invocations=7 (full 1):
 PSYoungGen      total 146944K, used 5774K [0x00000000d5f00000, 0x00000000dfe00000, 0x0000000100000000)
  eden space 132608K, 0% used [0x00000000d5f00000,0x00000000d5f00000,0x00000000de080000)
  from space 14336K, 40% used [0x00000000def00000,0x00000000df4a3ae0,0x00000000dfd00000)
  to   space 14848K, 0% used [0x00000000de080000,0x00000000de080000,0x00000000def00000)
 ParOldGen       total 87552K, used 24542K [0x0000000081c00000, 0x0000000087180000, 0x00000000d5f00000)
  object space 87552K, 28% used [0x0000000081c00000,0x00000000833f7850,0x0000000087180000)
 Metaspace       used 20733K, capacity 21842K, committed 21960K, reserved 1069056K
  class space    used 2896K, capacity 3146K, committed 3200K, reserved 1048576K
Event: 6.903 GC heap after
Heap after GC invocations=7 (full 1):
 PSYoungGen      total 146944K, used 0K [0x00000000d5f00000, 0x00000000dfe00000, 0x0000000100000000)
  eden space 132608K, 0% used [0x00000000d5f00000,0x00000000d5f00000,0x00000000de080000)
  from space 14336K, 0% used [0x00000000def00000,0x00000000def00000,0x00000000dfd00000)
  to   space 14848K, 0% used [0x00000000de080000,0x00000000de080000,0x00000000def00000)
 ParOldGen       total 81408K, used 23840K [0x0000000081c00000, 0x0000000086b80000, 0x00000000d5f00000)
  object space 81408K, 29% used [0x0000000081c00000,0x0000000083348228,0x0000000086b80000)
 Metaspace       used 20733K, capacity 21842K, committed 21960K, reserved 1069056K
  class space    used 2896K, capacity 3146K, committed 3200K, reserved 1048576K
}

Deoptimization events (10 events):
Event: 15.407 Thread 0x000000001a4bf000 Uncommon trap: reason=unstable_if action=reinterpret pc=0x00000000033c2674 method=com.sun.prism.impl.GlyphCache.getCachedGlyph(II)Lcom/sun/prism/impl/GlyphCache$GlyphData; @ 366
Event: 15.479 Thread 0x000000001a4bf000 Uncommon trap: reason=unstable_if action=reinterpret pc=0x00000000034d6e44 method=com.sun.javafx.geom.RectBounds.intersects(Lcom/sun/javafx/geom/BaseBounds;)Z @ 41
Event: 15.479 Thread 0x000000001a4bf000 Uncommon trap: reason=unstable_if action=reinterpret pc=0x00000000034fa9d4 method=com.sun.javafx.sg.prism.NGGroup.markCullRegions(Lcom/sun/javafx/geom/DirtyRegionContainer;ILcom/sun/javafx/geom/transform/BaseTransform;Lcom/sun/javafx/geom/transform/Genera
Event: 15.481 Thread 0x000000001a4bf000 Uncommon trap: reason=unstable_if action=reinterpret pc=0x00000000034faa00 method=com.sun.javafx.sg.prism.NGGroup.markCullRegions(Lcom/sun/javafx/geom/DirtyRegionContainer;ILcom/sun/javafx/geom/transform/BaseTransform;Lcom/sun/javafx/geom/transform/Genera
Event: 17.467 Thread 0x000000001a4ee800 Uncommon trap: reason=unstable_if action=reinterpret pc=0x00000000032d8784 method=com.sun.javafx.text.TextRun.getPosX(I)F @ 75
Event: 18.658 Thread 0x000000001a4bf000 Uncommon trap: reason=unstable_if action=reinterpret pc=0x00000000034a57ac method=com.sun.javafx.sg.prism.NGRegion.renderContent(Lcom/sun/prism/Graphics;)V @ 92
Event: 18.691 Thread 0x000000001a4bf000 Uncommon trap: reason=unstable_if action=reinterpret pc=0x000000000346f3c4 method=com.sun.javafx.sg.prism.NGNode.doRender(Lcom/sun/prism/Graphics;)V @ 361
Event: 18.691 Thread 0x000000001a4bf000 Uncommon trap: reason=unstable_if action=reinterpret pc=0x00000000035466ec method=com.sun.prism.d3d.D3DTextureResource.isValid()Z @ 4
Event: 18.692 Thread 0x000000001a4bf000 Uncommon trap: reason=unstable_if action=reinterpret pc=0x0000000003513a4c method=com.sun.prism.d3d.D3DTextureResource.isValid()Z @ 4
Event: 18.692 Thread 0x000000001a4bf000 Uncommon trap: reason=unstable_if action=reinterpret pc=0x00000000034a47fc method=com.sun.prism.d3d.D3DTextureResource.isValid()Z @ 4

Classes redefined (0 events):
No events

Internal exceptions (10 events):
Event: 1.747 Thread 0x000000001a4ee800 Exception <a 'java/io/FileNotFoundException'> (0x00000000d7e7c1d8) thrown at [C:\re\workspace\8-2-build-windows-amd64-cygwin\jdk8u191\11896\hotspot\src\share\vm\prims\jni.cpp, line 709]
Event: 1.749 Thread 0x000000001a4ee800 Exception <a 'java/io/FileNotFoundException'> (0x00000000d7e80f50) thrown at [C:\re\workspace\8-2-build-windows-amd64-cygwin\jdk8u191\11896\hotspot\src\share\vm\prims\jni.cpp, line 709]
Event: 2.323 Thread 0x000000001a4ee800 Implicit null exception at 0x0000000002b351b5 to 0x0000000002b353cd
Event: 2.324 Thread 0x000000001a4ee800 Implicit null exception at 0x0000000002bad3d8 to 0x0000000002bad466
Event: 2.328 Thread 0x000000001a4ee800 Implicit null exception at 0x0000000002aa6fef to 0x0000000002aa7059
Event: 2.592 Thread 0x000000001a4ee800 Implicit null exception at 0x0000000002f232ad to 0x0000000002f24a61
Event: 3.374 Thread 0x000000001a4ee800 Implicit null exception at 0x0000000003065cd6 to 0x000000000306936d
Event: 18.691 Thread 0x000000001a4bf000 Implicit null exception at 0x00000000035451a5 to 0x00000000035466bd
Event: 18.692 Thread 0x000000001a4bf000 Implicit null exception at 0x00000000035139d4 to 0x0000000003513a39
Event: 18.692 Thread 0x000000001a4bf000 Implicit null exception at 0x00000000034a4790 to 0x00000000034a47e9

Events (10 events):
Event: 18.691 Thread 0x000000001a4bf000 DEOPT UNPACKING pc=0x000000000284583b sp=0x000000001af9e508 mode 2
Event: 18.691 Thread 0x000000001a4bf000 Uncommon trap: trap_request=0xffffff65 fr.pc=0x00000000035466ec
Event: 18.691 Thread 0x000000001a4bf000 DEOPT PACKING pc=0x00000000035466ec sp=0x000000001af9d770
Event: 18.691 Thread 0x000000001a4bf000 DEOPT UNPACKING pc=0x000000000284583b sp=0x000000001af9d628 mode 2
Event: 18.692 Thread 0x000000001a4bf000 Uncommon trap: trap_request=0xffffff65 fr.pc=0x0000000003513a4c
Event: 18.692 Thread 0x000000001a4bf000 DEOPT PACKING pc=0x0000000003513a4c sp=0x000000001af9d6e0
Event: 18.692 Thread 0x000000001a4bf000 DEOPT UNPACKING pc=0x000000000284583b sp=0x000000001af9d628 mode 2
Event: 18.692 Thread 0x000000001a4bf000 Uncommon trap: trap_request=0xffffff65 fr.pc=0x00000000034a47fc
Event: 18.692 Thread 0x000000001a4bf000 DEOPT PACKING pc=0x00000000034a47fc sp=0x000000001af9d670
Event: 18.692 Thread 0x000000001a4bf000 DEOPT UNPACKING pc=0x000000000284583b sp=0x000000001af9d618 mode 2


Dynamic libraries:
0x00007ff640350000 - 0x00007ff640387000 	C:\Program Files\Java\jdk1.8.0_191\jre\bin\java.exe
0x00007ffdb8c00000 - 0x00007ffdb8df0000 	C:\WINDOWS\SYSTEM32\ntdll.dll
0x00007ffdb7170000 - 0x00007ffdb7222000 	C:\WINDOWS\System32\KERNEL32.DLL
0x00007ffdb5d30000 - 0x00007ffdb5fd4000 	C:\WINDOWS\System32\KERNELBASE.dll
0x00007ffdb7230000 - 0x00007ffdb72d3000 	C:\WINDOWS\System32\ADVAPI32.dll
0x00007ffdb82c0000 - 0x00007ffdb835e000 	C:\WINDOWS\System32\msvcrt.dll
0x00007ffdb8360000 - 0x00007ffdb83f7000 	C:\WINDOWS\System32\sechost.dll
0x00007ffdb7bf0000 - 0x00007ffdb7d10000 	C:\WINDOWS\System32\RPCRT4.dll
0x00007ffdb7720000 - 0x00007ffdb78b4000 	C:\WINDOWS\System32\USER32.dll
0x00007ffdb5fe0000 - 0x00007ffdb6001000 	C:\WINDOWS\System32\win32u.dll
0x00007ffdb6fa0000 - 0x00007ffdb6fc6000 	C:\WINDOWS\System32\GDI32.dll
0x00007ffdb6010000 - 0x00007ffdb61a6000 	C:\WINDOWS\System32\gdi32full.dll
0x00007ffdb6ac0000 - 0x00007ffdb6b5e000 	C:\WINDOWS\System32\msvcp_win.dll
0x00007ffdb5bb0000 - 0x00007ffdb5caa000 	C:\WINDOWS\System32\ucrtbase.dll
0x00007ffdad5c0000 - 0x00007ffdad844000 	C:\WINDOWS\WinSxS\amd64_microsoft.windows.common-controls_6595b64144ccf1df_6.0.18362.959_none_e6c7bbbf130c62bb\COMCTL32.dll
0x00007ffdb73c0000 - 0x00007ffdb76f5000 	C:\WINDOWS\System32\combase.dll
0x00007ffdb6260000 - 0x00007ffdb62e0000 	C:\WINDOWS\System32\bcryptPrimitives.dll
0x00007ffdb72e0000 - 0x00007ffdb730e000 	C:\WINDOWS\System32\IMM32.DLL
0x00000000747b0000 - 0x0000000074882000 	C:\Program Files\Java\jdk1.8.0_191\jre\bin\msvcr100.dll
0x0000000074890000 - 0x0000000075134000 	C:\Program Files\Java\jdk1.8.0_191\jre\bin\server\jvm.dll
0x00007ffdb7d90000 - 0x00007ffdb7d98000 	C:\WINDOWS\System32\PSAPI.DLL
0x00007ffda9650000 - 0x00007ffda9659000 	C:\WINDOWS\SYSTEM32\WSOCK32.dll
0x00007ffdaea60000 - 0x00007ffdaea6a000 	C:\WINDOWS\SYSTEM32\VERSION.dll
0x00007ffdb6fd0000 - 0x00007ffdb703f000 	C:\WINDOWS\System32\WS2_32.dll
0x00007ffdaaf70000 - 0x00007ffdaaf94000 	C:\WINDOWS\SYSTEM32\WINMM.dll
0x00007ffdaaf40000 - 0x00007ffdaaf6d000 	C:\WINDOWS\SYSTEM32\winmmbase.dll
0x00007ffdb62e0000 - 0x00007ffdb632a000 	C:\WINDOWS\System32\cfgmgr32.dll
0x0000000076f70000 - 0x0000000076f7f000 	C:\Program Files\Java\jdk1.8.0_191\jre\bin\verify.dll
0x0000000075450000 - 0x0000000075479000 	C:\Program Files\Java\jdk1.8.0_191\jre\bin\java.dll
0x0000000074790000 - 0x00000000747a6000 	C:\Program Files\Java\jdk1.8.0_191\jre\bin\zip.dll
0x00007ffdb84d0000 - 0x00007ffdb8bb6000 	C:\WINDOWS\System32\SHELL32.dll
0x00007ffdb7da0000 - 0x00007ffdb7e49000 	C:\WINDOWS\System32\shcore.dll
0x00007ffdb6330000 - 0x00007ffdb6ab2000 	C:\WINDOWS\System32\windows.storage.dll
0x00007ffdb5ae0000 - 0x00007ffdb5b03000 	C:\WINDOWS\System32\profapi.dll
0x00007ffdb5b30000 - 0x00007ffdb5b7a000 	C:\WINDOWS\System32\powrprof.dll
0x00007ffdb5ab0000 - 0x00007ffdb5ac0000 	C:\WINDOWS\System32\UMPDC.dll
0x00007ffdb7040000 - 0x00007ffdb7092000 	C:\WINDOWS\System32\shlwapi.dll
0x00007ffdb5ac0000 - 0x00007ffdb5ad1000 	C:\WINDOWS\System32\kernel.appcore.dll
0x00007ffdb5d10000 - 0x00007ffdb5d27000 	C:\WINDOWS\System32\cryptsp.dll
0x00000000026c0000 - 0x00000000026c3000 	C:\Program Files\Java\jdk1.8.0_191\jre\bin\api-ms-win-core-console-l1-1-0.dll
0x00000000026d0000 - 0x00000000026d3000 	C:\Program Files\Java\jdk1.8.0_191\jre\bin\api-ms-win-core-datetime-l1-1-0.dll
0x00000000026e0000 - 0x00000000026e3000 	C:\Program Files\Java\jdk1.8.0_191\jre\bin\api-ms-win-core-debug-l1-1-0.dll
0x000000001ac50000 - 0x000000001ac53000 	C:\Program Files\Java\jdk1.8.0_191\jre\bin\api-ms-win-core-errorhandling-l1-1-0.dll
0x000000001ac60000 - 0x000000001ac64000 	C:\Program Files\Java\jdk1.8.0_191\jre\bin\api-ms-win-core-file-l1-1-0.dll
0x000000001ac70000 - 0x000000001ac73000 	C:\Program Files\Java\jdk1.8.0_191\jre\bin\api-ms-win-core-file-l1-2-0.dll
0x000000001ac80000 - 0x000000001ac83000 	C:\Program Files\Java\jdk1.8.0_191\jre\bin\api-ms-win-core-file-l2-1-0.dll
0x000000001ac90000 - 0x000000001ac93000 	C:\Program Files\Java\jdk1.8.0_191\jre\bin\api-ms-win-core-handle-l1-1-0.dll
0x000000001aca0000 - 0x000000001aca3000 	C:\Program Files\Java\jdk1.8.0_191\jre\bin\api-ms-win-core-heap-l1-1-0.dll
0x000000001acb0000 - 0x000000001acb3000 	C:\Program Files\Java\jdk1.8.0_191\jre\bin\api-ms-win-core-interlocked-l1-1-0.dll
0x000000001acc0000 - 0x000000001acc3000 	C:\Program Files\Java\jdk1.8.0_191\jre\bin\api-ms-win-core-libraryloader-l1-1-0.dll
0x000000001acd0000 - 0x000000001acd3000 	C:\Program Files\Java\jdk1.8.0_191\jre\bin\api-ms-win-core-localization-l1-2-0.dll
0x000000001ace0000 - 0x000000001ace3000 	C:\Program Files\Java\jdk1.8.0_191\jre\bin\api-ms-win-core-memory-l1-1-0.dll
0x000000001acf0000 - 0x000000001acf3000 	C:\Program Files\Java\jdk1.8.0_191\jre\bin\api-ms-win-core-namedpipe-l1-1-0.dll
0x000000001ad00000 - 0x000000001ad03000 	C:\Program Files\Java\jdk1.8.0_191\jre\bin\api-ms-win-core-processenvironment-l1-1-0.dll
0x000000001ad10000 - 0x000000001ad13000 	C:\Program Files\Java\jdk1.8.0_191\jre\bin\api-ms-win-core-processthreads-l1-1-0.dll
0x000000001ad20000 - 0x000000001ad23000 	C:\Program Files\Java\jdk1.8.0_191\jre\bin\api-ms-win-core-processthreads-l1-1-1.dll
0x000000001ad30000 - 0x000000001ad33000 	C:\Program Files\Java\jdk1.8.0_191\jre\bin\api-ms-win-core-profile-l1-1-0.dll
0x000000001ad40000 - 0x000000001ad43000 	C:\Program Files\Java\jdk1.8.0_191\jre\bin\api-ms-win-core-rtlsupport-l1-1-0.dll
0x000000001ad50000 - 0x000000001ad53000 	C:\Program Files\Java\jdk1.8.0_191\jre\bin\api-ms-win-core-string-l1-1-0.dll
0x000000001ad60000 - 0x000000001ad63000 	C:\Program Files\Java\jdk1.8.0_191\jre\bin\api-ms-win-core-synch-l1-1-0.dll
0x000000001ad70000 - 0x000000001ad73000 	C:\Program Files\Java\jdk1.8.0_191\jre\bin\api-ms-win-core-synch-l1-2-0.dll
0x000000001ad80000 - 0x000000001ad83000 	C:\Program Files\Java\jdk1.8.0_191\jre\bin\api-ms-win-core-sysinfo-l1-1-0.dll
0x000000001ad90000 - 0x000000001ad93000 	C:\Program Files\Java\jdk1.8.0_191\jre\bin\api-ms-win-core-timezone-l1-1-0.dll
0x000000001ada0000 - 0x000000001ada3000 	C:\Program Files\Java\jdk1.8.0_191\jre\bin\api-ms-win-core-util-l1-1-0.dll
0x000000001adb0000 - 0x000000001adb3000 	C:\Program Files\Java\jdk1.8.0_191\jre\bin\api-ms-win-crt-conio-l1-1-0.dll
0x000000001adc0000 - 0x000000001adc4000 	C:\Program Files\Java\jdk1.8.0_191\jre\bin\api-ms-win-crt-convert-l1-1-0.dll
0x000000001add0000 - 0x000000001add3000 	C:\Program Files\Java\jdk1.8.0_191\jre\bin\api-ms-win-crt-environment-l1-1-0.dll
0x000000001ade0000 - 0x000000001ade3000 	C:\Program Files\Java\jdk1.8.0_191\jre\bin\api-ms-win-crt-filesystem-l1-1-0.dll
0x000000001adf0000 - 0x000000001adf3000 	C:\Program Files\Java\jdk1.8.0_191\jre\bin\api-ms-win-crt-heap-l1-1-0.dll
0x000000001ae00000 - 0x000000001ae03000 	C:\Program Files\Java\jdk1.8.0_191\jre\bin\api-ms-win-crt-locale-l1-1-0.dll
0x000000001ae10000 - 0x000000001ae15000 	C:\Program Files\Java\jdk1.8.0_191\jre\bin\api-ms-win-crt-math-l1-1-0.dll
0x000000001ae20000 - 0x000000001ae25000 	C:\Program Files\Java\jdk1.8.0_191\jre\bin\api-ms-win-crt-multibyte-l1-1-0.dll
0x000000001ae30000 - 0x000000001ae40000 	C:\Program Files\Java\jdk1.8.0_191\jre\bin\api-ms-win-crt-private-l1-1-0.dll
0x000000001ae40000 - 0x000000001ae43000 	C:\Program Files\Java\jdk1.8.0_191\jre\bin\api-ms-win-crt-process-l1-1-0.dll
0x000000001ae50000 - 0x000000001ae54000 	C:\Program Files\Java\jdk1.8.0_191\jre\bin\api-ms-win-crt-runtime-l1-1-0.dll
0x000000001ae60000 - 0x000000001ae64000 	C:\Program Files\Java\jdk1.8.0_191\jre\bin\api-ms-win-crt-stdio-l1-1-0.dll
0x000000001ae70000 - 0x000000001ae74000 	C:\Program Files\Java\jdk1.8.0_191\jre\bin\api-ms-win-crt-string-l1-1-0.dll
0x000000001ae80000 - 0x000000001ae83000 	C:\Program Files\Java\jdk1.8.0_191\jre\bin\api-ms-win-crt-time-l1-1-0.dll
0x000000001ae90000 - 0x000000001ae93000 	C:\Program Files\Java\jdk1.8.0_191\jre\bin\api-ms-win-crt-utility-l1-1-0.dll
0x00007ffd8b6a0000 - 0x00007ffd8b796000 	C:\Program Files\Java\jdk1.8.0_191\jre\bin\ucrtbase.dll
0x00007ffdb1650000 - 0x00007ffdb1666000 	C:\Program Files\Java\jdk1.8.0_191\jre\bin\vcruntime140.dll
0x00007ffd956a0000 - 0x00007ffd9573c000 	C:\Program Files\Java\jdk1.8.0_191\jre\bin\msvcp140.dll
0x00007ffdad260000 - 0x00007ffdad2b1000 	C:\Program Files\Java\jdk1.8.0_191\jre\bin\concrt140.dll
0x0000000075850000 - 0x0000000075873000 	C:\Program Files\Java\jdk1.8.0_191\jre\bin\prism_d3d.dll
0x00007ffdaccb0000 - 0x00007ffdace77000 	C:\WINDOWS\system32\d3d9.dll
0x00007ffdb3ea0000 - 0x00007ffdb3ecd000 	C:\WINDOWS\SYSTEM32\dwmapi.dll
0x00007ffdb4720000 - 0x00007ffdb4740000 	C:\WINDOWS\SYSTEM32\dxcore.dll
0x00007ffdb3a70000 - 0x00007ffdb3b09000 	C:\WINDOWS\system32\uxtheme.dll
0x00007ffd64c30000 - 0x00007ffd64dc2000 	C:\WINDOWS\System32\DriverStore\FileRepository\igdlh64.inf_amd64_9f310939ec1eebf9\igdumdim64.dll
0x00007ffd99f30000 - 0x00007ffd9a083000 	C:\WINDOWS\System32\DriverStore\FileRepository\igdlh64.inf_amd64_9f310939ec1eebf9\igdgmm64.dll
0x0000000075800000 - 0x0000000075849000 	C:\Program Files\Java\jdk1.8.0_191\jre\bin\glass.dll
0x00007ffdb8400000 - 0x00007ffdb84d0000 	C:\WINDOWS\System32\COMDLG32.dll
0x00007ffdb78d0000 - 0x00007ffdb7a27000 	C:\WINDOWS\System32\ole32.dll
0x00007ffdb70a0000 - 0x00007ffdb7165000 	C:\WINDOWS\System32\OLEAUT32.dll
0x00007ffdb6e60000 - 0x00007ffdb6f95000 	C:\WINDOWS\System32\MSCTF.dll
0x00007ffd61010000 - 0x00007ffd64c27000 	C:\WINDOWS\System32\DriverStore\FileRepository\igdlh64.inf_amd64_9f310939ec1eebf9\igd9dxva64.dll
0x00007ffd84a30000 - 0x00007ffd84a52000 	C:\WINDOWS\System32\DriverStore\FileRepository\igdlh64.inf_amd64_9f310939ec1eebf9\igdinfo64.dll
0x00007ffd97bb0000 - 0x00007ffd99f2f000 	C:\WINDOWS\System32\DriverStore\FileRepository\igdlh64.inf_amd64_9f310939ec1eebf9\igc64.dll
0x00000000757e0000 - 0x00000000757f4000 	C:\Program Files\Java\jdk1.8.0_191\jre\bin\javafx_font.dll
0x00007ffd9be10000 - 0x00007ffd9c10e000 	C:\WINDOWS\SYSTEM32\dwrite.dll
0x00007ffdb4e90000 - 0x00007ffdb4ec3000 	C:\WINDOWS\system32\rsaenh.dll
0x00007ffdb5b80000 - 0x00007ffdb5ba6000 	C:\WINDOWS\System32\bcrypt.dll
0x00007ffdb59d0000 - 0x00007ffdb59f5000 	C:\WINDOWS\SYSTEM32\USERENV.dll
0x00007ffdb54f0000 - 0x00007ffdb54fc000 	C:\WINDOWS\SYSTEM32\CRYPTBASE.dll
0x0000000074770000 - 0x000000007478a000 	C:\Program Files\Java\jdk1.8.0_191\jre\bin\net.dll
0x00007ffdb5320000 - 0x00007ffdb5387000 	C:\WINDOWS\system32\mswsock.dll
0x00007ffdb5030000 - 0x00007ffdb506a000 	C:\WINDOWS\SYSTEM32\IPHLPAPI.DLL
0x00007ffdb7a30000 - 0x00007ffdb7a38000 	C:\WINDOWS\System32\NSI.dll
0x00007ffdaec90000 - 0x00007ffdaeca6000 	C:\WINDOWS\SYSTEM32\dhcpcsvc6.DLL
0x00007ffdaedb0000 - 0x00007ffdaedcc000 	C:\WINDOWS\SYSTEM32\dhcpcsvc.DLL
0x00007ffdb5070000 - 0x00007ffdb513b000 	C:\WINDOWS\SYSTEM32\DNSAPI.dll
0x0000000074750000 - 0x0000000074761000 	C:\Program Files\Java\jdk1.8.0_191\jre\bin\nio.dll
0x0000000073b80000 - 0x0000000073ba3000 	C:\Program Files\Java\jdk1.8.0_191\jre\bin\javafx_iio.dll
0x00007ffdb7310000 - 0x00007ffdb73b2000 	C:\WINDOWS\System32\clbcatq.dll
0x00007ffd9db70000 - 0x00007ffd9dd1f000 	C:\WINDOWS\SYSTEM32\WindowsCodecs.dll
0x00007ffd9e0b0000 - 0x00007ffd9e0ea000 	C:\WINDOWS\system32\dataexchange.dll
0x00007ffdb2f60000 - 0x00007ffdb313d000 	C:\WINDOWS\system32\dcomp.dll
0x00007ffdb2870000 - 0x00007ffdb2acb000 	C:\WINDOWS\system32\d3d11.dll
0x00007ffdb47b0000 - 0x00007ffdb489b000 	C:\WINDOWS\system32\dxgi.dll
0x00007ffdb3b30000 - 0x00007ffdb3d92000 	C:\WINDOWS\system32\twinapi.appcore.dll
0x00007ffdb3fb0000 - 0x00007ffdb3fd9000 	C:\WINDOWS\system32\RMCLIENT.dll
0x00007ffdab3e0000 - 0x00007ffdab413000 	C:\Program Files\Common Files\Microsoft Shared\Ink\rtscom.dll
0x00007ffd9d970000 - 0x00007ffd9da0e000 	C:\WINDOWS\System32\TextInputFramework.dll
0x00007ffdb3140000 - 0x00007ffdb3214000 	C:\WINDOWS\System32\CoreMessaging.dll
0x00007ffd9dd60000 - 0x00007ffd9e08a000 	C:\WINDOWS\System32\CoreUIComponents.dll
0x00007ffdb4b10000 - 0x00007ffdb4b41000 	C:\WINDOWS\SYSTEM32\ntmarta.dll
0x00007ffdb1960000 - 0x00007ffdb1ab3000 	C:\WINDOWS\SYSTEM32\wintypes.dll
0x00007ffdab840000 - 0x00007ffdabae6000 	C:\WINDOWS\System32\iertutil.dll

VM Arguments:
jvm_args: -Dfile.encoding=UTF-8 
java_command: F:\BUET\2-2\CSE 216 (Database Sessional)\Project\Online Course\dist\run1155522\Online Course.jar
java_class_path (initial): F:\BUET\2-2\CSE 216 (Database Sessional)\Project\Online Course\dist\run1155522\Online Course.jar
Launcher Type: SUN_STANDARD

Environment Variables:
PATH=C:\OracleDatabase\product\11.2.0\dbhome_1\bin;C:\Python38;C:\Python38\Scripts;C:\Python27\;C:\Python27\Scripts;C:\Program Files (x86)\Common Files\Oracle\Java\javapath;C:\Program Files (x86)\Common Files\ArcSoft\Bin;C:\Program Files (x86)\Intel\iCLS Client\;C:\Program Files\Intel\iCLS Client\;C:\Windows\system32;C:\Windows;C:\Windows\System32\Wbem;C:\Windows\System32\WindowsPowerShell\v1.0\;C:\Windows\System32\OpenSSH\;C:\Program Files (x86)\Intel\Intel(R) Management Engine Components\DAL;C:\Program Files\Intel\Intel(R) Management Engine Components\DAL;C:\Program Files (x86)\Intel\Intel(R) Management Engine Components\IPT;C:\Program Files\Intel\Intel(R) Management Engine Components\IPT;C:\Program Files (x86)\NVIDIA Corporation\PhysX\Common;C:\Program Files\Intel\WiFi\bin\;C:\Program Files (x86)\Print Conductor;C:\PHP7;C:\WINDOWS\system32;C:\WINDOWS;C:\WINDOWS\System32\Wbem;C:\WINDOWS\System32\WindowsPowerShell\v1.0\;C:\WINDOWS\System32\OpenSSH\;C:\cygwin64;C:\MinGW\bin;C:\Program Files\Microsoft VS Code\bin;C:\ProgramData\chocolatey\bin;C:\ProgramData\ComposerSetup\bin;C:\composer;C:\Python38\Scripts\;C:\Python38\;C:\Users\ASUS\Anaconda3;C:\Users\ASUS\Anaconda3\Library\mingw-w64\bin;C:\Users\ASUS\Anaconda3\Library\usr\bin;C:\Users\ASUS\Anaconda3\Library\bin;C:\Users\ASUS\Anaconda3\Scripts;C:\Users\ASUS\AppData\Local\Microsoft\WindowsApps;C:\Program Files (x86)\Print Conductor;C:\Users\ASUS\AppData\Roaming\Composer\vendor\bin;
USERNAME=ASUS
OS=Windows_NT
PROCESSOR_IDENTIFIER=Intel64 Family 6 Model 142 Stepping 10, GenuineIntel



---------------  S Y S T E M  ---------------

OS: Windows 10.0 , 64 bit Build 18362 (10.0.18362.959)

CPU:total 8 (initial active 8) (4 cores per cpu, 2 threads per core) family 6 model 142 stepping 10, cmov, cx8, fxsr, mmx, sse, sse2, sse3, ssse3, sse4.1, sse4.2, popcnt, avx, avx2, aes, clmul, erms, 3dnowpref, lzcnt, ht, tsc, tscinvbit, bmi1, bmi2, adx

Memory: 4k page, physical 8272440k(1269312k free), swap 33438264k(5132k free)

vm_info: Java HotSpot(TM) 64-Bit Server VM (25.191-b12) for windows-amd64 JRE (1.8.0_191-b12), built on Oct  6 2018 09:29:03 by "java_re" with MS VC++ 10.0 (VS2010)

time: Sun Aug 02 19:41:57 2020
elapsed time: 18 seconds (0d 0h 0m 18s)

