#
# There is insufficient memory for the Java Runtime Environment to continue.
# Native memory allocation (malloc) failed to allocate 957696 bytes for Chunk::new
# Possible reasons:
#   The system is out of physical RAM or swap space
#   In 32 bit mode, the process size limit was hit
# Possible solutions:
#   Reduce memory load on the system
#   Increase physical memory or swap space
#   Check if swap backing store is full
#   Use 64 bit Java on a 64 bit OS
#   Decrease Java heap size (-Xmx/-Xms)
#   Decrease number of Java threads
#   Decrease Java thread stack sizes (-Xss)
#   Set larger code cache with -XX:ReservedCodeCacheSize=
# This output file may be truncated or incomplete.
#
#  Out of Memory Error (allocation.cpp:390), pid=12296, tid=0x00000000000029d4
#
# JRE version: Java(TM) SE Runtime Environment (8.0_191-b12) (build 1.8.0_191-b12)
# Java VM: Java HotSpot(TM) 64-Bit Server VM (25.191-b12 mixed mode windows-amd64 compressed oops)
# Failed to write core dump. Minidumps are not enabled by default on client versions of Windows
#

---------------  T H R E A D  ---------------

Current thread (0x00000000193df000):  JavaThread "C2 CompilerThread1" daemon [_thread_in_native, id=10708, stack(0x0000000019da0000,0x0000000019ea0000)]

Stack: [0x0000000019da0000,0x0000000019ea0000]
[error occurred during error reporting (printing stack bounds), id 0xc0000005]

Native frames: (J=compiled Java code, j=interpreted, Vv=VM code, C=native code)


Current CompileTask:
C2:   3744 3216   !   4       com.sun.javafx.css.StyleManager::findMatchingStyles (1260 bytes)


---------------  P R O C E S S  ---------------

Java Threads: ( => current thread )
  0x000000001a569800 JavaThread "Prism Font Disposer" daemon [_thread_blocked, id=39052, stack(0x0000000023730000,0x0000000023830000)]
  0x000000001a3e2000 JavaThread "JavaFX-Launcher" [_thread_blocked, id=32200, stack(0x0000000021cd0000,0x0000000021dd0000)]
  0x000000001a3a8800 JavaThread "Thread-2" daemon [_thread_in_native, id=44796, stack(0x0000000021bd0000,0x0000000021cd0000)]
  0x000000001a339800 JavaThread "JavaFX Application Thread" [_thread_blocked, id=31236, stack(0x000000001afc0000,0x000000001b0c0000)]
  0x000000001a31f800 JavaThread "Thread-1" daemon [_thread_blocked, id=26128, stack(0x000000001aec0000,0x000000001afc0000)]
  0x000000001a310800 JavaThread "QuantumRenderer-0" daemon [_thread_in_native, id=41640, stack(0x000000001ac50000,0x000000001ad50000)]
  0x0000000019441800 JavaThread "Service Thread" daemon [_thread_blocked, id=44708, stack(0x000000001a0a0000,0x000000001a1a0000)]
  0x00000000193fd800 JavaThread "C1 CompilerThread3" daemon [_thread_blocked, id=39336, stack(0x0000000019fa0000,0x000000001a0a0000)]
  0x00000000193e2000 JavaThread "C2 CompilerThread2" daemon [_thread_blocked, id=45100, stack(0x0000000019ea0000,0x0000000019fa0000)]
=>0x00000000193df000 JavaThread "C2 CompilerThread1" daemon [_thread_in_native, id=10708, stack(0x0000000019da0000,0x0000000019ea0000)]
  0x00000000193d8000 JavaThread "C2 CompilerThread0" daemon [_thread_blocked, id=10740, stack(0x0000000019ca0000,0x0000000019da0000)]
  0x00000000193d2000 JavaThread "Attach Listener" daemon [_thread_blocked, id=41052, stack(0x0000000019ba0000,0x0000000019ca0000)]
  0x00000000193d1800 JavaThread "Signal Dispatcher" daemon [_thread_blocked, id=40608, stack(0x0000000019aa0000,0x0000000019ba0000)]
  0x00000000193c1000 JavaThread "Finalizer" daemon [_thread_blocked, id=11256, stack(0x00000000198a0000,0x00000000199a0000)]
  0x00000000193c0800 JavaThread "Reference Handler" daemon [_thread_blocked, id=34304, stack(0x00000000197a0000,0x00000000198a0000)]
  0x0000000002562800 JavaThread "main" [_thread_blocked, id=9372, stack(0x0000000002460000,0x0000000002560000)]

Other Threads:
  0x00000000175d8000 VMThread [stack: 0x00000000192a0000,0x00000000193a0000] [id=30764]
  0x0000000019443000 WatcherThread [stack: 0x000000001a1a0000,0x000000001a2a0000] [id=36512]

VM state:not at safepoint (normal execution)

VM Mutex/Monitor currently owned by a thread: None

Heap:
 PSYoungGen      total 38400K, used 6854K [0x00000000d5f00000, 0x00000000d8980000, 0x0000000100000000)
  eden space 33280K, 20% used [0x00000000d5f00000,0x00000000d65b1b20,0x00000000d7f80000)
  from space 5120K, 0% used [0x00000000d8480000,0x00000000d8480000,0x00000000d8980000)
  to   space 5120K, 0% used [0x00000000d7f80000,0x00000000d7f80000,0x00000000d8480000)
 ParOldGen       total 81408K, used 20435K [0x0000000081c00000, 0x0000000086b80000, 0x00000000d5f00000)
  object space 81408K, 25% used [0x0000000081c00000,0x0000000082ff4d28,0x0000000086b80000)
 Metaspace       used 20422K, capacity 21518K, committed 21632K, reserved 1067008K
  class space    used 2896K, capacity 3146K, committed 3200K, reserved 1048576K

Card table byte_map: [0x0000000011a20000,0x0000000011e20000] byte_map_base: 0x0000000011612000

Marking Bits: (ParMarkBitMap*) 0x00000000750b3e30
 Begin Bits: [0x00000000128d0000, 0x0000000014860000)
 End Bits:   [0x0000000014860000, 0x00000000167f0000)

Polling page: 0x00000000005e0000

CodeCache: size=245760Kb used=11435Kb max_used=11441Kb free=234324Kb
 bounds [0x0000000002660000, 0x00000000031a0000, 0x0000000011660000]
 total_blobs=4076 nmethods=3390 adapters=597
 compilation: enabled

Compilation events (10 events):
Event: 3.700 Thread 0x00000000193fd800 3413       3       com.sun.javafx.sg.prism.NGNode::render (38 bytes)
Event: 3.700 Thread 0x00000000193fd800 nmethod 3413 0x0000000003185110 code [0x0000000003185280, 0x0000000003185618]
Event: 3.700 Thread 0x00000000193fd800 3414       1       com.sun.javafx.text.TextRun::getLocation (5 bytes)
Event: 3.700 Thread 0x00000000193fd800 nmethod 3414 0x0000000003184e50 code [0x0000000003184fa0, 0x00000000031850b0]
Event: 3.702 Thread 0x00000000193fd800 3415       3       sun.nio.cs.ThreadLocalCoders$Cache::forName (108 bytes)
Event: 3.702 Thread 0x00000000193fd800 nmethod 3415 0x0000000003188590 code [0x0000000003188800, 0x0000000003189b98]
Event: 3.711 Thread 0x00000000193fd800 3416       1       com.sun.javafx.font.PrismFontStrike::drawAsShapes (5 bytes)
Event: 3.712 Thread 0x00000000193fd800 nmethod 3416 0x0000000003184b90 code [0x0000000003184ce0, 0x0000000003184df0]
Event: 3.712 Thread 0x00000000193fd800 3417       1       com.sun.prism.impl.packrect.RectanglePacker::getBackingStore (5 bytes)
Event: 3.712 Thread 0x00000000193fd800 nmethod 3417 0x00000000031848d0 code [0x0000000003184a20, 0x0000000003184b30]

GC Heap History (10 events):
Event: 1.621 GC heap before
{Heap before GC invocations=1 (full 0):
 PSYoungGen      total 38400K, used 33280K [0x00000000d5f00000, 0x00000000d8980000, 0x0000000100000000)
  eden space 33280K, 100% used [0x00000000d5f00000,0x00000000d7f80000,0x00000000d7f80000)
  from space 5120K, 0% used [0x00000000d8480000,0x00000000d8480000,0x00000000d8980000)
  to   space 5120K, 0% used [0x00000000d7f80000,0x00000000d7f80000,0x00000000d8480000)
 ParOldGen       total 87552K, used 0K [0x0000000081c00000, 0x0000000087180000, 0x00000000d5f00000)
  object space 87552K, 0% used [0x0000000081c00000,0x0000000081c00000,0x0000000087180000)
 Metaspace       used 13331K, capacity 13844K, committed 13952K, reserved 1060864K
  class space    used 1737K, capacity 1905K, committed 1920K, reserved 1048576K
Event: 1.628 GC heap after
Heap after GC invocations=1 (full 0):
 PSYoungGen      total 38400K, used 5104K [0x00000000d5f00000, 0x00000000d8980000, 0x0000000100000000)
  eden space 33280K, 0% used [0x00000000d5f00000,0x00000000d5f00000,0x00000000d7f80000)
  from space 5120K, 99% used [0x00000000d7f80000,0x00000000d847c030,0x00000000d8480000)
  to   space 5120K, 0% used [0x00000000d8480000,0x00000000d8480000,0x00000000d8980000)
 ParOldGen       total 87552K, used 370K [0x0000000081c00000, 0x0000000087180000, 0x00000000d5f00000)
  object space 87552K, 0% used [0x0000000081c00000,0x0000000081c5c888,0x0000000087180000)
 Metaspace       used 13331K, capacity 13844K, committed 13952K, reserved 1060864K
  class space    used 1737K, capacity 1905K, committed 1920K, reserved 1048576K
}
Event: 2.418 GC heap before
{Heap before GC invocations=2 (full 0):
 PSYoungGen      total 38400K, used 38384K [0x00000000d5f00000, 0x00000000d8980000, 0x0000000100000000)
  eden space 33280K, 100% used [0x00000000d5f00000,0x00000000d7f80000,0x00000000d7f80000)
  from space 5120K, 99% used [0x00000000d7f80000,0x00000000d847c030,0x00000000d8480000)
  to   space 5120K, 0% used [0x00000000d8480000,0x00000000d8480000,0x00000000d8980000)
 ParOldGen       total 87552K, used 370K [0x0000000081c00000, 0x0000000087180000, 0x00000000d5f00000)
  object space 87552K, 0% used [0x0000000081c00000,0x0000000081c5c888,0x0000000087180000)
 Metaspace       used 17048K, capacity 17862K, committed 17920K, reserved 1064960K
  class space    used 2350K, capacity 2546K, committed 2560K, reserved 1048576K
Event: 2.428 GC heap after
Heap after GC invocations=2 (full 0):
 PSYoungGen      total 38400K, used 5098K [0x00000000d5f00000, 0x00000000d8980000, 0x0000000100000000)
  eden space 33280K, 0% used [0x00000000d5f00000,0x00000000d5f00000,0x00000000d7f80000)
  from space 5120K, 99% used [0x00000000d8480000,0x00000000d897a960,0x00000000d8980000)
  to   space 5120K, 0% used [0x00000000d7f80000,0x00000000d7f80000,0x00000000d8480000)
 ParOldGen       total 87552K, used 7622K [0x0000000081c00000, 0x0000000087180000, 0x00000000d5f00000)
  object space 87552K, 8% used [0x0000000081c00000,0x0000000082371b78,0x0000000087180000)
 Metaspace       used 17048K, capacity 17862K, committed 17920K, reserved 1064960K
  class space    used 2350K, capacity 2546K, committed 2560K, reserved 1048576K
}
Event: 3.171 GC heap before
{Heap before GC invocations=3 (full 0):
 PSYoungGen      total 38400K, used 38378K [0x00000000d5f00000, 0x00000000d8980000, 0x0000000100000000)
  eden space 33280K, 100% used [0x00000000d5f00000,0x00000000d7f80000,0x00000000d7f80000)
  from space 5120K, 99% used [0x00000000d8480000,0x00000000d897a960,0x00000000d8980000)
  to   space 5120K, 0% used [0x00000000d7f80000,0x00000000d7f80000,0x00000000d8480000)
 ParOldGen       total 87552K, used 7622K [0x0000000081c00000, 0x0000000087180000, 0x00000000d5f00000)
  object space 87552K, 8% used [0x0000000081c00000,0x0000000082371b78,0x0000000087180000)
 Metaspace       used 19489K, capacity 20538K, committed 20736K, reserved 1067008K
  class space    used 2775K, capacity 3036K, committed 3072K, reserved 1048576K
Event: 3.184 GC heap after
Heap after GC invocations=3 (full 0):
 PSYoungGen      total 38400K, used 5102K [0x00000000d5f00000, 0x00000000d8980000, 0x0000000100000000)
  eden space 33280K, 0% used [0x00000000d5f00000,0x00000000d5f00000,0x00000000d7f80000)
  from space 5120K, 99% used [0x00000000d7f80000,0x00000000d847bb00,0x00000000d8480000)
  to   space 5120K, 0% used [0x00000000d8480000,0x00000000d8480000,0x00000000d8980000)
 ParOldGen       total 87552K, used 12530K [0x0000000081c00000, 0x0000000087180000, 0x00000000d5f00000)
  object space 87552K, 14% used [0x0000000081c00000,0x000000008283ca18,0x0000000087180000)
 Metaspace       used 19489K, capacity 20538K, committed 20736K, reserved 1067008K
  class space    used 2775K, capacity 3036K, committed 3072K, reserved 1048576K
}
Event: 3.323 GC heap before
{Heap before GC invocations=4 (full 0):
 PSYoungGen      total 38400K, used 16888K [0x00000000d5f00000, 0x00000000d8980000, 0x0000000100000000)
  eden space 33280K, 35% used [0x00000000d5f00000,0x00000000d6a82660,0x00000000d7f80000)
  from space 5120K, 99% used [0x00000000d7f80000,0x00000000d847bb00,0x00000000d8480000)
  to   space 5120K, 0% used [0x00000000d8480000,0x00000000d8480000,0x00000000d8980000)
 ParOldGen       total 87552K, used 12530K [0x0000000081c00000, 0x0000000087180000, 0x00000000d5f00000)
  object space 87552K, 14% used [0x0000000081c00000,0x000000008283ca18,0x0000000087180000)
 Metaspace       used 20094K, capacity 21226K, committed 21296K, reserved 1067008K
  class space    used 2864K, capacity 3134K, committed 3200K, reserved 1048576K
Event: 3.339 GC heap after
Heap after GC invocations=4 (full 0):
 PSYoungGen      total 38400K, used 5088K [0x00000000d5f00000, 0x00000000d8980000, 0x0000000100000000)
  eden space 33280K, 0% used [0x00000000d5f00000,0x00000000d5f00000,0x00000000d7f80000)
  from space 5120K, 99% used [0x00000000d8480000,0x00000000d8978010,0x00000000d8980000)
  to   space 5120K, 0% used [0x00000000d7f80000,0x00000000d7f80000,0x00000000d8480000)
 ParOldGen       total 87552K, used 16725K [0x0000000081c00000, 0x0000000087180000, 0x00000000d5f00000)
  object space 87552K, 19% used [0x0000000081c00000,0x0000000082c55528,0x0000000087180000)
 Metaspace       used 20094K, capacity 21226K, committed 21296K, reserved 1067008K
  class space    used 2864K, capacity 3134K, committed 3200K, reserved 1048576K
}
Event: 3.339 GC heap before
{Heap before GC invocations=5 (full 1):
 PSYoungGen      total 38400K, used 5088K [0x00000000d5f00000, 0x00000000d8980000, 0x0000000100000000)
  eden space 33280K, 0% used [0x00000000d5f00000,0x00000000d5f00000,0x00000000d7f80000)
  from space 5120K, 99% used [0x00000000d8480000,0x00000000d8978010,0x00000000d8980000)
  to   space 5120K, 0% used [0x00000000d7f80000,0x00000000d7f80000,0x00000000d8480000)
 ParOldGen       total 87552K, used 16725K [0x0000000081c00000, 0x0000000087180000, 0x00000000d5f00000)
  object space 87552K, 19% used [0x0000000081c00000,0x0000000082c55528,0x0000000087180000)
 Metaspace       used 20094K, capacity 21226K, committed 21296K, reserved 1067008K
  class space    used 2864K, capacity 3134K, committed 3200K, reserved 1048576K
Event: 3.493 GC heap after
Heap after GC invocations=5 (full 1):
 PSYoungGen      total 38400K, used 0K [0x00000000d5f00000, 0x00000000d8980000, 0x0000000100000000)
  eden space 33280K, 0% used [0x00000000d5f00000,0x00000000d5f00000,0x00000000d7f80000)
  from space 5120K, 0% used [0x00000000d8480000,0x00000000d8480000,0x00000000d8980000)
  to   space 5120K, 0% used [0x00000000d7f80000,0x00000000d7f80000,0x00000000d8480000)
 ParOldGen       total 81408K, used 20435K [0x0000000081c00000, 0x0000000086b80000, 0x00000000d5f00000)
  object space 81408K, 25% used [0x0000000081c00000,0x0000000082ff4d28,0x0000000086b80000)
 Metaspace       used 20094K, capacity 21226K, committed 21296K, reserved 1067008K
  class space    used 2864K, capacity 3134K, committed 3200K, reserved 1048576K
}

Deoptimization events (10 events):
Event: 3.114 Thread 0x000000001a339800 Uncommon trap: reason=unstable_if action=reinterpret pc=0x0000000002f798d4 method=sun.text.normalizer.UTF16.isSurrogate(C)Z @ 3
Event: 3.114 Thread 0x000000001a339800 Uncommon trap: reason=unstable_if action=reinterpret pc=0x0000000002ef5830 method=com.sun.javafx.text.ScriptMapper.isComplexCharCode(I)Z @ 4
Event: 3.114 Thread 0x000000001a339800 Uncommon trap: reason=unstable_if action=reinterpret pc=0x0000000002f8e558 method=com.sun.javafx.font.CompositeGlyphMapper.getAsciiGlyphCode(I)I @ 10
Event: 3.114 Thread 0x000000001a339800 Uncommon trap: reason=unstable_if action=reinterpret pc=0x0000000002f74e40 method=com.sun.javafx.font.CompositeGlyphMapper.getAsciiGlyphCode(I)I @ 10
Event: 3.155 Thread 0x000000001a339800 Uncommon trap: reason=unstable_if action=reinterpret pc=0x0000000002bbfb90 method=sun.misc.FloatingDecimal$ASCIIToBinaryBuffer.floatValue()F @ 83
Event: 3.518 Thread 0x000000001a339800 Uncommon trap: reason=unstable_if action=reinterpret pc=0x00000000030330ac method=com.sun.javafx.font.CompositeGlyphMapper.getAsciiGlyphCode(I)I @ 10
Event: 3.611 Thread 0x000000001a310800 Uncommon trap: reason=class_check action=maybe_recompile pc=0x0000000002e91d8c method=java.util.WeakHashMap.eq(Ljava/lang/Object;Ljava/lang/Object;)Z @ 7
Event: 3.612 Thread 0x000000001a310800 Uncommon trap: reason=class_check action=maybe_recompile pc=0x0000000002e91d8c method=java.util.WeakHashMap.eq(Ljava/lang/Object;Ljava/lang/Object;)Z @ 7
Event: 3.612 Thread 0x000000001a310800 Uncommon trap: reason=class_check action=maybe_recompile pc=0x0000000002e91d8c method=java.util.WeakHashMap.eq(Ljava/lang/Object;Ljava/lang/Object;)Z @ 7
Event: 3.612 Thread 0x000000001a310800 Uncommon trap: reason=class_check action=maybe_recompile pc=0x0000000002e91d8c method=java.util.WeakHashMap.eq(Ljava/lang/Object;Ljava/lang/Object;)Z @ 7

Classes redefined (0 events):
No events

Internal exceptions (10 events):
Event: 1.578 Thread 0x000000001a339800 Exception <a 'java/io/FileNotFoundException'> (0x00000000d7e6b478) thrown at [C:\re\workspace\8-2-build-windows-amd64-cygwin\jdk8u191\11896\hotspot\src\share\vm\prims\jni.cpp, line 709]
Event: 1.580 Thread 0x000000001a339800 Exception <a 'java/io/FileNotFoundException'> (0x00000000d7e72070) thrown at [C:\re\workspace\8-2-build-windows-amd64-cygwin\jdk8u191\11896\hotspot\src\share\vm\prims\jni.cpp, line 709]
Event: 1.582 Thread 0x000000001a339800 Exception <a 'java/io/FileNotFoundException'> (0x00000000d7e783c8) thrown at [C:\re\workspace\8-2-build-windows-amd64-cygwin\jdk8u191\11896\hotspot\src\share\vm\prims\jni.cpp, line 709]
Event: 1.582 Thread 0x000000001a339800 Exception <a 'java/io/FileNotFoundException'> (0x00000000d7e796a8) thrown at [C:\re\workspace\8-2-build-windows-amd64-cygwin\jdk8u191\11896\hotspot\src\share\vm\prims\jni.cpp, line 709]
Event: 1.584 Thread 0x000000001a339800 Exception <a 'java/io/FileNotFoundException'> (0x00000000d7e7e420) thrown at [C:\re\workspace\8-2-build-windows-amd64-cygwin\jdk8u191\11896\hotspot\src\share\vm\prims\jni.cpp, line 709]
Event: 2.166 Thread 0x000000001a339800 Implicit null exception at 0x0000000002995735 to 0x0000000002995949
Event: 2.166 Thread 0x000000001a339800 Implicit null exception at 0x00000000029e8818 to 0x00000000029e88a6
Event: 2.428 Thread 0x000000001a339800 Implicit null exception at 0x0000000002d88a6d to 0x0000000002d8a235
Event: 2.441 Thread 0x000000001a339800 Implicit null exception at 0x0000000002d953b3 to 0x0000000002d97091
Event: 3.307 Thread 0x000000001a310800 Exception <a 'java/lang/NullPointerException'> (0x00000000d662a598) thrown at [C:\re\workspace\8-2-build-windows-amd64-cygwin\jdk8u191\11896\hotspot\src\share\vm\interpreter\linkResolver.cpp, line 1287]

Events (10 events):
Event: 3.668 loading class com/sun/prism/impl/ps/CachingShapeRepState$MaskTexData
Event: 3.668 loading class com/sun/prism/impl/ps/CachingShapeRepState$MaskTexData done
Event: 3.668 loading class com/sun/prism/impl/ps/CachingShapeRepState$CSRDisposerRecord
Event: 3.668 loading class com/sun/prism/impl/ps/CachingShapeRepState$CSRDisposerRecord done
Event: 3.712 loading class com/sun/prism/impl/shape/BasicEllipseRep
Event: 3.712 loading class com/sun/prism/impl/shape/BasicEllipseRep done
Event: 3.712 loading class com/sun/prism/impl/shape/BasicShapeRep
Event: 3.712 loading class com/sun/prism/impl/shape/BasicShapeRep done
Event: 3.712 loading class com/sun/prism/shader/FillCircle_Color_Loader
Event: 3.712 loading class com/sun/prism/shader/FillCircle_Color_Loader done


Dynamic libraries:
0x00007ff640350000 - 0x00007ff640387000 	C:\Program Files\Java\jdk1.8.0_191\jre\bin\java.exe
0x00007ffdb8c00000 - 0x00007ffdb8df0000 	C:\WINDOWS\SYSTEM32\ntdll.dll
0x00007ffdb7170000 - 0x00007ffdb7222000 	C:\WINDOWS\System32\KERNEL32.DLL
0x00007ffdb5d30000 - 0x00007ffdb5fd4000 	C:\WINDOWS\System32\KERNELBASE.dll
0x00007ffdb7230000 - 0x00007ffdb72d3000 	C:\WINDOWS\System32\ADVAPI32.dll
0x00007ffdb82c0000 - 0x00007ffdb835e000 	C:\WINDOWS\System32\msvcrt.dll
0x00007ffdb8360000 - 0x00007ffdb83f7000 	C:\WINDOWS\System32\sechost.dll
0x00007ffdb7bf0000 - 0x00007ffdb7d10000 	C:\WINDOWS\System32\RPCRT4.dll
0x00007ffdb7720000 - 0x00007ffdb78b4000 	C:\WINDOWS\System32\USER32.dll
0x00007ffdb5fe0000 - 0x00007ffdb6001000 	C:\WINDOWS\System32\win32u.dll
0x00007ffdb6fa0000 - 0x00007ffdb6fc6000 	C:\WINDOWS\System32\GDI32.dll
0x00007ffdb6010000 - 0x00007ffdb61a6000 	C:\WINDOWS\System32\gdi32full.dll
0x00007ffdb6ac0000 - 0x00007ffdb6b5e000 	C:\WINDOWS\System32\msvcp_win.dll
0x00007ffdb5bb0000 - 0x00007ffdb5caa000 	C:\WINDOWS\System32\ucrtbase.dll
0x00007ffdad5c0000 - 0x00007ffdad844000 	C:\WINDOWS\WinSxS\amd64_microsoft.windows.common-controls_6595b64144ccf1df_6.0.18362.959_none_e6c7bbbf130c62bb\COMCTL32.dll
0x00007ffdb73c0000 - 0x00007ffdb76f5000 	C:\WINDOWS\System32\combase.dll
0x00007ffdb6260000 - 0x00007ffdb62e0000 	C:\WINDOWS\System32\bcryptPrimitives.dll
0x00007ffdb72e0000 - 0x00007ffdb730e000 	C:\WINDOWS\System32\IMM32.DLL
0x00000000747b0000 - 0x0000000074882000 	C:\Program Files\Java\jdk1.8.0_191\jre\bin\msvcr100.dll
0x0000000074890000 - 0x0000000075134000 	C:\Program Files\Java\jdk1.8.0_191\jre\bin\server\jvm.dll
0x00007ffdb7d90000 - 0x00007ffdb7d98000 	C:\WINDOWS\System32\PSAPI.DLL
0x00007ffda9650000 - 0x00007ffda9659000 	C:\WINDOWS\SYSTEM32\WSOCK32.dll
0x00007ffdaaf70000 - 0x00007ffdaaf94000 	C:\WINDOWS\SYSTEM32\WINMM.dll
0x00007ffdaea60000 - 0x00007ffdaea6a000 	C:\WINDOWS\SYSTEM32\VERSION.dll
0x00007ffdb6fd0000 - 0x00007ffdb703f000 	C:\WINDOWS\System32\WS2_32.dll
0x00007ffdaaf40000 - 0x00007ffdaaf6d000 	C:\WINDOWS\SYSTEM32\winmmbase.dll
0x00007ffdb62e0000 - 0x00007ffdb632a000 	C:\WINDOWS\System32\cfgmgr32.dll
0x0000000076f70000 - 0x0000000076f7f000 	C:\Program Files\Java\jdk1.8.0_191\jre\bin\verify.dll
0x0000000075450000 - 0x0000000075479000 	C:\Program Files\Java\jdk1.8.0_191\jre\bin\java.dll
0x0000000074790000 - 0x00000000747a6000 	C:\Program Files\Java\jdk1.8.0_191\jre\bin\zip.dll
0x00007ffdb84d0000 - 0x00007ffdb8bb6000 	C:\WINDOWS\System32\SHELL32.dll
0x00007ffdb7da0000 - 0x00007ffdb7e49000 	C:\WINDOWS\System32\shcore.dll
0x00007ffdb6330000 - 0x00007ffdb6ab2000 	C:\WINDOWS\System32\windows.storage.dll
0x00007ffdb5ae0000 - 0x00007ffdb5b03000 	C:\WINDOWS\System32\profapi.dll
0x00007ffdb5b30000 - 0x00007ffdb5b7a000 	C:\WINDOWS\System32\powrprof.dll
0x00007ffdb5ab0000 - 0x00007ffdb5ac0000 	C:\WINDOWS\System32\UMPDC.dll
0x00007ffdb7040000 - 0x00007ffdb7092000 	C:\WINDOWS\System32\shlwapi.dll
0x00007ffdb5ac0000 - 0x00007ffdb5ad1000 	C:\WINDOWS\System32\kernel.appcore.dll
0x00007ffdb5d10000 - 0x00007ffdb5d27000 	C:\WINDOWS\System32\cryptsp.dll
0x0000000002380000 - 0x0000000002383000 	C:\Program Files\Java\jdk1.8.0_191\jre\bin\api-ms-win-core-console-l1-1-0.dll
0x0000000002390000 - 0x0000000002393000 	C:\Program Files\Java\jdk1.8.0_191\jre\bin\api-ms-win-core-datetime-l1-1-0.dll
0x00000000023a0000 - 0x00000000023a3000 	C:\Program Files\Java\jdk1.8.0_191\jre\bin\api-ms-win-core-debug-l1-1-0.dll
0x00000000023b0000 - 0x00000000023b3000 	C:\Program Files\Java\jdk1.8.0_191\jre\bin\api-ms-win-core-errorhandling-l1-1-0.dll
0x00000000023c0000 - 0x00000000023c4000 	C:\Program Files\Java\jdk1.8.0_191\jre\bin\api-ms-win-core-file-l1-1-0.dll
0x00000000023d0000 - 0x00000000023d3000 	C:\Program Files\Java\jdk1.8.0_191\jre\bin\api-ms-win-core-file-l1-2-0.dll
0x00000000023e0000 - 0x00000000023e3000 	C:\Program Files\Java\jdk1.8.0_191\jre\bin\api-ms-win-core-file-l2-1-0.dll
0x00000000023f0000 - 0x00000000023f3000 	C:\Program Files\Java\jdk1.8.0_191\jre\bin\api-ms-win-core-handle-l1-1-0.dll
0x0000000002400000 - 0x0000000002403000 	C:\Program Files\Java\jdk1.8.0_191\jre\bin\api-ms-win-core-heap-l1-1-0.dll
0x0000000002410000 - 0x0000000002413000 	C:\Program Files\Java\jdk1.8.0_191\jre\bin\api-ms-win-core-interlocked-l1-1-0.dll
0x0000000002420000 - 0x0000000002423000 	C:\Program Files\Java\jdk1.8.0_191\jre\bin\api-ms-win-core-libraryloader-l1-1-0.dll
0x0000000002430000 - 0x0000000002433000 	C:\Program Files\Java\jdk1.8.0_191\jre\bin\api-ms-win-core-localization-l1-2-0.dll
0x0000000002440000 - 0x0000000002443000 	C:\Program Files\Java\jdk1.8.0_191\jre\bin\api-ms-win-core-memory-l1-1-0.dll
0x000000001aaa0000 - 0x000000001aaa3000 	C:\Program Files\Java\jdk1.8.0_191\jre\bin\api-ms-win-core-namedpipe-l1-1-0.dll
0x000000001aab0000 - 0x000000001aab3000 	C:\Program Files\Java\jdk1.8.0_191\jre\bin\api-ms-win-core-processenvironment-l1-1-0.dll
0x000000001aac0000 - 0x000000001aac3000 	C:\Program Files\Java\jdk1.8.0_191\jre\bin\api-ms-win-core-processthreads-l1-1-0.dll
0x000000001aad0000 - 0x000000001aad3000 	C:\Program Files\Java\jdk1.8.0_191\jre\bin\api-ms-win-core-processthreads-l1-1-1.dll
0x000000001aae0000 - 0x000000001aae3000 	C:\Program Files\Java\jdk1.8.0_191\jre\bin\api-ms-win-core-profile-l1-1-0.dll
0x000000001aaf0000 - 0x000000001aaf3000 	C:\Program Files\Java\jdk1.8.0_191\jre\bin\api-ms-win-core-rtlsupport-l1-1-0.dll
0x000000001ab00000 - 0x000000001ab03000 	C:\Program Files\Java\jdk1.8.0_191\jre\bin\api-ms-win-core-string-l1-1-0.dll
0x000000001ab10000 - 0x000000001ab13000 	C:\Program Files\Java\jdk1.8.0_191\jre\bin\api-ms-win-core-synch-l1-1-0.dll
0x000000001ab20000 - 0x000000001ab23000 	C:\Program Files\Java\jdk1.8.0_191\jre\bin\api-ms-win-core-synch-l1-2-0.dll
0x000000001ab30000 - 0x000000001ab33000 	C:\Program Files\Java\jdk1.8.0_191\jre\bin\api-ms-win-core-sysinfo-l1-1-0.dll
0x000000001ab40000 - 0x000000001ab43000 	C:\Program Files\Java\jdk1.8.0_191\jre\bin\api-ms-win-core-timezone-l1-1-0.dll
0x000000001ab50000 - 0x000000001ab53000 	C:\Program Files\Java\jdk1.8.0_191\jre\bin\api-ms-win-core-util-l1-1-0.dll
0x000000001ab60000 - 0x000000001ab63000 	C:\Program Files\Java\jdk1.8.0_191\jre\bin\api-ms-win-crt-conio-l1-1-0.dll
0x000000001ab70000 - 0x000000001ab74000 	C:\Program Files\Java\jdk1.8.0_191\jre\bin\api-ms-win-crt-convert-l1-1-0.dll
0x000000001ab80000 - 0x000000001ab83000 	C:\Program Files\Java\jdk1.8.0_191\jre\bin\api-ms-win-crt-environment-l1-1-0.dll
0x000000001ab90000 - 0x000000001ab93000 	C:\Program Files\Java\jdk1.8.0_191\jre\bin\api-ms-win-crt-filesystem-l1-1-0.dll
0x000000001aba0000 - 0x000000001aba3000 	C:\Program Files\Java\jdk1.8.0_191\jre\bin\api-ms-win-crt-heap-l1-1-0.dll
0x000000001abb0000 - 0x000000001abb3000 	C:\Program Files\Java\jdk1.8.0_191\jre\bin\api-ms-win-crt-locale-l1-1-0.dll
0x000000001abc0000 - 0x000000001abc5000 	C:\Program Files\Java\jdk1.8.0_191\jre\bin\api-ms-win-crt-math-l1-1-0.dll
0x000000001abd0000 - 0x000000001abd5000 	C:\Program Files\Java\jdk1.8.0_191\jre\bin\api-ms-win-crt-multibyte-l1-1-0.dll
0x000000001abe0000 - 0x000000001abf0000 	C:\Program Files\Java\jdk1.8.0_191\jre\bin\api-ms-win-crt-private-l1-1-0.dll
0x000000001abf0000 - 0x000000001abf3000 	C:\Program Files\Java\jdk1.8.0_191\jre\bin\api-ms-win-crt-process-l1-1-0.dll
0x000000001ac00000 - 0x000000001ac04000 	C:\Program Files\Java\jdk1.8.0_191\jre\bin\api-ms-win-crt-runtime-l1-1-0.dll
0x000000001ac10000 - 0x000000001ac14000 	C:\Program Files\Java\jdk1.8.0_191\jre\bin\api-ms-win-crt-stdio-l1-1-0.dll
0x000000001ac20000 - 0x000000001ac24000 	C:\Program Files\Java\jdk1.8.0_191\jre\bin\api-ms-win-crt-string-l1-1-0.dll
0x000000001ac30000 - 0x000000001ac33000 	C:\Program Files\Java\jdk1.8.0_191\jre\bin\api-ms-win-crt-time-l1-1-0.dll
0x000000001ac40000 - 0x000000001ac43000 	C:\Program Files\Java\jdk1.8.0_191\jre\bin\api-ms-win-crt-utility-l1-1-0.dll
0x00007ffd97ab0000 - 0x00007ffd97ba6000 	C:\Program Files\Java\jdk1.8.0_191\jre\bin\ucrtbase.dll
0x00007ffdb1650000 - 0x00007ffdb1666000 	C:\Program Files\Java\jdk1.8.0_191\jre\bin\vcruntime140.dll
0x00007ffd956a0000 - 0x00007ffd9573c000 	C:\Program Files\Java\jdk1.8.0_191\jre\bin\msvcp140.dll
0x00007ffdad260000 - 0x00007ffdad2b1000 	C:\Program Files\Java\jdk1.8.0_191\jre\bin\concrt140.dll
0x0000000075850000 - 0x0000000075873000 	C:\Program Files\Java\jdk1.8.0_191\jre\bin\prism_d3d.dll
0x00007ffdaccb0000 - 0x00007ffdace77000 	C:\WINDOWS\system32\d3d9.dll
0x00007ffdb3ea0000 - 0x00007ffdb3ecd000 	C:\WINDOWS\SYSTEM32\dwmapi.dll
0x00007ffdb4720000 - 0x00007ffdb4740000 	C:\WINDOWS\SYSTEM32\dxcore.dll
0x00007ffdb3a70000 - 0x00007ffdb3b09000 	C:\WINDOWS\system32\uxtheme.dll
0x00007ffd64c30000 - 0x00007ffd64dc2000 	C:\WINDOWS\System32\DriverStore\FileRepository\igdlh64.inf_amd64_9f310939ec1eebf9\igdumdim64.dll
0x00007ffd99f30000 - 0x00007ffd9a083000 	C:\WINDOWS\System32\DriverStore\FileRepository\igdlh64.inf_amd64_9f310939ec1eebf9\igdgmm64.dll
0x0000000075800000 - 0x0000000075849000 	C:\Program Files\Java\jdk1.8.0_191\jre\bin\glass.dll
0x00007ffdb8400000 - 0x00007ffdb84d0000 	C:\WINDOWS\System32\COMDLG32.dll
0x00007ffdb78d0000 - 0x00007ffdb7a27000 	C:\WINDOWS\System32\ole32.dll
0x00007ffdb70a0000 - 0x00007ffdb7165000 	C:\WINDOWS\System32\OLEAUT32.dll
0x00007ffdb6e60000 - 0x00007ffdb6f95000 	C:\WINDOWS\System32\MSCTF.dll
0x00007ffd61010000 - 0x00007ffd64c27000 	C:\WINDOWS\System32\DriverStore\FileRepository\igdlh64.inf_amd64_9f310939ec1eebf9\igd9dxva64.dll
0x00007ffd84a30000 - 0x00007ffd84a52000 	C:\WINDOWS\System32\DriverStore\FileRepository\igdlh64.inf_amd64_9f310939ec1eebf9\igdinfo64.dll
0x00007ffd97bb0000 - 0x00007ffd99f2f000 	C:\WINDOWS\System32\DriverStore\FileRepository\igdlh64.inf_amd64_9f310939ec1eebf9\igc64.dll
0x00000000757e0000 - 0x00000000757f4000 	C:\Program Files\Java\jdk1.8.0_191\jre\bin\javafx_font.dll
0x00007ffd9be10000 - 0x00007ffd9c10e000 	C:\WINDOWS\SYSTEM32\dwrite.dll
0x00007ffdb4e90000 - 0x00007ffdb4ec3000 	C:\WINDOWS\system32\rsaenh.dll
0x00007ffdb5b80000 - 0x00007ffdb5ba6000 	C:\WINDOWS\System32\bcrypt.dll
0x00007ffdb59d0000 - 0x00007ffdb59f5000 	C:\WINDOWS\SYSTEM32\USERENV.dll
0x00007ffdb54f0000 - 0x00007ffdb54fc000 	C:\WINDOWS\SYSTEM32\CRYPTBASE.dll
0x0000000074770000 - 0x000000007478a000 	C:\Program Files\Java\jdk1.8.0_191\jre\bin\net.dll
0x00007ffdb5320000 - 0x00007ffdb5387000 	C:\WINDOWS\system32\mswsock.dll
0x00007ffdb5030000 - 0x00007ffdb506a000 	C:\WINDOWS\SYSTEM32\IPHLPAPI.DLL
0x00007ffdb7a30000 - 0x00007ffdb7a38000 	C:\WINDOWS\System32\NSI.dll
0x00007ffdaec90000 - 0x00007ffdaeca6000 	C:\WINDOWS\SYSTEM32\dhcpcsvc6.DLL
0x00007ffdaedb0000 - 0x00007ffdaedcc000 	C:\WINDOWS\SYSTEM32\dhcpcsvc.DLL
0x00007ffdb5070000 - 0x00007ffdb513b000 	C:\WINDOWS\SYSTEM32\DNSAPI.dll
0x0000000074750000 - 0x0000000074761000 	C:\Program Files\Java\jdk1.8.0_191\jre\bin\nio.dll
0x0000000073b80000 - 0x0000000073ba3000 	C:\Program Files\Java\jdk1.8.0_191\jre\bin\javafx_iio.dll
0x00007ffdb7310000 - 0x00007ffdb73b2000 	C:\WINDOWS\System32\clbcatq.dll
0x00007ffd9db70000 - 0x00007ffd9dd1f000 	C:\WINDOWS\SYSTEM32\WindowsCodecs.dll
0x00007ffd9e0b0000 - 0x00007ffd9e0ea000 	C:\WINDOWS\system32\dataexchange.dll
0x00007ffdb2870000 - 0x00007ffdb2acb000 	C:\WINDOWS\system32\d3d11.dll
0x00007ffdb2f60000 - 0x00007ffdb313d000 	C:\WINDOWS\system32\dcomp.dll
0x00007ffdb47b0000 - 0x00007ffdb489b000 	C:\WINDOWS\system32\dxgi.dll
0x00007ffdb3b30000 - 0x00007ffdb3d92000 	C:\WINDOWS\system32\twinapi.appcore.dll
0x00007ffdb3fb0000 - 0x00007ffdb3fd9000 	C:\WINDOWS\system32\RMCLIENT.dll
0x00007ffdab3e0000 - 0x00007ffdab413000 	C:\Program Files\Common Files\Microsoft Shared\Ink\rtscom.dll
0x00007ffd9d970000 - 0x00007ffd9da0e000 	C:\WINDOWS\System32\TextInputFramework.dll
0x00007ffdb3140000 - 0x00007ffdb3214000 	C:\WINDOWS\System32\CoreMessaging.dll
0x00007ffd9dd60000 - 0x00007ffd9e08a000 	C:\WINDOWS\System32\CoreUIComponents.dll
0x00007ffdb4b10000 - 0x00007ffdb4b41000 	C:\WINDOWS\SYSTEM32\ntmarta.dll
0x00007ffdb1960000 - 0x00007ffdb1ab3000 	C:\WINDOWS\SYSTEM32\wintypes.dll
0x00007ffdab840000 - 0x00007ffdabae6000 	C:\WINDOWS\System32\iertutil.dll

VM Arguments:
jvm_args: -Dfile.encoding=UTF-8 
java_command: F:\BUET\2-2\CSE 216 (Database Sessional)\Project\Online Course\dist\run38340706\Online Course.jar
java_class_path (initial): F:\BUET\2-2\CSE 216 (Database Sessional)\Project\Online Course\dist\run38340706\Online Course.jar
Launcher Type: SUN_STANDARD

Environment Variables:
PATH=C:\OracleDatabase\product\11.2.0\dbhome_1\bin;C:\Python38;C:\Python38\Scripts;C:\Python27\;C:\Python27\Scripts;C:\Program Files (x86)\Common Files\Oracle\Java\javapath;C:\Program Files (x86)\Common Files\ArcSoft\Bin;C:\Program Files (x86)\Intel\iCLS Client\;C:\Program Files\Intel\iCLS Client\;C:\Windows\system32;C:\Windows;C:\Windows\System32\Wbem;C:\Windows\System32\WindowsPowerShell\v1.0\;C:\Windows\System32\OpenSSH\;C:\Program Files (x86)\Intel\Intel(R) Management Engine Components\DAL;C:\Program Files\Intel\Intel(R) Management Engine Components\DAL;C:\Program Files (x86)\Intel\Intel(R) Management Engine Components\IPT;C:\Program Files\Intel\Intel(R) Management Engine Components\IPT;C:\Program Files (x86)\NVIDIA Corporation\PhysX\Common;C:\Program Files\Intel\WiFi\bin\;C:\Program Files (x86)\Print Conductor;C:\PHP7;C:\WINDOWS\system32;C:\WINDOWS;C:\WINDOWS\System32\Wbem;C:\WINDOWS\System32\WindowsPowerShell\v1.0\;C:\WINDOWS\System32\OpenSSH\;C:\cygwin64;C:\MinGW\bin;C:\Program Files\Microsoft VS Code\bin;C:\ProgramData\chocolatey\bin;C:\ProgramData\ComposerSetup\bin;C:\composer;C:\Python38\Scripts\;C:\Python38\;C:\Users\ASUS\Anaconda3;C:\Users\ASUS\Anaconda3\Library\mingw-w64\bin;C:\Users\ASUS\Anaconda3\Library\usr\bin;C:\Users\ASUS\Anaconda3\Library\bin;C:\Users\ASUS\Anaconda3\Scripts;C:\Users\ASUS\AppData\Local\Microsoft\WindowsApps;C:\Program Files (x86)\Print Conductor;C:\Users\ASUS\AppData\Roaming\Composer\vendor\bin;
USERNAME=ASUS
OS=Windows_NT
PROCESSOR_IDENTIFIER=Intel64 Family 6 Model 142 Stepping 10, GenuineIntel



---------------  S Y S T E M  ---------------

OS: Windows 10.0 , 64 bit Build 18362 (10.0.18362.959)

CPU:total 8 (initial active 8) (4 cores per cpu, 2 threads per core) family 6 model 142 stepping 10, cmov, cx8, fxsr, mmx, sse, sse2, sse3, ssse3, sse4.1, sse4.2, popcnt, avx, avx2, aes, clmul, erms, 3dnowpref, lzcnt, ht, tsc, tscinvbit, bmi1, bmi2, adx

Memory: 4k page, physical 8272440k(1367272k free), swap 33438264k(5732k free)

vm_info: Java HotSpot(TM) 64-Bit Server VM (25.191-b12) for windows-amd64 JRE (1.8.0_191-b12), built on Oct  6 2018 09:29:03 by "java_re" with MS VC++ 10.0 (VS2010)

time: Sun Aug 02 19:39:37 2020
elapsed time: 3 seconds (0d 0h 0m 3s)

