JvmtiExport can_access_local_variables 0
JvmtiExport can_hotswap_or_post_breakpoint 0
JvmtiExport can_post_on_exceptions 0
# 209 ciObject found
ciMethod java/lang/System arraycopy (Ljava/lang/Object;ILjava/lang/Object;II)V 5121 1 640 0 -1
ciMethod java/lang/Thread holdsLock (Ljava/lang/Object;)Z 0 0 1 0 -1
ciMethod java/util/Map remove (Ljava/lang/Object;)Ljava/lang/Object; 0 0 1 0 -1
ciMethod sun/misc/Unsafe compareAndSwapObject (Ljava/lang/Object;JLjava/lang/Object;Ljava/lang/Object;)Z 2049 1 256 0 -1
ciMethod java/io/ByteArrayInputStream read ([BII)I 2521 1 943 0 0
ciMethod java/io/InputStream read ([BII)I 0 0 1 0 -1
ciMethod java/io/InputStream available ()I 0 0 1 0 -1
ciMethod java/io/InputStream close ()V 0 0 1 0 -1
ciMethod java/lang/NullPointerException <init> ()V 0 0 2 0 -1
ciMethod java/util/Enumeration hasMoreElements ()Z 0 0 1 0 -1
ciMethod java/util/Enumeration nextElement ()Ljava/lang/Object; 0 0 1 0 -1
ciMethod java/io/BufferedInputStream getInIfOpen ()Ljava/io/InputStream; 81 1 1925 0 0
ciMethod java/io/BufferedInputStream getBufIfOpen ()[B 4097 1 36012 0 64
ciMethod java/io/BufferedInputStream fill ()V 25 1 1901 0 0
ciMethod java/io/BufferedInputStream read1 ([BII)I 4097 1 7476 0 0
ciMethod java/io/BufferedInputStream read ([BII)I 4097 9 5636 0 0
ciMethod java/io/FilterInputStream read ([BII)I 2057 1 2211 0 0
ciMethod java/io/FilterInputStream available ()I 681 1 85 0 0
ciMethod java/util/concurrent/atomic/AtomicReferenceFieldUpdater compareAndSet (Ljava/lang/Object;Ljava/lang/Object;Ljava/lang/Object;)Z 0 0 1 0 -1
ciMethod java/util/concurrent/atomic/AtomicReferenceFieldUpdater$AtomicReferenceFieldUpdaterImpl accessCheck (Ljava/lang/Object;)V 41 1 24 0 -1
ciMethod java/util/concurrent/atomic/AtomicReferenceFieldUpdater$AtomicReferenceFieldUpdaterImpl valueCheck (Ljava/lang/Object;)V 41 1 24 0 -1
ciMethod java/util/concurrent/atomic/AtomicReferenceFieldUpdater$AtomicReferenceFieldUpdaterImpl compareAndSet (Ljava/lang/Object;Ljava/lang/Object;Ljava/lang/Object;)Z 41 1 24 0 0
ciMethod java/util/zip/ZipFile ensureOpenOrZipException ()V 2121 1 4503 0 0
ciMethod java/util/zip/ZipFile read (JJJ[BII)I 3081 1 385 0 -1
ciMethod java/util/zip/ZipFile access$000 (Ljava/util/zip/ZipFile;)Ljava/util/Map; 1025 1 128 0 -1
ciMethod java/util/zip/ZipFile access$400 (Ljava/util/zip/ZipFile;)J 3105 1 9768 0 0
ciMethod java/util/zip/ZipFile access$1000 (JJ)V 1521 1 2680 0 -1
ciMethod java/util/zip/ZipFile access$1300 (Ljava/util/zip/ZipFile;)V 2121 1 4502 0 0
ciMethod java/util/zip/ZipFile access$1400 (JJJ[BII)I 2121 1 4502 0 0
ciMethod java/util/zip/ZipFile$ZipFileInputStream read ([BII)I 2137 1 4525 0 0
ciMethod java/util/zip/ZipFile$ZipFileInputStream close ()V 2001 1 6494 0 2112
ciMethod java/util/zip/Inflater setInput ([BII)V 2049 1 2189 0 0
ciMethod java/util/zip/Inflater needsInput ()Z 937 1 2159 0 0
ciMethod java/util/zip/Inflater needsDictionary ()Z 937 1 2159 0 0
ciMethod java/util/zip/Inflater finished ()Z 1033 1 2215 0 0
ciMethod java/util/zip/Inflater inflate ([BII)I 2049 1 5426 0 1152
ciMethod java/util/zip/Inflater ensureOpen ()V 2345 1 5452 0 96
ciMethod java/util/zip/Inflater inflateBytes (J[BII)I 2049 1 256 0 -1
ciMethod java/util/zip/ZStreamRef address ()J 2057 1 11513 0 0
ciMethod java/util/zip/ZipFile$ZipFileInflaterInputStream fill ()V 3281 1 401 0 0
ciMethod java/util/zip/InflaterInputStream ensureOpen ()V 3473 1 9636 0 0
ciMethod java/util/zip/InflaterInputStream read ([BII)I 3161 937 5275 0 0
ciMethod java/util/zip/InflaterInputStream available ()I 3105 1 1972 0 0
ciMethod java/util/zip/InflaterInputStream fill ()V 2105 1 1760 0 0
ciMethod java/io/IOException <init> (Ljava/lang/String;)V 17 1 71 0 -1
ciMethodData java/util/zip/ZipFile access$400 (Ljava/util/zip/ZipFile;)J 2 9769 orig 264 88 131 231 116 0 0 0 0 8 223 248 22 0 0 0 0 32 1 0 0 0 0 0 0 0 0 0 0 0 0 0 0 0 0 0 0 0 0 0 0 0 0 0 0 0 0 0 0 0 0 0 0 0 0 0 0 0 0 0 0 0 0 0 0 0 0 0 0 0 0 0 0 0 0 0 0 0 0 0 0 77 68 79 32 101 120 116 114 97 32 100 97 116 97 32 108 111 99 107 0 0 0 0 0 0 0 0 0 0 0 0 0 0 0 0 0 0 0 0 0 0 0 0 0 0 0 0 0 0 0 0 0 0 0 0 0 0 0 0 0 0 0 0 0 0 0 0 0 0 0 0 0 0 0 0 0 0 0 0 0 0 0 0 0 0 0 0 0 0 0 0 0 0 0 0 0 0 0 0 0 0 0 0 0 1 0 0 0 0 0 0 0 0 0 0 0 0 0 0 0 1 0 0 0 0 0 0 0 0 0 0 0 0 0 0 0 132 1 0 0 41 37 1 0 1 0 0 0 0 0 0 0 0 0 0 0 2 0 0 0 0 0 3 0 1 0 0 0 0 0 0 0 255 255 255 255 0 0 0 0 0 0 0 0 data 0 oops 0
ciMethodData java/util/zip/ZipFile$ZipFileInputStream read ([BII)I 2 4526 orig 264 88 131 231 116 0 0 0 0 168 208 250 22 0 0 0 0 120 2 0 0 176 0 0 0 0 0 0 0 0 0 0 0 0 0 0 0 0 0 0 0 0 0 0 0 0 0 0 0 0 0 0 0 0 0 0 0 0 0 0 0 0 0 0 0 0 0 0 0 0 0 0 0 0 0 0 0 0 0 0 0 77 68 79 32 101 120 116 114 97 32 100 97 116 97 32 108 111 99 107 0 0 0 0 0 0 0 0 0 0 0 0 0 0 0 0 0 0 0 0 0 0 0 0 0 0 0 0 0 0 0 0 0 0 0 0 0 0 0 0 0 0 0 0 0 0 0 0 0 0 0 0 0 0 0 0 0 0 0 0 0 0 0 0 0 0 0 0 0 0 0 0 0 0 0 0 0 0 0 0 0 0 0 0 0 0 0 0 0 0 0 0 0 0 0 0 0 0 0 0 0 0 0 0 0 0 0 0 0 0 0 0 0 0 0 0 0 11 1 0 0 17 133 0 0 1 0 0 0 0 0 0 0 0 0 0 0 2 0 0 0 0 0 27 0 2 0 0 0 24 1 0 0 255 255 255 255 7 0 24 0 0 0 0 0 data 35 0x180007 0x108d 0x20 0x15 0x210007 0x108d 0x20 0x0 0x2e0007 0xfa7 0x20 0xe6 0x390002 0x108d 0x400002 0x108d 0x4c0002 0x108d 0x510007 0x0 0x20 0x108d 0x690003 0x108d 0x18 0x7a0007 0x883 0x50 0x80a 0x7e0005 0x0 0x1978af50 0x80a 0x0 0x0 oops 1 31 java/util/zip/ZipFile$ZipFileInputStream
ciMethodData java/util/zip/ZipFile access$1300 (Ljava/util/zip/ZipFile;)V 2 4503 orig 264 88 131 231 116 0 0 0 0 96 228 248 22 0 0 0 0 48 1 0 0 0 0 0 0 0 0 0 0 0 0 0 0 0 0 0 0 0 0 0 0 0 0 0 0 0 0 0 0 0 0 0 0 0 0 0 0 0 0 0 0 0 0 0 0 0 0 0 0 0 0 0 0 0 0 0 0 0 0 0 0 77 68 79 32 101 120 116 114 97 32 100 97 116 97 32 108 111 99 107 0 0 0 0 0 0 0 0 0 0 0 0 0 0 0 0 0 0 0 0 0 0 0 0 0 0 0 0 0 0 0 0 0 0 0 0 0 0 0 0 0 0 0 0 0 0 0 0 0 0 0 0 0 0 0 0 0 0 0 0 0 0 0 0 0 0 0 0 0 0 0 0 0 0 0 0 0 0 0 0 0 0 0 0 0 17 0 0 0 0 0 0 0 0 0 0 0 0 0 0 0 1 0 0 0 0 0 0 0 0 0 0 0 0 0 0 0 9 1 0 0 113 132 0 0 1 0 0 0 0 0 0 0 0 0 0 0 2 0 0 0 0 0 0 0 0 0 0 0 16 0 0 0 255 255 255 255 2 0 1 0 0 0 0 0 data 2 0x10002 0x108e oops 0
ciMethodData java/util/zip/ZipFile ensureOpenOrZipException ()V 2 4503 orig 264 88 131 231 116 0 0 0 0 184 211 248 22 0 0 0 0 80 1 0 0 0 0 0 0 0 0 0 0 0 0 0 0 0 0 0 0 0 0 0 0 0 0 0 0 0 0 0 0 0 0 0 0 0 0 0 0 0 0 0 0 0 0 0 0 0 0 0 0 0 0 0 0 0 0 0 0 0 0 0 0 77 68 79 32 101 120 116 114 97 32 100 97 116 97 32 108 111 99 107 0 0 0 0 0 0 0 0 0 0 0 0 0 0 0 0 0 0 0 0 0 0 0 0 0 0 0 0 0 0 0 0 0 0 0 0 0 0 0 0 0 0 0 0 0 0 0 0 0 0 0 0 0 0 0 0 0 0 0 0 0 0 0 0 0 0 0 0 0 0 0 0 0 0 0 0 0 0 0 0 0 0 0 0 0 25 0 0 0 0 0 0 0 0 0 0 0 0 0 0 0 1 0 0 0 0 0 0 0 0 0 0 0 0 0 0 0 9 1 0 0 113 132 0 0 1 0 0 0 0 0 0 0 0 0 0 0 2 0 0 0 0 0 0 0 0 0 0 0 48 0 0 0 255 255 255 255 7 0 4 0 0 0 0 0 data 6 0x40007 0x108e 0x30 0x0 0xd0002 0x0 oops 0
ciMethodData java/util/zip/ZipFile access$1400 (JJJ[BII)I 2 4503 orig 264 88 131 231 116 0 0 0 0 0 229 248 22 0 0 0 0 152 1 0 0 0 0 0 0 0 0 0 0 0 0 0 0 0 0 0 0 0 0 0 0 0 0 0 0 0 0 0 0 0 0 0 0 0 0 0 0 0 0 0 0 0 0 0 0 0 0 0 0 0 0 0 0 0 0 0 0 0 0 0 0 77 68 79 32 101 120 116 114 97 32 100 97 116 97 32 108 111 99 107 0 0 0 0 0 0 0 0 0 0 0 0 0 0 0 0 0 0 0 0 0 0 0 0 0 0 0 0 0 0 0 0 0 0 0 0 0 0 0 0 0 0 0 0 0 0 0 0 0 0 0 0 0 0 0 0 0 0 0 0 0 0 0 0 0 0 0 0 0 0 0 0 0 0 0 0 0 0 0 0 0 0 0 0 0 17 0 0 0 0 0 0 0 0 0 0 0 0 0 0 0 0 0 0 0 0 0 0 0 0 0 0 0 0 0 0 0 9 1 0 0 113 132 0 0 1 0 0 0 0 0 0 0 0 0 0 0 2 0 0 0 0 0 0 0 0 0 0 0 16 0 0 0 255 255 255 255 2 0 10 0 0 0 0 0 data 2 0xa0002 0x108e oops 0
ciMethodData java/util/zip/ZipFile$ZipFileInputStream close ()V 2 6494 orig 264 88 131 231 116 0 0 0 0 144 212 250 22 0 0 0 0 88 2 0 0 144 0 0 0 0 0 0 0 0 0 0 0 0 0 0 0 0 0 0 0 0 0 0 0 0 0 0 0 0 0 0 0 0 0 0 0 0 0 0 0 0 0 0 0 0 0 0 0 0 0 0 0 0 0 0 0 0 0 0 0 77 68 79 32 101 120 116 114 97 32 100 97 116 97 32 108 111 99 107 0 0 0 0 0 0 0 0 0 0 0 0 0 0 0 0 0 0 0 0 0 0 0 0 0 0 0 0 0 0 0 0 0 0 0 0 0 0 0 0 0 0 0 0 0 0 0 0 0 0 0 0 0 0 0 0 0 0 0 0 0 0 0 0 0 0 0 0 0 0 0 0 0 0 0 0 0 0 0 0 0 0 0 0 0 17 0 0 0 0 0 0 0 0 0 0 0 0 0 0 0 0 0 0 0 0 0 0 0 0 0 0 0 0 0 0 0 250 0 0 0 33 195 0 0 1 0 0 0 0 0 0 0 0 0 0 0 2 0 0 0 0 0 20 0 2 0 0 0 16 1 0 0 255 255 255 255 7 0 4 0 0 0 0 0 data 34 0x40007 0x7fa 0x20 0x106a 0x1f0007 0x0 0x70 0x7fa 0x260002 0x7fa 0x2b0007 0x0 0x40 0x7fa 0x320002 0x7fa 0x390002 0x7fa 0x430003 0x7fa 0x18 0x4f0002 0x7fa 0x590002 0x7fa 0x5d0005 0x0 0x26a77bf0 0x7fa 0x0 0x0 0x650003 0x7fa 0x18 oops 1 27 java/util/WeakHashMap
ciMethod java/lang/IndexOutOfBoundsException <init> ()V 0 0 1 0 -1
ciMethodData java/util/zip/ZStreamRef address ()J 2 11513 orig 264 88 131 231 116 0 0 0 0 16 252 250 22 0 0 0 0 32 1 0 0 0 0 0 0 0 0 0 0 0 0 0 0 0 0 0 0 0 0 0 0 0 0 0 0 0 0 0 0 0 0 0 0 0 0 0 0 0 0 0 0 0 0 0 0 0 0 0 0 0 0 0 0 0 0 0 0 0 0 0 0 77 68 79 32 101 120 116 114 97 32 100 97 116 97 32 108 111 99 107 0 0 0 0 0 0 0 0 0 0 0 0 0 0 0 0 0 0 0 0 0 0 0 0 0 0 0 0 0 0 0 0 0 0 0 0 0 0 0 0 0 0 0 0 0 0 0 0 0 0 0 0 0 0 0 0 0 0 0 0 0 0 0 0 0 0 0 0 0 0 0 0 0 0 0 0 0 0 0 0 0 0 0 0 0 1 0 0 0 0 0 0 0 0 0 0 0 0 0 0 0 1 0 0 0 0 0 0 0 0 0 0 0 0 0 0 0 1 1 0 0 193 95 1 0 1 0 0 0 0 0 0 0 0 0 0 0 2 0 0 0 0 0 3 0 1 0 0 0 0 0 0 0 255 255 255 255 0 0 0 0 0 0 0 0 data 0 oops 0
ciMethod java/io/EOFException <init> (Ljava/lang/String;)V 0 0 1 0 -1
ciMethod java/io/DataInputStream read ([BII)I 2201 1 1953 0 0
ciMethod java/io/DataInputStream readInt ()I 3633 1 1188 0 -1
ciMethodData java/io/BufferedInputStream getBufIfOpen ()[B 2 36014 orig 264 88 131 231 116 0 0 0 0 192 118 233 22 0 0 0 0 80 1 0 0 0 0 0 0 0 0 0 0 0 0 0 0 0 0 0 0 0 0 0 0 0 0 0 0 0 0 0 0 0 0 0 0 0 0 0 0 0 0 0 0 0 0 0 0 0 0 0 0 0 0 0 0 0 0 0 0 0 0 0 0 77 68 79 32 101 120 116 114 97 32 100 97 116 97 32 108 111 99 107 0 0 0 0 0 0 0 0 0 0 0 0 0 0 0 0 0 0 0 0 0 0 0 0 0 0 0 0 0 0 0 0 0 0 0 0 0 0 0 0 0 0 0 0 0 0 0 0 0 0 0 0 0 0 0 0 0 0 0 0 0 0 0 0 0 0 0 0 0 0 0 0 0 0 0 0 0 0 0 0 0 0 0 0 0 0 0 0 0 0 0 0 0 0 0 0 0 0 0 0 0 0 0 0 0 0 0 0 0 0 0 0 0 0 0 0 0 0 2 0 0 113 85 4 0 1 0 0 0 0 0 0 0 0 0 0 0 2 0 0 0 0 0 5 0 2 0 0 0 48 0 0 0 255 255 255 255 7 0 6 0 0 0 0 0 data 6 0x60007 0x8aae 0x30 0x0 0xf0002 0x0 oops 0
ciMethodData java/io/BufferedInputStream read1 ([BII)I 2 7487 orig 264 88 131 231 116 0 0 0 0 120 123 233 22 0 0 0 0 152 2 0 0 0 1 0 0 0 0 0 0 0 0 0 0 0 0 0 0 0 0 0 0 0 0 0 0 0 0 0 0 0 0 0 0 0 0 0 0 0 0 0 0 0 0 0 0 0 0 0 0 0 0 0 0 0 0 0 0 0 0 0 0 77 68 79 32 101 120 116 114 97 32 100 97 116 97 32 108 111 99 107 0 0 0 0 0 0 0 0 0 0 0 0 0 0 0 0 0 0 0 0 0 0 0 0 0 0 0 0 0 0 0 0 0 0 0 0 0 0 0 0 0 0 0 0 0 0 0 0 0 0 0 0 0 0 0 0 0 0 0 0 0 0 0 0 0 0 0 0 0 0 0 0 0 0 0 0 0 0 0 0 0 0 0 0 0 0 0 0 0 0 0 0 0 0 0 0 0 0 0 0 0 0 0 0 0 0 0 0 0 0 0 0 0 0 0 0 0 0 2 0 0 249 217 0 0 1 0 0 0 0 0 0 0 0 0 0 0 2 0 0 0 0 0 25 0 2 0 0 0 56 1 0 0 255 255 255 255 7 0 13 0 0 0 0 0 data 39 0xd0007 0x13e2 0xe0 0x75d 0x120002 0x75d 0x160007 0x74c 0x80 0x11 0x1d0007 0x0 0x60 0x11 0x210002 0x11 0x270005 0x0 0x2445f1e0 0x11 0x0 0x0 0x2c0002 0x74c 0x3c0007 0x73a 0x20 0x11 0x440007 0x13ea 0x38 0x732 0x490003 0x732 0x18 0x500002 0x1b1c 0x5b0002 0x1b1c oops 1 18 sun/net/www/protocol/jar/JarURLConnection$JarURLInputStream
ciMethodData java/io/BufferedInputStream read ([BII)I 2 5637 orig 264 88 131 231 116 0 0 0 0 144 124 233 22 0 0 0 0 208 2 0 0 64 0 0 0 0 0 0 0 0 0 0 0 0 0 0 0 0 0 0 0 0 0 0 0 0 0 0 0 0 0 0 0 0 0 0 0 0 0 0 0 0 0 0 0 0 0 0 0 0 0 0 0 0 0 0 0 0 0 0 0 77 68 79 32 101 120 116 114 97 32 100 97 116 97 32 108 111 99 107 0 0 0 0 0 0 0 0 0 0 0 0 0 0 0 0 0 0 0 0 0 0 0 0 0 0 0 0 0 0 0 0 0 0 0 0 0 0 0 0 0 0 0 0 0 0 0 0 0 0 0 0 0 0 0 0 0 0 0 0 0 0 0 0 0 0 0 0 0 0 0 0 0 0 0 0 0 0 0 0 0 0 0 0 0 0 0 0 0 0 0 0 0 0 0 0 0 0 0 0 0 0 0 0 0 0 0 0 0 0 0 0 0 0 0 0 0 0 2 0 0 41 160 0 0 113 57 0 0 0 0 0 0 0 0 0 0 2 0 0 0 1 0 23 0 2 0 0 0 112 1 0 0 255 255 255 255 2 0 1 0 0 0 0 0 data 46 0x10002 0x1405 0x130007 0x1405 0x30 0x0 0x1a0002 0x0 0x1f0007 0x1405 0x20 0x0 0x310002 0x1b33 0x380007 0x1b22 0x58 0x11 0x3d0007 0x0 0x38 0x11 0x420003 0x11 0x18 0x520007 0x73f 0x20 0x13e3 0x600007 0x0 0x70 0x73f 0x650005 0x0 0x2445f1e0 0x1e 0x2445f290 0x721 0x680007 0x72e 0x20 0x11 0x6e0003 0x72e 0xffffffffffffff08 oops 2 35 sun/net/www/protocol/jar/JarURLConnection$JarURLInputStream 37 java/util/zip/InflaterInputStream
ciMethodData java/io/BufferedInputStream fill ()V 2 1945 orig 264 88 131 231 116 0 0 0 0 168 121 233 22 0 0 0 0 136 3 0 0 208 1 0 0 0 0 0 0 0 0 0 0 0 0 0 0 0 0 0 0 0 0 0 0 0 0 0 0 0 0 0 0 0 0 0 0 0 0 0 0 0 0 0 0 0 0 0 0 0 0 0 0 0 0 0 0 0 0 0 0 77 68 79 32 101 120 116 114 97 32 100 97 116 97 32 108 111 99 107 0 0 0 0 0 0 0 0 0 0 0 0 0 0 0 0 0 0 0 0 0 0 0 0 0 0 0 0 0 0 0 0 0 0 0 0 0 0 0 0 0 0 0 0 0 0 0 0 0 0 0 0 0 0 0 0 0 0 0 0 0 0 0 0 0 0 0 0 0 0 0 0 0 0 0 0 0 0 0 0 0 0 0 0 0 0 0 0 0 0 0 0 0 0 0 0 0 0 0 0 0 0 0 0 0 0 0 0 0 0 0 0 0 0 0 0 0 3 0 0 0 177 60 0 0 1 0 0 0 0 0 0 0 0 0 0 0 2 0 0 0 0 0 39 0 2 0 0 0 64 2 0 0 255 255 255 255 2 0 1 0 0 0 0 0 data 72 0x10002 0x796 0x90007 0x12 0x38 0x784 0x110003 0x784 0x1b0 0x1a0007 0xf 0x198 0x3 0x210007 0x2 0x48 0x1 0x360002 0x1 0x430003 0x1 0x148 0x4c0007 0x2 0x38 0x0 0x590003 0x0 0x110 0x610007 0x2 0x30 0x0 0x6a0002 0x0 0x7a0007 0x0 0x38 0x2 0x830003 0x2 0x18 0x8f0007 0x2 0x20 0x0 0xa30002 0x2 0xac0005 0x0 0x269d2b60 0x2 0x0 0x0 0xaf0007 0x2 0x30 0x0 0xb80002 0x0 0xc70002 0x796 0xd60005 0x0 0x2445f1e0 0x29 0x2445f290 0x76d 0xdb0007 0x11 0x20 0x785 oops 3 50 java/util/concurrent/atomic/AtomicReferenceFieldUpdater$AtomicReferenceFieldUpdaterImpl 64 sun/net/www/protocol/jar/JarURLConnection$JarURLInputStream 66 java/util/zip/InflaterInputStream
ciMethodData java/io/BufferedInputStream getInIfOpen ()Ljava/io/InputStream; 2 1928 orig 264 88 131 231 116 0 0 0 0 16 118 233 22 0 0 0 0 80 1 0 0 0 0 0 0 0 0 0 0 0 0 0 0 0 0 0 0 0 0 0 0 0 0 0 0 0 0 0 0 0 0 0 0 0 0 0 0 0 0 0 0 0 0 0 0 0 0 0 0 0 0 0 0 0 0 0 0 0 0 0 0 77 68 79 32 101 120 116 114 97 32 100 97 116 97 32 108 111 99 107 0 0 0 0 0 0 0 0 0 0 0 0 0 0 0 0 0 0 0 0 0 0 0 0 0 0 0 0 0 0 0 0 0 0 0 0 0 0 0 0 0 0 0 0 0 0 0 0 0 0 0 0 0 0 0 0 0 0 0 0 0 0 0 0 0 0 0 0 0 0 0 0 0 0 0 0 0 0 0 0 0 0 0 0 0 0 0 0 0 0 0 0 0 0 0 0 0 0 0 0 0 0 0 0 0 0 0 0 0 0 0 0 0 0 0 0 0 10 0 0 0 241 59 0 0 1 0 0 0 0 0 0 0 0 0 0 0 2 0 0 0 0 0 5 0 2 0 0 0 48 0 0 0 255 255 255 255 7 0 6 0 0 0 0 0 data 6 0x60007 0x77e 0x30 0x0 0xf0002 0x0 oops 0
ciMethodData java/util/zip/Inflater inflate ([BII)I 2 5426 orig 264 88 131 231 116 0 0 0 0 216 231 250 22 0 0 0 0 80 2 0 0 144 0 0 0 0 0 0 0 0 0 0 0 0 0 0 0 0 0 0 0 0 0 0 0 0 0 0 0 0 0 0 0 0 0 0 0 0 0 0 0 0 0 0 0 0 0 0 0 0 0 0 0 0 0 0 0 0 0 0 0 77 68 79 32 101 120 116 114 97 32 100 97 116 97 32 108 111 99 107 0 0 0 0 0 0 0 0 0 0 0 0 0 0 0 0 0 0 0 0 0 0 0 0 0 0 0 0 0 0 0 0 0 0 0 0 0 0 0 0 0 0 0 0 0 0 0 0 0 0 0 0 0 0 0 0 0 0 0 0 0 0 0 0 0 0 0 0 0 0 0 0 0 0 0 0 0 0 0 0 0 0 0 0 0 25 0 0 0 0 0 0 0 0 0 0 0 0 0 0 0 0 0 0 0 0 0 0 0 0 0 0 0 0 0 0 0 0 1 0 0 145 161 0 0 1 0 0 0 0 0 0 0 0 0 0 0 2 0 0 0 0 0 16 0 2 0 0 0 240 0 0 0 255 255 255 255 7 0 1 0 0 0 0 0 data 30 0x10007 0x1432 0x30 0x0 0x80002 0x0 0xd0007 0x0 0x60 0x1432 0x110007 0x0 0x40 0x1432 0x190007 0x1432 0x30 0x0 0x200002 0x0 0x2d0002 0x1432 0x3b0005 0x0 0x245a8ef0 0x1432 0x0 0x0 0x410002 0x1432 oops 1 24 java/util/zip/ZStreamRef
ciMethodData java/util/zip/Inflater ensureOpen ()V 2 5452 orig 264 88 131 231 116 0 0 0 0 8 239 250 22 0 0 0 0 8 2 0 0 80 0 0 0 0 0 0 0 0 0 0 0 0 0 0 0 0 0 0 0 0 0 0 0 0 0 0 0 0 0 0 0 0 0 0 0 0 0 0 0 0 0 0 0 0 0 0 0 0 0 0 0 0 0 0 0 0 0 0 0 77 68 79 32 101 120 116 114 97 32 100 97 116 97 32 108 111 99 107 0 0 0 0 0 0 0 0 0 0 0 0 0 0 0 0 0 0 0 0 0 0 0 0 0 0 0 0 0 0 0 0 0 0 0 0 0 0 0 0 0 0 0 0 0 0 0 0 0 0 0 0 0 0 0 0 0 0 0 0 0 0 0 0 0 0 0 0 0 0 0 0 0 0 0 0 0 0 0 0 0 0 0 0 0 25 0 0 0 0 0 0 0 0 0 0 0 0 0 0 0 1 0 0 0 0 0 0 0 0 0 0 0 0 0 0 0 37 1 0 0 57 161 0 0 1 0 0 0 0 0 0 0 0 0 0 0 2 0 0 0 0 0 6 0 2 0 0 0 192 0 0 0 255 255 255 255 7 0 3 0 0 0 0 0 data 24 0x30007 0x1427 0x60 0x0 0xa0002 0x0 0xd0007 0x0 0x30 0x0 0x140002 0x0 0x1c0005 0x0 0x245a8ef0 0x1427 0x0 0x0 0x210007 0x1427 0x30 0x0 0x2a0002 0x0 oops 1 14 java/util/zip/ZStreamRef
ciMethod com/sun/javafx/iio/common/ImageTools skipFully (Ljava/io/InputStream;J)V 161 161 20 0 -1
ciMethod java/io/SequenceInputStream nextStream ()V 81 1 44 0 0
ciMethod java/io/SequenceInputStream read ([BII)I 3113 1 2080 0 0
ciMethodData java/util/zip/InflaterInputStream ensureOpen ()V 2 9689 orig 264 88 131 231 116 0 0 0 0 88 13 251 22 0 0 0 0 80 1 0 0 0 0 0 0 0 0 0 0 0 0 0 0 0 0 0 0 0 0 0 0 0 0 0 0 0 0 0 0 0 0 0 0 0 0 0 0 0 0 0 0 0 0 0 0 0 0 0 0 0 0 0 0 0 0 0 0 0 0 0 0 77 68 79 32 101 120 116 114 97 32 100 97 116 97 32 108 111 99 107 0 0 0 0 0 0 0 0 0 0 0 0 0 0 0 0 0 0 0 0 0 0 0 0 0 0 0 0 0 0 0 0 0 0 0 0 0 0 0 0 0 0 0 0 0 0 0 0 0 0 0 0 0 0 0 0 0 0 0 0 0 0 0 0 0 0 0 0 0 0 0 0 0 0 0 0 0 0 0 0 0 0 0 0 0 25 0 0 0 0 0 0 0 0 0 0 0 0 0 0 0 1 0 0 0 0 0 0 0 0 0 0 0 0 0 0 0 177 1 0 0 57 33 1 0 1 0 0 0 0 0 0 0 0 0 0 0 2 0 0 0 0 0 5 0 2 0 0 0 48 0 0 0 255 255 255 255 7 0 4 0 0 0 0 0 data 6 0x40007 0x2427 0x30 0x0 0xd0002 0x0 oops 0
ciMethodData java/util/zip/InflaterInputStream read ([BII)I 2 5300 orig 264 88 131 231 116 0 0 0 0 136 17 251 22 0 0 0 0 48 4 0 0 192 2 0 0 0 0 0 0 0 0 0 0 0 0 0 0 0 0 0 0 0 0 0 0 0 0 0 0 0 0 0 0 0 0 0 0 0 0 0 0 0 0 0 0 0 0 0 0 0 0 0 0 0 0 0 0 0 0 0 0 77 68 79 32 101 120 116 114 97 32 100 97 116 97 32 108 111 99 107 0 0 0 0 0 0 0 0 0 0 0 0 0 0 0 0 0 0 0 0 0 0 0 0 0 0 0 0 0 0 0 0 0 0 0 0 0 0 0 0 0 0 0 0 0 0 0 0 0 0 0 0 0 0 0 0 0 0 0 0 0 0 0 0 0 0 0 0 0 0 0 0 0 0 0 0 0 0 0 0 0 0 0 0 0 0 0 0 0 0 0 0 0 0 0 0 0 0 0 0 0 0 0 0 0 0 0 0 0 0 0 0 0 0 0 0 0 139 1 0 0 73 153 0 0 97 128 0 0 0 0 0 0 0 0 0 0 2 0 0 0 1 0 51 0 2 0 0 0 208 2 0 0 255 255 255 255 2 0 1 0 0 0 0 0 data 90 0x10002 0x1329 0x50007 0x1329 0x30 0x0 0xc0002 0x0 0x110007 0x0 0x60 0x1329 0x150007 0x0 0x40 0x1329 0x1d0007 0x1329 0x30 0x0 0x240002 0x0 0x290007 0x1329 0x20 0x0 0x350005 0x0 0x2441e400 0x1b2f 0x0 0x0 0x3b0007 0x12fc 0x158 0x833 0x420005 0x0 0x2441e400 0x833 0x0 0x0 0x450007 0x2d 0x70 0x806 0x4c0005 0x0 0x2441e400 0x806 0x0 0x0 0x4f0007 0x806 0x20 0x0 0x5d0005 0x0 0x2441e400 0x806 0x0 0x0 0x600007 0x0 0xfffffffffffffee0 0x806 0x640005 0x0 0x1978aea0 0x122 0x2445f290 0x6e4 0x670003 0x806 0xfffffffffffffe90 0x710005 0x0 0x0 0x0 0x0 0x0 0x7c0007 0x0 0x38 0x0 0x810003 0x0 0x18 0x860002 0x0 oops 6 28 java/util/zip/Inflater 38 java/util/zip/Inflater 48 java/util/zip/Inflater 58 java/util/zip/Inflater 68 java/util/zip/ZipFile$ZipFileInflaterInputStream 70 java/util/zip/InflaterInputStream
ciMethodData java/util/zip/Inflater finished ()Z 2 2239 orig 264 88 131 231 116 0 0 0 0 184 230 250 22 0 0 0 0 32 1 0 0 0 0 0 0 0 0 0 0 0 0 0 0 0 0 0 0 0 0 0 0 0 0 0 0 0 0 0 0 0 0 0 0 0 0 0 0 0 0 0 0 0 0 0 0 0 0 0 0 0 0 0 0 0 0 0 0 0 0 0 0 77 68 79 32 101 120 116 114 97 32 100 97 116 97 32 108 111 99 107 0 0 0 0 0 0 0 0 0 0 0 0 0 0 0 0 0 0 0 0 0 0 0 0 0 0 0 0 0 0 0 0 0 0 0 0 0 0 0 0 0 0 0 0 0 0 0 0 0 0 0 0 0 0 0 0 0 0 0 0 0 0 0 0 0 0 0 0 0 0 0 0 0 0 0 0 0 0 0 0 0 0 0 0 0 1 0 0 0 0 0 0 0 0 0 0 0 0 0 0 0 0 0 0 0 0 0 0 0 0 0 0 0 0 0 0 0 129 0 0 0 241 65 0 0 1 0 0 0 0 0 0 0 0 0 0 0 2 0 0 0 0 0 0 0 0 0 0 0 0 0 0 0 255 255 255 255 0 0 0 0 0 0 0 0 data 0 oops 0
ciMethodData java/util/zip/Inflater needsDictionary ()Z 2 2183 orig 264 88 131 231 116 0 0 0 0 0 230 250 22 0 0 0 0 32 1 0 0 0 0 0 0 0 0 0 0 0 0 0 0 0 0 0 0 0 0 0 0 0 0 0 0 0 0 0 0 0 0 0 0 0 0 0 0 0 0 0 0 0 0 0 0 0 0 0 0 0 0 0 0 0 0 0 0 0 0 0 0 77 68 79 32 101 120 116 114 97 32 100 97 116 97 32 108 111 99 107 0 0 0 0 0 0 0 0 0 0 0 0 0 0 0 0 0 0 0 0 0 0 0 0 0 0 0 0 0 0 0 0 0 0 0 0 0 0 0 0 0 0 0 0 0 0 0 0 0 0 0 0 0 0 0 0 0 0 0 0 0 0 0 0 0 0 0 0 0 0 0 0 0 0 0 0 0 0 0 0 0 0 0 0 0 1 0 0 0 0 0 0 0 0 0 0 0 0 0 0 0 0 0 0 0 0 0 0 0 0 0 0 0 0 0 0 0 117 0 0 0 145 64 0 0 1 0 0 0 0 0 0 0 0 0 0 0 2 0 0 0 0 0 0 0 0 0 0 0 0 0 0 0 255 255 255 255 0 0 0 0 0 0 0 0 data 0 oops 0
ciMethodData java/util/zip/Inflater needsInput ()Z 2 2185 orig 264 88 131 231 116 0 0 0 0 72 229 250 22 0 0 0 0 88 1 0 0 0 0 0 0 0 0 0 0 0 0 0 0 0 0 0 0 0 0 0 0 0 0 0 0 0 0 0 0 0 0 0 0 0 0 0 0 0 0 0 0 0 0 0 0 0 0 0 0 0 0 0 0 0 0 0 0 0 0 0 0 77 68 79 32 101 120 116 114 97 32 100 97 116 97 32 108 111 99 107 0 0 0 0 0 0 0 0 0 0 0 0 0 0 0 0 0 0 0 0 0 0 0 0 0 0 0 0 0 0 0 0 0 0 0 0 0 0 0 0 0 0 0 0 0 0 0 0 0 0 0 0 0 0 0 0 0 0 0 0 0 0 0 0 0 0 0 0 0 0 0 0 0 0 0 0 0 0 0 0 0 0 0 0 0 1 0 0 0 0 0 0 0 0 0 0 0 0 0 0 0 0 0 0 0 0 0 0 0 0 0 0 0 0 0 0 0 117 0 0 0 161 64 0 0 1 0 0 0 0 0 0 0 0 0 0 0 2 0 0 0 0 0 0 0 0 0 0 0 56 0 0 0 255 255 255 255 7 0 11 0 0 0 0 0 data 7 0xb0007 0x0 0x38 0x814 0xf0003 0x814 0x18 oops 0
ciMethodData java/util/zip/Inflater setInput ([BII)V 2 2345 orig 264 88 131 231 116 0 0 0 0 160 225 250 22 0 0 0 0 240 1 0 0 144 0 0 0 0 0 0 0 0 0 0 0 0 0 0 0 0 0 0 0 0 0 0 0 0 0 0 0 0 0 0 0 0 0 0 0 0 0 0 0 0 0 0 0 0 0 0 0 0 0 0 0 0 0 0 0 0 0 0 0 77 68 79 32 101 120 116 114 97 32 100 97 116 97 32 108 111 99 107 0 0 0 0 0 0 0 0 0 0 0 0 0 0 0 0 0 0 0 0 0 0 0 0 0 0 0 0 0 0 0 0 0 0 0 0 0 0 0 0 0 0 0 0 0 0 0 0 0 0 0 0 0 0 0 0 0 0 0 0 0 0 0 0 0 0 0 0 0 0 0 0 0 0 0 0 0 0 0 0 0 0 0 0 0 25 0 0 0 0 0 0 0 0 0 0 0 0 0 0 0 0 0 0 0 0 0 0 0 0 0 0 0 0 0 0 0 0 1 0 0 73 65 0 0 1 0 0 0 0 0 0 0 0 0 0 0 2 0 0 0 0 0 17 0 2 0 0 0 184 0 0 0 255 255 255 255 7 0 1 0 0 0 0 0 data 23 0x10007 0x829 0x30 0x0 0x80002 0x0 0xd0007 0x0 0x60 0x829 0x110007 0x0 0x40 0x829 0x190007 0x829 0x30 0x0 0x200002 0x0 0x3e0003 0x829 0x18 oops 0
ciMethodData java/io/FilterInputStream read ([BII)I 2 2212 orig 264 88 131 231 116 0 0 0 0 176 134 233 22 0 0 0 0 144 1 0 0 0 0 0 0 0 0 0 0 0 0 0 0 0 0 0 0 0 0 0 0 0 0 0 0 0 0 0 0 0 0 0 0 0 0 0 0 0 0 0 0 0 0 0 0 0 0 0 0 0 0 0 0 0 0 0 0 0 0 0 0 77 68 79 32 101 120 116 114 97 32 100 97 116 97 32 108 111 99 107 0 0 0 0 0 0 0 0 0 0 0 0 0 0 0 0 0 0 0 0 0 0 0 0 0 0 0 0 0 0 0 0 0 0 0 0 0 0 0 0 0 0 0 0 0 0 0 0 0 0 0 0 0 0 0 0 0 0 0 0 0 0 0 0 0 0 0 0 0 0 0 0 0 0 0 0 0 0 0 0 0 0 0 0 0 0 0 0 0 0 0 0 0 0 0 0 0 0 0 0 0 0 0 0 0 0 0 0 0 0 0 0 0 0 0 0 0 1 1 0 0 25 61 0 0 1 0 0 0 0 0 0 0 0 0 0 0 2 0 0 0 0 0 3 0 2 0 0 0 48 0 0 0 255 255 255 255 5 0 7 0 0 0 0 0 data 6 0x70005 0x0 0x1978aea0 0x776 0x1978af50 0x2d oops 2 2 java/util/zip/ZipFile$ZipFileInflaterInputStream 4 java/util/zip/ZipFile$ZipFileInputStream
ciMethod com/sun/javafx/iio/png/PNGIDATChunkInputStream nextChunk ()V 41 1 19 0 0
ciMethod com/sun/javafx/iio/png/PNGIDATChunkInputStream read ([BII)I 3081 3257 1844 0 0
ciMethodData com/sun/javafx/iio/png/PNGIDATChunkInputStream read ([BII)I 2 1951 orig 264 88 131 231 116 0 0 0 0 80 34 213 36 0 0 0 0 240 2 0 0 48 0 0 0 0 0 0 0 0 0 0 0 0 0 0 0 0 0 0 0 0 0 0 0 0 0 0 0 0 0 0 0 0 0 0 0 0 0 0 0 0 0 0 0 0 0 0 0 0 0 0 0 0 0 0 0 0 0 0 0 77 68 79 32 101 120 116 114 97 32 100 97 116 97 32 108 111 99 107 0 0 0 0 0 0 0 0 0 0 0 0 0 0 0 0 0 0 0 0 0 0 0 0 0 0 0 0 0 0 0 0 0 0 0 0 0 0 0 0 0 0 0 0 0 0 0 0 0 0 0 0 0 0 0 0 0 0 0 0 0 0 0 0 0 0 0 0 0 0 0 0 0 0 0 0 0 0 0 0 0 0 0 0 0 25 0 0 0 0 0 0 0 0 0 0 0 0 0 0 0 1 0 0 0 0 0 0 0 0 0 0 0 0 0 0 0 151 1 0 0 161 45 0 0 65 48 0 0 0 0 0 0 0 0 0 0 2 0 0 0 1 0 24 0 2 0 0 0 144 1 0 0 255 255 255 255 7 0 4 0 0 0 0 0 data 50 0x40007 0x5b4 0x50 0x0 0x80002 0x0 0xf0007 0x0 0x20 0x0 0x1b0007 0xe 0x140 0xbae 0x1f0007 0x5a6 0x120 0x608 0x270007 0xe 0x38 0x5fa 0x2b0003 0x5fa 0x18 0x3c0005 0x0 0x24a49db0 0x608 0x0 0x0 0x440007 0x608 0x30 0x0 0x4b0002 0x0 0x6f0007 0x5fa 0x50 0xe 0x730007 0x0 0x30 0xe 0x770002 0xe 0x7a0003 0x608 0xfffffffffffffed8 oops 1 27 java/io/DataInputStream
ciMethodData com/sun/javafx/iio/png/PNGIDATChunkInputStream nextChunk ()V 1 20 orig 264 88 131 231 116 0 0 0 0 112 30 213 36 0 0 0 0 64 2 0 0 128 0 0 0 0 0 0 0 0 0 0 0 0 0 0 0 0 0 0 0 0 0 0 0 0 0 0 0 0 0 0 0 0 0 0 0 0 0 0 0 0 0 0 0 0 0 0 0 0 0 0 0 0 0 0 0 0 0 0 0 77 68 79 32 101 120 116 114 97 32 100 97 116 97 32 108 111 99 107 0 0 0 0 0 0 0 0 0 0 0 0 0 0 0 0 0 0 0 0 0 0 0 0 0 0 0 0 0 0 0 0 0 0 0 0 0 0 0 0 0 0 0 0 0 0 0 0 0 0 0 0 0 0 0 0 0 0 0 0 0 0 0 0 0 0 0 0 0 0 0 0 0 0 0 0 0 0 0 0 0 0 0 0 0 25 0 0 0 0 0 0 0 0 0 0 0 0 0 0 0 1 0 0 0 0 0 0 0 0 0 0 0 0 0 0 0 5 0 0 0 121 0 0 0 1 0 0 0 0 0 0 0 0 0 0 0 2 0 0 0 0 0 0 0 0 0 0 0 248 0 0 0 255 255 255 255 7 0 4 0 0 0 0 0 data 31 0x40007 0x0 0xf8 0xf 0xe0002 0xf 0x150005 0xf 0x0 0x0 0x0 0x0 0x1a0007 0xf 0x30 0x0 0x230002 0x0 0x2b0005 0xf 0x0 0x0 0x0 0x0 0x320007 0xf 0x38 0x0 0x3f0003 0x0 0x18 oops 0
ciMethodData java/util/concurrent/atomic/AtomicReferenceFieldUpdater$AtomicReferenceFieldUpdaterImpl compareAndSet (Ljava/lang/Object;Ljava/lang/Object;Ljava/lang/Object;)Z 1 24 orig 264 88 131 231 116 0 0 0 0 136 172 233 22 0 0 0 0 176 1 0 0 0 0 0 0 0 0 0 0 0 0 0 0 0 0 0 0 0 0 0 0 0 0 0 0 0 0 0 0 0 0 0 0 0 0 0 0 0 0 0 0 0 0 0 0 0 0 0 0 0 0 0 0 0 0 0 0 0 0 0 0 77 68 79 32 101 120 116 114 97 32 100 97 116 97 32 108 111 99 107 0 0 0 0 0 0 0 0 0 0 0 0 0 0 0 0 0 0 0 0 0 0 0 0 0 0 0 0 0 0 0 0 0 0 0 0 0 0 0 0 0 0 0 0 0 0 0 0 0 0 0 0 0 0 0 0 0 0 0 0 0 0 0 0 0 0 0 0 0 0 0 0 0 0 0 0 0 0 0 0 0 0 0 0 0 17 0 0 0 0 0 0 0 0 0 0 0 0 0 0 0 1 0 0 0 0 0 0 0 0 0 0 0 0 0 0 0 5 0 0 0 153 0 0 0 1 0 0 0 0 0 0 0 0 0 0 0 2 0 0 0 0 0 0 0 0 0 0 0 80 0 0 0 255 255 255 255 2 0 2 0 0 0 0 0 data 10 0x20002 0x13 0x70002 0x13 0x140005 0x13 0x0 0x0 0x0 0x0 oops 0
ciMethodData java/io/DataInputStream read ([BII)I 2 1956 orig 264 88 131 231 116 0 0 0 0 248 188 29 34 0 0 0 0 144 1 0 0 0 0 0 0 0 0 0 0 0 0 0 0 0 0 0 0 0 0 0 0 0 0 0 0 0 0 0 0 0 0 0 0 0 0 0 0 0 0 0 0 0 0 0 0 0 0 0 0 0 0 0 0 0 0 0 0 0 0 0 0 77 68 79 32 101 120 116 114 97 32 100 97 116 97 32 108 111 99 107 0 0 0 0 0 0 0 0 0 0 0 0 0 0 0 0 0 0 0 0 0 0 0 0 0 0 0 0 0 0 0 0 0 0 0 0 0 0 0 0 0 0 0 0 0 0 0 0 0 0 0 0 0 0 0 0 0 0 0 0 0 0 0 0 0 0 0 0 0 0 0 0 0 0 0 0 0 0 0 0 0 0 0 0 0 17 0 0 0 0 0 0 0 0 0 0 0 0 0 0 0 1 0 0 0 0 0 0 0 0 0 0 0 0 0 0 0 19 1 0 0 137 52 0 0 1 0 0 0 0 0 0 0 0 0 0 0 2 0 0 0 0 0 3 0 2 0 0 0 48 0 0 0 255 255 255 255 5 0 7 0 0 0 0 0 data 6 0x70005 0x0 0x280934b0 0x68e 0x2445ecb0 0x3 oops 2 2 java/io/SequenceInputStream 4 java/io/BufferedInputStream
ciMethodData java/util/zip/InflaterInputStream fill ()V 2 1842 orig 264 88 131 231 116 0 0 0 0 200 20 251 22 0 0 0 0 232 1 0 0 96 0 0 0 0 0 0 0 0 0 0 0 0 0 0 0 0 0 0 0 0 0 0 0 0 0 0 0 0 0 0 0 0 0 0 0 0 0 0 0 0 0 0 0 0 0 0 0 0 0 0 0 0 0 0 0 0 0 0 0 77 68 79 32 101 120 116 114 97 32 100 97 116 97 32 108 111 99 107 0 0 0 0 0 0 0 0 0 0 0 0 0 0 0 0 0 0 0 0 0 0 0 0 0 0 0 0 0 0 0 0 0 0 0 0 0 0 0 0 0 0 0 0 0 0 0 0 0 0 0 0 0 0 0 0 0 0 0 0 0 0 0 0 0 0 0 0 0 0 0 0 0 0 0 0 0 0 0 0 0 0 0 0 0 0 0 0 0 0 0 0 0 0 0 0 0 0 0 0 0 0 0 0 0 0 0 0 0 0 0 0 0 0 0 0 0 7 1 0 0 89 49 0 0 1 0 0 0 0 0 0 0 0 0 0 0 2 0 0 0 0 0 8 0 2 0 0 0 160 0 0 0 255 255 255 255 2 0 1 0 0 0 0 0 data 20 0x10002 0x62b 0x130005 0x0 0x24a472e0 0x62b 0x0 0x0 0x1e0007 0x62b 0x30 0x0 0x270002 0x0 0x380005 0x0 0x2441e400 0x62b 0x0 0x0 oops 2 4 com/sun/javafx/iio/png/PNGIDATChunkInputStream 16 java/util/zip/Inflater
ciMethodData java/io/SequenceInputStream read ([BII)I 2 2172 orig 264 88 131 231 116 0 0 0 0 240 49 86 34 0 0 0 0 224 2 0 0 192 0 0 0 0 0 0 0 0 0 0 0 0 0 0 0 0 0 0 0 0 0 0 0 0 0 0 0 0 0 0 0 0 0 0 0 0 0 0 0 0 0 0 0 0 0 0 0 0 0 0 0 0 0 0 0 0 0 0 0 77 68 79 32 101 120 116 114 97 32 100 97 116 97 32 108 111 99 107 0 0 0 0 0 0 0 0 0 0 0 0 0 0 0 0 0 0 0 0 0 0 0 0 0 0 0 0 0 0 0 0 0 0 0 0 0 0 0 0 0 0 0 0 0 0 0 0 0 0 0 0 0 0 0 0 0 0 0 0 0 0 0 0 0 0 0 0 0 0 0 0 0 0 0 0 0 0 0 0 0 0 0 0 0 0 0 0 0 0 0 0 0 0 0 0 0 0 0 0 0 0 0 0 0 0 0 0 0 0 0 0 0 0 0 0 0 133 1 0 0 185 55 0 0 17 0 0 0 0 0 0 0 0 0 0 0 2 0 0 0 1 0 21 0 2 0 0 0 128 1 0 0 255 255 255 255 7 0 4 0 0 0 0 0 data 48 0x40007 0x6f7 0x20 0x0 0xa0007 0x6f7 0x30 0x0 0x110002 0x0 0x160007 0x0 0x60 0x6f7 0x1a0007 0x0 0x40 0x6f7 0x220007 0x6f7 0x30 0x0 0x290002 0x0 0x2e0007 0x6f7 0x20 0x0 0x3a0005 0x0 0x2445f1e0 0x6e6 0x27db2c0 0x13 0x410007 0x2 0x20 0x6f7 0x480005 0x0 0x280934b0 0x2 0x0 0x0 0x4f0007 0x2 0xffffffffffffff80 0x0 oops 3 30 sun/net/www/protocol/jar/JarURLConnection$JarURLInputStream 32 java/io/ByteArrayInputStream 40 java/io/SequenceInputStream
ciMethodData java/io/SequenceInputStream nextStream ()V 1 44 orig 264 88 131 231 116 0 0 0 0 152 47 86 34 0 0 0 0 120 2 0 0 32 0 0 0 0 0 0 0 0 0 0 0 0 0 0 0 0 0 0 0 0 0 0 0 0 0 0 0 0 0 0 0 0 0 0 0 0 0 0 0 0 0 0 0 0 0 0 0 0 0 0 0 0 0 0 0 0 0 0 0 77 68 79 32 101 120 116 114 97 32 100 97 116 97 32 108 111 99 107 0 0 0 0 0 0 0 0 0 0 0 0 0 0 0 0 0 0 0 0 0 0 0 0 0 0 0 0 0 0 0 0 0 0 0 0 0 0 0 0 0 0 0 0 0 0 0 0 0 0 0 0 0 0 0 0 0 0 0 0 0 0 0 0 0 0 0 0 0 0 0 0 0 0 0 0 0 0 0 0 0 0 0 0 0 25 0 0 0 0 0 0 0 0 0 0 0 0 0 0 0 1 0 0 0 0 0 0 0 0 0 0 0 0 0 0 0 10 0 0 0 17 1 0 0 1 0 0 0 0 0 0 0 0 0 0 0 2 0 0 0 0 0 0 0 0 0 0 0 48 1 0 0 255 255 255 255 7 0 4 0 0 0 0 0 data 38 0x40007 0x11 0x50 0x11 0xb0005 0x0 0x27db2c0 0x11 0x0 0x0 0x120005 0x0 0x26a7b180 0x22 0x0 0x0 0x170007 0x0 0xb0 0x22 0x1f0005 0x0 0x26a7b180 0x22 0x0 0x0 0x240004 0x0 0x27db2c0 0x11 0x2445f1e0 0x11 0x2e0007 0x22 0x30 0x0 0x350002 0x0 oops 5 6 java/io/ByteArrayInputStream 12 java/util/Vector$1 22 java/util/Vector$1 28 java/io/ByteArrayInputStream 30 sun/net/www/protocol/jar/JarURLConnection$JarURLInputStream
ciMethodData java/util/zip/InflaterInputStream available ()I 2 1973 orig 264 88 131 231 116 0 0 0 0 48 18 251 22 0 0 0 0 80 1 0 0 0 0 0 0 0 0 0 0 0 0 0 0 0 0 0 0 0 0 0 0 0 0 0 0 0 0 0 0 0 0 0 0 0 0 0 0 0 0 0 0 0 0 0 0 0 0 0 0 0 0 0 0 0 0 0 0 0 0 0 0 77 68 79 32 101 120 116 114 97 32 100 97 116 97 32 108 111 99 107 0 0 0 0 0 0 0 0 0 0 0 0 0 0 0 0 0 0 0 0 0 0 0 0 0 0 0 0 0 0 0 0 0 0 0 0 0 0 0 0 0 0 0 0 0 0 0 0 0 0 0 0 0 0 0 0 0 0 0 0 0 0 0 0 0 0 0 0 0 0 0 0 0 0 0 0 0 0 0 0 0 0 0 0 0 0 0 0 0 0 0 0 0 0 0 0 0 0 0 0 0 0 0 0 0 0 0 0 0 0 0 0 0 0 0 0 0 132 1 0 0 137 49 0 0 1 0 0 0 0 0 0 0 0 0 0 0 2 0 0 0 0 0 8 0 2 0 0 0 48 0 0 0 255 255 255 255 2 0 1 0 0 0 0 0 data 6 0x10002 0x631 0x80007 0x631 0x20 0x0 oops 0
ciMethodData java/io/ByteArrayInputStream read ([BII)I 1 943 orig 264 88 131 231 116 0 0 0 0 192 28 225 22 0 0 0 0 112 2 0 0 224 0 0 0 0 0 0 0 0 0 0 0 0 0 0 0 0 0 0 0 0 0 0 0 0 0 0 0 0 0 0 0 0 0 0 0 0 0 0 0 0 0 0 0 0 0 0 0 0 0 0 0 0 0 0 0 0 0 0 0 77 68 79 32 101 120 116 114 97 32 100 97 116 97 32 108 111 99 107 0 0 0 0 0 0 0 0 0 0 0 0 0 0 0 0 0 0 0 0 0 0 0 0 0 0 0 0 0 0 0 0 0 0 0 0 0 0 0 0 0 0 0 0 0 0 0 0 0 0 0 0 0 0 0 0 0 0 0 0 0 0 0 0 0 0 0 0 0 0 0 0 0 0 0 0 0 0 0 0 0 0 0 0 0 0 0 0 0 0 0 0 0 0 0 0 0 0 0 0 0 0 0 0 0 0 0 0 0 0 0 0 0 0 0 0 0 59 1 0 0 161 19 0 0 1 0 0 0 0 0 0 0 0 0 0 0 2 0 0 0 0 0 19 0 2 0 0 0 16 1 0 0 255 255 255 255 7 0 1 0 0 0 0 0 data 34 0x10007 0x274 0x30 0x0 0x80002 0x0 0xd0007 0x0 0x60 0x274 0x110007 0x0 0x40 0x274 0x190007 0x274 0x30 0x0 0x200002 0x0 0x2c0007 0x273 0x20 0x1 0x3f0007 0x272 0x20 0x1 0x460007 0x273 0x20 0x0 0x560002 0x273 oops 0
ciMethodData java/util/zip/ZipFile$ZipFileInflaterInputStream fill ()V 1 401 orig 264 88 131 231 116 0 0 0 0 128 4 251 22 0 0 0 0 248 1 0 0 96 0 0 0 0 0 0 0 0 0 0 0 0 0 0 0 0 0 0 0 0 0 0 0 0 0 0 0 0 0 0 0 0 0 0 0 0 0 0 0 0 0 0 0 0 0 0 0 0 0 0 0 0 0 0 0 0 0 0 0 77 68 79 32 101 120 116 114 97 32 100 97 116 97 32 108 111 99 107 0 0 0 0 0 0 0 0 0 0 0 0 0 0 0 0 0 0 0 0 0 0 0 0 0 0 0 0 0 0 0 0 0 0 0 0 0 0 0 0 0 0 0 0 0 0 0 0 0 0 0 0 0 0 0 0 0 0 0 0 0 0 0 0 0 0 0 0 0 0 0 0 0 0 0 0 0 0 0 0 0 0 0 0 0 25 0 0 0 0 0 0 0 0 0 0 0 0 0 0 0 1 0 0 0 0 0 0 0 0 0 0 0 0 0 0 0 0 1 0 0 1 0 0 0 1 0 0 0 0 0 0 0 0 0 0 0 2 0 0 0 0 0 8 0 2 0 0 0 176 0 0 0 255 255 255 255 7 0 4 0 0 0 0 0 data 22 0x40007 0x0 0x30 0x0 0xd0002 0x0 0x200005 0x0 0x0 0x0 0x0 0x0 0x2b0007 0x0 0x20 0x0 0x4c0005 0x0 0x0 0x0 0x0 0x0 oops 0
instanceKlass com/sun/prism/impl/BaseResourcePool$$Lambda$308
instanceKlass Course/Overflow/Global/Components/CourseBoxHorizontalController
instanceKlass com/sun/javafx/scene/KeyboardShortcutsHandler$1
instanceKlass com/sun/javafx/scene/input/KeyCodeMap
instanceKlass com/sun/javafx/tk/quantum/GlassViewEventHandler$$Lambda$307
instanceKlass javafx/scene/Scene$ClickCounter$$Lambda$306
instanceKlass com/sun/javafx/tk/TKDragSourceListener
instanceKlass javafx/scene/Scene$DnDGesture
instanceKlass com/sun/glass/ui/win/WinClipboardDelegate
instanceKlass com/sun/glass/ui/Clipboard
instanceKlass com/sun/prism/impl/ps/CachingShapeRepState$CSRDisposerRecord
instanceKlass com/sun/prism/impl/ps/CachingShapeRepState$MaskTexData
instanceKlass com/sun/prism/impl/ps/CachingShapeRepState$MaskCache$$Lambda$305
instanceKlass com/sun/prism/impl/ps/CachingShapeRepState$CacheEntry
instanceKlass com/sun/prism/impl/ps/CachingShapeRepState$MaskCache
instanceKlass com/sun/prism/impl/ps/CachingShapeRepState
instanceKlass com/sun/prism/impl/ps/CachingShapeRep
instanceKlass com/sun/javafx/font/directwrite/DWRITE_MATRIX
instanceKlass com/sun/javafx/geom/transform/TransformHelper
instanceKlass com/sun/prism/shader/Texture_LinearGradient_PAD_Loader
instanceKlass java/util/Collections$UnmodifiableList$1
instanceKlass com/sun/prism/shader/FillPgram_LinearGradient_PAD_Loader
instanceKlass com/sun/prism/paint/Stop
instanceKlass com/sun/prism/shader/DrawPgram_Color_Loader
instanceKlass com/sun/scenario/effect/InvertMask$1
instanceKlass com/sun/scenario/effect/impl/state/RenderState$3
instanceKlass com/sun/scenario/effect/impl/state/RenderState$2
instanceKlass com/sun/scenario/effect/impl/state/RenderState$1
instanceKlass com/sun/prism/impl/ps/PaintHelper
instanceKlass com/sun/prism/shader/FillPgram_ImagePattern_Loader
instanceKlass java/lang/invoke/LambdaForm$MH
instanceKlass java/lang/invoke/LambdaForm$DMH
instanceKlass java/lang/invoke/LambdaForm$DMH
instanceKlass com/sun/javafx/scene/control/skin/TextAreaSkin$ContentView$$Lambda$304
instanceKlass java/lang/invoke/LambdaForm$DMH
instanceKlass com/sun/prism/shader/FillCircle_Color_Loader
instanceKlass com/sun/prism/impl/shape/BasicShapeRep
instanceKlass com/sun/scenario/effect/impl/BufferUtil$$Lambda$303
instanceKlass com/sun/scenario/effect/impl/BufferUtil
instanceKlass com/sun/scenario/effect/impl/state/BoxRenderState$1
instanceKlass com/sun/javafx/sg/prism/NodeEffectInput$1
instanceKlass java/lang/invoke/LambdaForm$MH
instanceKlass com/sun/scenario/effect/impl/state/LinearConvolveRenderState$$Lambda$302
instanceKlass java/lang/invoke/LambdaForm$DMH
instanceKlass java/lang/invoke/LambdaForm$DMH
instanceKlass com/sun/scenario/effect/impl/prism/PrRenderInfo
instanceKlass com/sun/scenario/effect/ImageDataRenderer
instanceKlass com/sun/prism/shader/Solid_TextureSecondPassLCD_Loader
instanceKlass com/sun/prism/shader/Solid_TextureFirstPassLCD_Loader
instanceKlass com/sun/javafx/collections/VetoableListDecorator$ModCountAccessorImpl
instanceKlass com/sun/javafx/collections/VetoableListDecorator$VetoableIteratorDecorator
instanceKlass com/sun/javafx/scene/control/skin/TextAreaSkin$$Lambda$301
instanceKlass com/sun/javafx/scene/control/skin/TextAreaSkin$$Lambda$300
instanceKlass com/sun/javafx/scene/control/skin/TextAreaSkin$$Lambda$299
instanceKlass com/sun/javafx/image/impl/ByteGray$Accessor
instanceKlass com/sun/javafx/scene/control/skin/TextAreaSkin$$Lambda$298
instanceKlass com/sun/javafx/image/impl/ByteGray
instanceKlass com/sun/javafx/scene/control/skin/TextAreaSkin$$Lambda$297
instanceKlass com/sun/javafx/scene/control/skin/TextAreaSkin$$Lambda$296
instanceKlass com/sun/prism/shader/Texture_Color_Loader
instanceKlass com/sun/javafx/scene/control/skin/TextAreaSkin$$Lambda$295
instanceKlass com/sun/javafx/scene/control/skin/TextAreaSkin$$Lambda$294
instanceKlass com/sun/javafx/scene/control/skin/TextAreaSkin$$Lambda$293
instanceKlass com/sun/javafx/scene/control/skin/TextAreaSkin$$Lambda$292
instanceKlass com/sun/javafx/scene/control/skin/TextAreaSkin$$Lambda$291
instanceKlass com/sun/javafx/scene/control/skin/TextAreaSkin$$Lambda$290
instanceKlass com/sun/javafx/scene/control/skin/TextAreaSkin$$Lambda$289
instanceKlass com/sun/prism/impl/shape/NativePiscesRasterizer$$Lambda$288
instanceKlass com/sun/javafx/scene/control/skin/TextAreaSkin$$Lambda$287
instanceKlass com/sun/prism/impl/shape/NativePiscesRasterizer
instanceKlass com/sun/prism/impl/shape/ShapeRasterizer
instanceKlass com/sun/prism/impl/shape/ShapeUtil
instanceKlass com/sun/javafx/scene/control/skin/TextAreaSkin$$Lambda$286
instanceKlass com/sun/javafx/scene/control/skin/TextAreaSkin$$Lambda$285
instanceKlass com/sun/javafx/scene/control/skin/TextAreaSkin$$Lambda$284
instanceKlass com/sun/javafx/scene/control/skin/TextAreaSkin$$Lambda$283
instanceKlass com/sun/javafx/scene/control/skin/TextAreaSkin$ContentView$$Lambda$282
instanceKlass com/sun/javafx/scene/control/skin/TextAreaSkin$ContentView$$Lambda$281
instanceKlass com/sun/javafx/scene/control/skin/TextAreaSkin$ContentView$$Lambda$280
instanceKlass com/sun/javafx/scene/control/behavior/TextAreaBehavior$1
instanceKlass com/sun/prism/d3d/D3DTexture$1
instanceKlass com/sun/prism/impl/BufferUtil$$Lambda$279
instanceKlass com/sun/prism/impl/BufferUtil
instanceKlass com/sun/prism/impl/shape/MaskData
instanceKlass com/sun/javafx/font/directwrite/D2D1_POINT_2F
instanceKlass javafx/animation/AnimationTimer$AnimationTimerReceiver$$Lambda$278
instanceKlass com/sun/javafx/font/directwrite/D2D1_PIXEL_FORMAT
instanceKlass com/sun/javafx/font/directwrite/D2D1_RENDER_TARGET_PROPERTIES
instanceKlass com/sun/prism/impl/GlyphCache$GlyphData
instanceKlass com/sun/prism/shader/Mask_TextureSuper_Loader
instanceKlass com/sun/prism/impl/GlyphCache
instanceKlass Course/Overflow/Global/Customize/ToolTip$$Lambda$277
instanceKlass Course/Overflow/Global/Customize/ToolTip$$Lambda$276
instanceKlass com/sun/scenario/effect/impl/prism/PrEffectHelper
instanceKlass com/sun/javafx/geom/transform/AffineBase$1
instanceKlass com/sun/scenario/effect/ImageData$$Lambda$275
instanceKlass com/sun/glass/ui/Size
instanceKlass com/sun/javafx/tk/quantum/CursorUtils$1
instanceKlass com/sun/javafx/tk/quantum/CursorUtils
instanceKlass com/sun/scenario/effect/impl/prism/ps/PPSRenderer$1
instanceKlass Course/Overflow/Global/Customize/ToolTip$$Lambda$274
instanceKlass com/sun/scenario/effect/impl/ImagePool$$Lambda$273
instanceKlass com/sun/scenario/effect/impl/ImagePool
instanceKlass com/sun/scenario/effect/impl/hw/d3d/D3DShaderSource
instanceKlass com/sun/scenario/effect/impl/hw/ShaderSource
instanceKlass com/sun/scenario/effect/FloatMap
instanceKlass com/sun/scenario/effect/ImageData
instanceKlass com/sun/scenario/effect/impl/EffectPeer
instanceKlass com/sun/prism/ResourceFactoryListener
instanceKlass com/sun/prism/d3d/D3DPipeline$1
instanceKlass com/sun/scenario/effect/impl/prism/PrTexture
instanceKlass com/sun/scenario/effect/impl/PoolFilterable
instanceKlass com/sun/scenario/effect/impl/RendererFactory$$Lambda$272
instanceKlass com/sun/scenario/effect/impl/RendererFactory
instanceKlass com/sun/scenario/effect/impl/Renderer$$Lambda$271
instanceKlass com/sun/scenario/effect/impl/Renderer
instanceKlass com/sun/prism/PrinterGraphics
instanceKlass javafx/scene/control/TextArea$StyleableProperties
instanceKlass com/sun/prism/shader/Solid_TextureRGB_Loader
instanceKlass com/sun/prism/impl/ps/BaseShaderContext$1
instanceKlass com/sun/prism/MultiTexture
instanceKlass com/sun/javafx/sg/prism/RegionImageCache$CachedImage
instanceKlass com/sun/prism/impl/packrect/Level
instanceKlass com/sun/prism/impl/packrect/RectanglePacker
instanceKlass Course/Overflow/Global/Components/HeaderController$$Lambda$270
instanceKlass com/sun/prism/impl/BaseResourceFactory$1
instanceKlass com/sun/javafx/sg/prism/RegionImageCache
instanceKlass com/sun/prism/d3d/D3DContext$1
instanceKlass java/nio/DirectByteBuffer$Deallocator
instanceKlass com/sun/prism/shader/FillPgram_Color_Loader
instanceKlass com/sun/prism/d3d/D3DResourceFactory$$Lambda$269
instanceKlass com/sun/javafx/geom/transform/Affine3D$1
instanceKlass com/sun/prism/impl/BaseGraphicsResource
instanceKlass com/sun/prism/impl/ps/BaseShaderGraphics$$Lambda$268
instanceKlass com/sun/prism/impl/Disposer$Target
instanceKlass com/sun/prism/impl/Disposer
instanceKlass com/sun/prism/impl/PrismTrace
instanceKlass com/sun/prism/d3d/D3DResource$D3DRecord
instanceKlass com/sun/prism/impl/Disposer$Record
instanceKlass com/sun/prism/impl/BaseTexture
instanceKlass com/sun/prism/d3d/D3DContextSource
instanceKlass com/sun/prism/ReadbackRenderTarget
instanceKlass com/sun/prism/d3d/D3DRenderTarget
